{
"c:\\git\\widgets\\utmocha\\dist\\tests\\tests.js":{"path":"c:\\git\\widgets\\utmocha\\dist\\tests\\tests.js","s":{"1":1,"2":1,"3":65,"4":42,"5":0,"6":0,"7":0,"8":0,"9":0,"10":0,"11":0,"12":42,"13":42,"14":64,"15":64,"16":65,"17":1,"18":1,"19":1,"20":1,"21":1,"22":1,"23":1,"24":1,"25":1,"26":1,"27":1,"28":1,"29":1,"30":1,"31":1,"32":1,"33":1,"34":1,"35":1,"36":0,"37":1,"38":1,"39":1,"40":0,"41":0,"42":0,"43":0,"44":0,"45":0,"46":0,"47":0,"48":0,"49":1,"50":0,"51":0,"52":0,"53":0,"54":0,"55":0,"56":0,"57":1,"58":1,"59":0,"60":0,"61":1,"62":0,"63":0,"64":0,"65":0,"66":0,"67":0,"68":0,"69":1,"70":0,"71":1,"72":1,"73":1,"74":1,"75":0,"76":1,"77":0,"78":0,"79":1,"80":0,"81":0,"82":0,"83":0,"84":0,"85":0,"86":1,"87":0,"88":1,"89":0,"90":0,"91":0,"92":0,"93":0,"94":0,"95":1,"96":0,"97":1,"98":0,"99":1,"100":0,"101":0,"102":0,"103":0,"104":0,"105":0,"106":0,"107":0,"108":1,"109":0,"110":0,"111":0,"112":0,"113":0,"114":1,"115":0,"116":0,"117":0,"118":0,"119":0,"120":0,"121":0,"122":0,"123":0,"124":0,"125":0,"126":0,"127":0,"128":0,"129":0,"130":1,"131":0,"132":0,"133":0,"134":0,"135":0,"136":0,"137":0,"138":0,"139":0,"140":0,"141":0,"142":0,"143":0,"144":0,"145":0,"146":1,"147":0,"148":0,"149":0,"150":1,"151":0,"152":0,"153":0,"154":1,"155":0,"156":1,"157":0,"158":0,"159":0,"160":0,"161":0,"162":0,"163":0,"164":0,"165":0,"166":0,"167":0,"168":0,"169":0,"170":0,"171":0,"172":0,"173":1,"174":0,"175":0,"176":0,"177":1,"178":0,"179":0,"180":0,"181":0,"182":0,"183":0,"184":0,"185":0,"186":0,"187":0,"188":0,"189":0,"190":0,"191":0,"192":0,"193":0,"194":0,"195":0,"196":1,"197":0,"198":0,"199":0,"200":0,"201":0,"202":0,"203":0,"204":0,"205":0,"206":0,"207":0,"208":0,"209":0,"210":0,"211":0,"212":0,"213":0,"214":0,"215":0,"216":0,"217":0,"218":1,"219":1,"220":0,"221":0,"222":0,"223":0,"224":0,"225":0,"226":0,"227":0,"228":0,"229":0,"230":0,"231":0,"232":0,"233":0,"234":0,"235":0,"236":0,"237":0,"238":0,"239":0,"240":0,"241":0,"242":0,"243":0,"244":0,"245":0,"246":0,"247":1,"248":1,"249":0,"250":0,"251":0,"252":1,"253":0,"254":0,"255":0,"256":0,"257":0,"258":0,"259":1,"260":0,"261":0,"262":0,"263":0,"264":0,"265":0,"266":0,"267":1,"268":0,"269":0,"270":0,"271":0,"272":0,"273":0,"274":1,"275":0,"276":0,"277":0,"278":0,"279":0,"280":1,"281":0,"282":0,"283":0,"284":0,"285":0,"286":0,"287":0,"288":1,"289":0,"290":0,"291":0,"292":0,"293":0,"294":0,"295":0,"296":0,"297":0,"298":0,"299":0,"300":0,"301":0,"302":0,"303":0,"304":0,"305":0,"306":0,"307":0,"308":0,"309":0,"310":0,"311":0,"312":0,"313":0,"314":0,"315":0,"316":0,"317":0,"318":0,"319":0,"320":0,"321":0,"322":0,"323":0,"324":0,"325":0,"326":0,"327":0,"328":1,"329":0,"330":0,"331":0,"332":0,"333":0,"334":0,"335":0,"336":0,"337":0,"338":0,"339":0,"340":0,"341":1,"342":0,"343":0,"344":0,"345":0,"346":0,"347":0,"348":0,"349":0,"350":0,"351":0,"352":0,"353":0,"354":0,"355":0,"356":1,"357":0,"358":0,"359":0,"360":0,"361":0,"362":0,"363":0,"364":0,"365":0,"366":0,"367":0,"368":0,"369":0,"370":0,"371":0,"372":0,"373":0,"374":0,"375":0,"376":0,"377":0,"378":0,"379":0,"380":0,"381":0,"382":1,"383":0,"384":1,"385":0,"386":0,"387":0,"388":0,"389":0,"390":0,"391":0,"392":0,"393":0,"394":0,"395":0,"396":0,"397":0,"398":0,"399":0,"400":0,"401":0,"402":0,"403":1,"404":0,"405":1,"406":0,"407":1,"408":0,"409":1,"410":0,"411":1,"412":0,"413":1,"414":0,"415":0,"416":0,"417":0,"418":0,"419":0,"420":0,"421":0,"422":0,"423":0,"424":0,"425":0,"426":0,"427":0,"428":0,"429":0,"430":0,"431":0,"432":0,"433":0,"434":0,"435":0,"436":0,"437":0,"438":0,"439":0,"440":0,"441":0,"442":0,"443":0,"444":0,"445":0,"446":0,"447":0,"448":0,"449":0,"450":0,"451":1,"452":0,"453":1,"454":0,"455":0,"456":0,"457":1,"458":0,"459":0,"460":0,"461":0,"462":0,"463":0,"464":0,"465":0,"466":0,"467":0,"468":0,"469":0,"470":0,"471":0,"472":0,"473":0,"474":0,"475":0,"476":0,"477":0,"478":0,"479":0,"480":0,"481":0,"482":0,"483":0,"484":0,"485":0,"486":0,"487":0,"488":0,"489":0,"490":0,"491":0,"492":0,"493":0,"494":0,"495":0,"496":0,"497":0,"498":0,"499":0,"500":0,"501":1,"502":1,"503":0,"504":0,"505":0,"506":0,"507":0,"508":0,"509":0,"510":0,"511":1,"512":0,"513":0,"514":0,"515":0,"516":0,"517":1,"518":0,"519":0,"520":0,"521":0,"522":0,"523":1,"524":0,"525":0,"526":0,"527":0,"528":0,"529":0,"530":0,"531":0,"532":0,"533":1,"534":0,"535":0,"536":0,"537":0,"538":0,"539":1,"540":0,"541":0,"542":0,"543":0,"544":0,"545":0,"546":0,"547":0,"548":0,"549":0,"550":0,"551":0,"552":0,"553":0,"554":0,"555":0,"556":0,"557":0,"558":0,"559":0,"560":0,"561":0,"562":0,"563":0,"564":0,"565":0,"566":1,"567":0,"568":0,"569":0,"570":0,"571":1,"572":0,"573":0,"574":0,"575":0,"576":0,"577":0,"578":0,"579":0,"580":0,"581":0,"582":1,"583":0,"584":0,"585":0,"586":0,"587":0,"588":0,"589":0,"590":0,"591":0,"592":1,"593":0,"594":0,"595":0,"596":1,"597":0,"598":0,"599":0,"600":1,"601":0,"602":0,"603":0,"604":1,"605":0,"606":0,"607":0,"608":1,"609":0,"610":0,"611":0,"612":1,"613":0,"614":0,"615":0,"616":0,"617":0,"618":0,"619":0,"620":0,"621":0,"622":0,"623":0,"624":0,"625":0,"626":1,"627":0,"628":0,"629":0,"630":0,"631":0,"632":0,"633":0,"634":0,"635":0,"636":0,"637":0,"638":0,"639":0,"640":1,"641":0,"642":0,"643":0,"644":0,"645":0,"646":1,"647":0,"648":0,"649":0,"650":0,"651":1,"652":0,"653":0,"654":0,"655":0,"656":1,"657":0,"658":0,"659":0,"660":1,"661":0,"662":0,"663":0,"664":1,"665":0,"666":0,"667":0,"668":1,"669":0,"670":0,"671":0,"672":1,"673":0,"674":0,"675":0,"676":1,"677":0,"678":0,"679":0,"680":1,"681":0,"682":0,"683":0,"684":0,"685":0,"686":0,"687":1,"688":0,"689":0,"690":0,"691":0,"692":0,"693":0,"694":0,"695":0,"696":0,"697":0,"698":0,"699":0,"700":1,"701":0,"702":0,"703":0,"704":0,"705":0,"706":0,"707":0,"708":0,"709":0,"710":0,"711":0,"712":0,"713":1,"714":0,"715":0,"716":0,"717":0,"718":0,"719":0,"720":0,"721":0,"722":1,"723":0,"724":0,"725":0,"726":0,"727":1,"728":0,"729":0,"730":0,"731":0,"732":0,"733":0,"734":0,"735":0,"736":0,"737":1,"738":0,"739":0,"740":0,"741":0,"742":0,"743":0,"744":0,"745":0,"746":0,"747":1,"748":0,"749":0,"750":0,"751":0,"752":1,"753":0,"754":0,"755":0,"756":0,"757":0,"758":0,"759":0,"760":0,"761":0,"762":0,"763":0,"764":1,"765":0,"766":0,"767":0,"768":0,"769":0,"770":0,"771":0,"772":0,"773":0,"774":0,"775":0,"776":1,"777":0,"778":0,"779":0,"780":0,"781":0,"782":0,"783":0,"784":0,"785":0,"786":0,"787":0,"788":0,"789":0,"790":0,"791":1,"792":0,"793":0,"794":0,"795":0,"796":0,"797":0,"798":0,"799":0,"800":0,"801":0,"802":0,"803":0,"804":0,"805":0,"806":1,"807":0,"808":0,"809":0,"810":0,"811":0,"812":0,"813":0,"814":0,"815":0,"816":0,"817":1,"818":0,"819":0,"820":0,"821":0,"822":0,"823":0,"824":0,"825":0,"826":0,"827":1,"828":0,"829":0,"830":0,"831":0,"832":0,"833":0,"834":0,"835":0,"836":0,"837":1,"838":0,"839":0,"840":0,"841":0,"842":0,"843":0,"844":0,"845":0,"846":0,"847":0,"848":0,"849":1,"850":0,"851":0,"852":0,"853":0,"854":0,"855":0,"856":0,"857":0,"858":0,"859":0,"860":0,"861":0,"862":0,"863":1,"864":0,"865":0,"866":0,"867":0,"868":1,"869":0,"870":0,"871":0,"872":0,"873":1,"874":0,"875":1,"876":0,"877":1,"878":0,"879":0,"880":0,"881":0,"882":1,"883":0,"884":1,"885":0,"886":1,"887":0,"888":0,"889":0,"890":0,"891":0,"892":0,"893":0,"894":0,"895":0,"896":0,"897":0,"898":0,"899":0,"900":0,"901":0,"902":0,"903":0,"904":0,"905":0,"906":0,"907":0,"908":0,"909":0,"910":0,"911":0,"912":0,"913":0,"914":0,"915":0,"916":0,"917":0,"918":0,"919":0,"920":0,"921":1,"922":0,"923":0,"924":0,"925":0,"926":0,"927":0,"928":0,"929":0,"930":0,"931":0,"932":0,"933":0,"934":0,"935":0,"936":0,"937":0,"938":0,"939":0,"940":0,"941":0,"942":0,"943":0,"944":0,"945":0,"946":0,"947":0,"948":0,"949":0,"950":0,"951":0,"952":0,"953":0,"954":0,"955":0,"956":0,"957":1,"958":1,"959":0,"960":0,"961":0,"962":0,"963":0,"964":0,"965":1,"966":0,"967":0,"968":0,"969":1,"970":0,"971":0,"972":0,"973":1,"974":0,"975":0,"976":0,"977":0,"978":0,"979":0,"980":0,"981":0,"982":0,"983":0,"984":0,"985":0,"986":0,"987":0,"988":0,"989":0,"990":0,"991":0,"992":0,"993":0,"994":0,"995":0,"996":0,"997":0,"998":0,"999":0,"1000":0,"1001":0,"1002":0,"1003":0,"1004":0,"1005":0,"1006":0,"1007":0,"1008":0,"1009":0,"1010":0,"1011":0,"1012":0,"1013":0,"1014":0,"1015":0,"1016":0,"1017":0,"1018":0,"1019":0,"1020":0,"1021":1,"1022":0,"1023":0,"1024":0,"1025":0,"1026":1,"1027":0,"1028":0,"1029":0,"1030":0,"1031":0,"1032":0,"1033":0,"1034":0,"1035":0,"1036":0,"1037":0,"1038":1,"1039":0,"1040":1,"1041":0,"1042":0,"1043":0,"1044":0,"1045":0,"1046":1,"1047":0,"1048":1,"1049":1,"1050":1,"1051":1,"1052":1,"1053":1,"1054":1,"1055":1,"1056":64,"1057":64,"1058":1,"1059":1,"1060":1,"1061":1,"1062":0,"1063":0,"1064":0,"1065":0,"1066":0,"1067":0,"1068":0,"1069":0,"1070":0,"1071":0,"1072":0,"1073":0,"1074":0,"1075":0,"1076":0,"1077":0,"1078":0,"1079":0,"1080":0,"1081":0,"1082":0,"1083":1,"1084":0,"1085":1,"1086":0,"1087":0,"1088":0,"1089":0,"1090":0,"1091":0,"1092":1,"1093":0,"1094":0,"1095":0,"1096":0,"1097":0,"1098":0,"1099":0,"1100":0,"1101":0,"1102":0,"1103":0,"1104":0,"1105":0,"1106":0,"1107":0,"1108":0,"1109":0,"1110":0,"1111":0,"1112":0,"1113":0,"1114":1,"1115":0,"1116":0,"1117":0,"1118":0,"1119":0,"1120":0,"1121":0,"1122":0,"1123":0,"1124":0,"1125":0,"1126":0,"1127":0,"1128":0,"1129":0,"1130":0,"1131":0,"1132":0,"1133":0,"1134":0,"1135":0,"1136":0,"1137":0,"1138":0,"1139":1,"1140":0,"1141":0,"1142":0,"1143":0,"1144":0,"1145":0,"1146":0,"1147":0,"1148":0,"1149":0,"1150":0,"1151":0,"1152":0,"1153":0,"1154":0,"1155":0,"1156":0,"1157":0,"1158":0,"1159":0,"1160":0,"1161":0,"1162":0,"1163":0,"1164":0,"1165":0,"1166":0,"1167":0,"1168":0,"1169":0,"1170":0,"1171":0,"1172":0,"1173":0,"1174":0,"1175":1,"1176":1,"1177":0,"1178":1,"1179":1,"1180":1,"1181":1,"1182":1,"1183":1,"1184":5,"1185":5,"1186":5,"1187":5,"1188":1,"1189":1,"1190":1,"1191":1,"1192":1,"1193":1,"1194":1,"1195":1,"1196":1,"1197":1,"1198":1,"1199":1,"1200":1,"1201":1,"1202":1,"1203":1,"1204":1,"1205":1,"1206":2,"1207":2,"1208":2,"1209":1,"1210":0,"1211":0,"1212":0,"1213":0,"1214":1,"1215":0,"1216":0,"1217":0,"1218":0,"1219":1,"1220":31,"1221":1,"1222":40,"1223":1,"1224":13,"1225":1,"1226":0,"1227":1,"1228":0,"1229":1,"1230":0,"1231":1,"1232":2,"1233":2,"1234":2,"1235":2,"1236":0,"1237":2,"1238":0,"1239":0,"1240":1,"1241":0,"1242":0,"1243":1,"1244":1,"1245":1,"1246":1,"1247":13,"1248":4,"1249":1,"1250":0,"1251":1,"1252":0,"1253":1,"1254":0,"1255":0,"1256":1,"1257":0,"1258":0,"1259":1,"1260":2,"1261":0,"1262":2,"1263":2,"1264":2,"1265":1,"1266":1,"1267":1,"1268":0,"1269":1,"1270":0,"1271":0,"1272":0,"1273":0,"1274":0,"1275":0,"1276":0,"1277":0,"1278":0,"1279":0,"1280":0,"1281":0,"1282":0,"1283":0,"1284":0,"1285":0,"1286":0,"1287":0,"1288":0,"1289":0,"1290":0,"1291":1,"1292":1,"1293":1,"1294":1,"1295":1,"1296":0,"1297":1,"1298":0,"1299":1,"1300":0,"1301":1,"1302":0,"1303":1,"1304":0,"1305":1,"1306":0,"1307":1,"1308":0,"1309":1,"1310":0,"1311":0,"1312":0,"1313":0,"1314":0,"1315":0,"1316":1,"1317":0,"1318":0,"1319":1,"1320":1,"1321":1,"1322":0,"1323":0,"1324":0,"1325":0,"1326":0,"1327":0,"1328":1,"1329":1,"1330":1,"1331":1,"1332":0,"1333":0,"1334":0,"1335":1,"1336":1,"1337":1,"1338":0,"1339":0,"1340":0,"1341":0,"1342":0,"1343":0,"1344":0,"1345":0,"1346":1,"1347":1,"1348":1,"1349":1,"1350":0,"1351":0,"1352":0,"1353":0,"1354":0,"1355":0,"1356":0,"1357":0,"1358":1,"1359":1,"1360":1,"1361":0,"1362":0,"1363":0,"1364":0,"1365":0,"1366":0,"1367":0,"1368":0,"1369":1,"1370":1,"1371":1,"1372":1,"1373":0,"1374":0,"1375":0,"1376":0,"1377":0,"1378":0,"1379":0,"1380":0,"1381":1,"1382":1,"1383":1,"1384":0,"1385":0,"1386":0,"1387":0,"1388":0,"1389":0,"1390":0,"1391":0,"1392":1,"1393":0,"1394":0,"1395":0,"1396":0,"1397":1,"1398":1,"1399":1,"1400":0,"1401":0,"1402":0,"1403":0,"1404":0,"1405":0,"1406":0,"1407":0,"1408":0,"1409":0,"1410":0,"1411":1,"1412":0,"1413":0,"1414":0,"1415":0,"1416":1,"1417":1,"1418":1,"1419":0,"1420":0,"1421":0,"1422":0,"1423":0,"1424":0,"1425":0,"1426":0,"1427":0,"1428":0,"1429":0,"1430":1,"1431":1,"1432":1,"1433":0,"1434":1,"1435":0,"1436":0,"1437":0,"1438":0,"1439":0,"1440":0,"1441":1,"1442":1,"1443":1,"1444":0,"1445":0,"1446":0,"1447":0,"1448":1,"1449":1,"1450":1,"1451":0,"1452":0,"1453":0,"1454":0,"1455":0,"1456":1,"1457":0,"1458":0,"1459":0,"1460":0,"1461":0,"1462":0,"1463":0,"1464":0,"1465":0,"1466":0,"1467":0,"1468":0,"1469":0,"1470":0,"1471":0,"1472":0,"1473":0,"1474":0,"1475":0,"1476":0,"1477":0,"1478":0,"1479":0,"1480":0,"1481":0,"1482":0,"1483":0,"1484":0,"1485":0,"1486":0,"1487":0,"1488":0,"1489":0,"1490":0,"1491":0,"1492":0,"1493":1,"1494":1,"1495":1,"1496":0,"1497":0,"1498":0,"1499":0,"1500":0,"1501":0,"1502":0,"1503":0,"1504":0,"1505":0,"1506":0,"1507":0,"1508":0,"1509":0,"1510":0,"1511":0,"1512":0,"1513":0,"1514":0,"1515":0,"1516":0,"1517":0,"1518":0,"1519":0,"1520":0,"1521":0,"1522":0,"1523":0,"1524":0,"1525":0,"1526":0,"1527":0,"1528":0,"1529":0,"1530":0,"1531":0,"1532":0,"1533":0,"1534":0,"1535":0,"1536":0,"1537":0,"1538":0,"1539":0,"1540":0,"1541":0,"1542":0,"1543":1,"1544":1,"1545":1,"1546":1,"1547":0,"1548":0,"1549":0,"1550":0,"1551":1,"1552":1,"1553":1,"1554":0,"1555":1,"1556":0,"1557":0,"1558":0,"1559":0,"1560":0,"1561":1,"1562":1,"1563":1,"1564":0,"1565":0,"1566":0,"1567":0,"1568":0,"1569":0,"1570":0,"1571":1,"1572":1,"1573":1,"1574":0,"1575":0,"1576":0,"1577":0,"1578":0,"1579":1,"1580":0,"1581":0,"1582":0,"1583":0,"1584":0,"1585":0,"1586":0,"1587":0,"1588":0,"1589":1,"1590":0,"1591":0,"1592":0,"1593":0,"1594":0,"1595":1,"1596":1,"1597":0,"1598":0,"1599":0,"1600":0,"1601":0,"1602":0,"1603":0,"1604":0,"1605":1,"1606":1,"1607":1,"1608":0,"1609":0,"1610":0,"1611":0,"1612":0,"1613":0,"1614":0,"1615":0,"1616":1,"1617":1,"1618":1,"1619":0,"1620":0,"1621":0,"1622":0,"1623":0,"1624":0,"1625":0,"1626":0,"1627":1,"1628":1,"1629":1,"1630":0,"1631":0,"1632":0,"1633":0,"1634":0,"1635":0,"1636":0,"1637":0,"1638":1,"1639":0,"1640":0,"1641":0,"1642":0,"1643":0,"1644":0,"1645":0,"1646":0,"1647":1,"1648":0,"1649":0,"1650":0,"1651":0,"1652":0,"1653":0,"1654":0,"1655":0,"1656":1,"1657":1,"1658":1,"1659":0,"1660":0,"1661":1,"1662":0,"1663":0,"1664":1,"1665":0,"1666":1,"1667":0,"1668":1,"1669":0,"1670":0,"1671":1,"1672":0,"1673":0,"1674":1,"1675":0,"1676":1,"1677":0,"1678":1,"1679":0,"1680":1,"1681":0,"1682":1,"1683":0,"1684":1,"1685":0,"1686":1,"1687":0,"1688":1,"1689":0,"1690":1,"1691":0,"1692":1,"1693":0,"1694":1,"1695":0,"1696":1,"1697":0,"1698":1,"1699":0,"1700":1,"1701":0,"1702":1,"1703":0,"1704":1,"1705":0,"1706":1,"1707":0,"1708":1,"1709":0,"1710":1,"1711":2,"1712":1,"1713":0,"1714":1,"1715":0,"1716":1,"1717":0,"1718":1,"1719":0,"1720":1,"1721":0,"1722":1,"1723":0,"1724":1,"1725":0,"1726":1,"1727":0,"1728":1,"1729":0,"1730":1,"1731":0,"1732":1,"1733":0,"1734":1,"1735":0,"1736":1,"1737":0,"1738":1,"1739":0,"1740":1,"1741":0,"1742":1,"1743":0,"1744":1,"1745":0,"1746":1,"1747":0,"1748":1,"1749":0,"1750":1,"1751":0,"1752":1,"1753":0,"1754":1,"1755":0,"1756":1,"1757":0,"1758":1,"1759":0,"1760":1,"1761":0,"1762":1,"1763":0,"1764":1,"1765":0,"1766":1,"1767":0,"1768":1,"1769":0,"1770":0,"1771":0,"1772":0,"1773":0,"1774":1,"1775":0,"1776":0,"1777":0,"1778":0,"1779":1,"1780":0,"1781":0,"1782":0,"1783":0,"1784":0,"1785":0,"1786":0,"1787":0,"1788":0,"1789":0,"1790":0,"1791":0,"1792":0,"1793":0,"1794":0,"1795":0,"1796":0,"1797":0,"1798":0,"1799":0,"1800":0,"1801":1,"1802":0,"1803":1,"1804":0,"1805":1,"1806":0,"1807":1,"1808":0,"1809":1,"1810":0,"1811":1,"1812":0,"1813":1,"1814":0,"1815":1,"1816":0,"1817":1,"1818":0,"1819":1,"1820":0,"1821":1,"1822":0,"1823":1,"1824":0,"1825":1,"1826":0,"1827":1,"1828":0,"1829":0,"1830":1,"1831":0,"1832":1,"1833":0,"1834":1,"1835":0,"1836":1,"1837":0,"1838":1,"1839":0,"1840":1,"1841":0,"1842":1,"1843":10,"1844":10,"1845":1,"1846":1,"1847":0,"1848":1,"1849":0,"1850":0,"1851":1,"1852":1,"1853":1,"1854":1,"1855":0,"1856":0,"1857":0,"1858":1,"1859":0,"1860":0,"1861":0,"1862":0,"1863":0,"1864":0,"1865":0,"1866":0,"1867":0,"1868":0,"1869":0,"1870":0,"1871":0,"1872":0,"1873":0,"1874":0,"1875":0,"1876":0,"1877":0,"1878":0,"1879":0,"1880":0,"1881":1,"1882":1,"1883":1,"1884":1,"1885":1,"1886":1,"1887":1,"1888":1,"1889":1,"1890":13,"1891":8,"1892":13,"1893":13,"1894":1,"1895":13,"1896":13,"1897":2,"1898":2,"1899":2,"1900":2,"1901":2,"1902":2,"1903":2,"1904":2,"1905":2,"1906":2,"1907":2,"1908":0,"1909":0,"1910":0,"1911":0,"1912":0,"1913":2,"1914":2,"1915":1,"1916":1,"1917":1,"1918":40,"1919":0,"1920":0,"1921":0,"1922":0,"1923":0,"1924":1,"1925":1,"1926":1,"1927":31,"1928":4,"1929":4,"1930":4,"1931":4,"1932":4,"1933":1,"1934":1,"1935":1,"1936":1,"1937":0,"1938":0,"1939":0,"1940":0,"1941":0,"1942":0,"1943":0,"1944":0,"1945":0,"1946":0,"1947":0,"1948":1,"1949":22,"1950":22,"1951":12,"1952":10,"1953":1,"1954":0,"1955":1,"1956":0,"1957":0,"1958":0,"1959":0,"1960":1,"1961":1,"1962":0,"1963":0,"1964":0,"1965":0,"1966":0,"1967":0,"1968":0,"1969":0,"1970":0,"1971":1,"1972":0,"1973":0,"1974":0,"1975":0,"1976":1,"1977":1,"1978":0,"1979":0,"1980":0,"1981":0,"1982":1,"1983":0,"1984":0,"1985":0,"1986":0,"1987":0,"1988":0,"1989":1,"1990":0,"1991":0,"1992":0,"1993":0,"1994":0,"1995":0,"1996":0,"1997":0,"1998":0,"1999":0,"2000":0,"2001":0,"2002":0,"2003":1,"2004":1,"2005":0,"2006":0,"2007":1,"2008":0,"2009":1,"2010":0,"2011":0,"2012":0,"2013":0,"2014":0,"2015":0,"2016":0,"2017":1,"2018":1,"2019":1,"2020":0,"2021":0,"2022":0,"2023":0,"2024":0,"2025":0,"2026":1,"2027":1,"2028":1,"2029":1,"2030":1,"2031":1,"2032":1,"2033":1,"2034":1,"2035":1,"2036":1,"2037":1,"2038":1,"2039":1,"2040":1,"2041":1,"2042":1,"2043":1,"2044":1,"2045":1,"2046":1,"2047":1,"2048":1,"2049":1,"2050":1,"2051":1,"2052":0,"2053":0,"2054":0,"2055":1,"2056":0,"2057":0,"2058":0,"2059":1,"2060":0,"2061":0,"2062":0,"2063":0,"2064":0,"2065":0,"2066":0,"2067":0,"2068":0,"2069":0,"2070":0,"2071":0,"2072":0,"2073":0,"2074":0,"2075":0,"2076":0,"2077":0,"2078":0,"2079":0,"2080":0,"2081":0,"2082":0,"2083":0,"2084":0,"2085":0,"2086":0,"2087":0,"2088":0,"2089":0,"2090":0,"2091":0,"2092":0,"2093":0,"2094":0,"2095":0,"2096":0,"2097":0,"2098":0,"2099":0,"2100":0,"2101":0,"2102":0,"2103":0,"2104":0,"2105":0,"2106":0,"2107":0,"2108":0,"2109":0,"2110":0,"2111":0,"2112":0,"2113":0,"2114":0,"2115":0,"2116":0,"2117":0,"2118":0,"2119":0,"2120":0,"2121":0,"2122":1,"2123":0,"2124":0,"2125":0,"2126":0,"2127":0,"2128":0,"2129":0,"2130":0,"2131":0,"2132":0,"2133":1,"2134":0,"2135":1,"2136":0,"2137":0,"2138":0,"2139":0,"2140":0,"2141":0,"2142":0,"2143":0,"2144":0,"2145":1,"2146":0,"2147":0,"2148":0,"2149":0,"2150":0,"2151":0,"2152":0,"2153":0,"2154":0,"2155":0,"2156":0,"2157":0,"2158":0,"2159":0,"2160":0,"2161":0,"2162":0,"2163":0,"2164":0,"2165":0,"2166":0,"2167":0,"2168":0,"2169":0,"2170":0,"2171":0,"2172":0,"2173":0,"2174":0,"2175":0,"2176":0,"2177":0,"2178":1,"2179":0,"2180":0,"2181":0,"2182":0,"2183":0,"2184":0,"2185":0,"2186":0,"2187":0,"2188":1,"2189":0,"2190":1,"2191":0,"2192":1,"2193":0,"2194":1,"2195":0,"2196":1,"2197":0,"2198":1,"2199":1,"2200":1,"2201":0,"2202":0,"2203":0,"2204":0,"2205":0,"2206":0,"2207":0,"2208":0,"2209":0,"2210":0,"2211":0,"2212":1,"2213":0,"2214":0,"2215":0,"2216":0,"2217":0,"2218":0,"2219":0,"2220":0,"2221":0,"2222":1,"2223":0,"2224":0,"2225":0,"2226":0,"2227":0,"2228":0,"2229":0,"2230":1,"2231":0,"2232":0,"2233":0,"2234":0,"2235":0,"2236":0,"2237":1,"2238":1,"2239":2,"2240":2,"2241":1,"2242":2,"2243":2,"2244":0,"2245":2,"2246":2,"2247":6,"2248":6,"2249":1,"2250":0,"2251":1,"2252":0,"2253":0,"2254":0,"2255":0,"2256":0,"2257":0,"2258":0,"2259":0,"2260":1,"2261":1,"2262":0,"2263":0,"2264":0,"2265":0,"2266":0,"2267":0,"2268":0,"2269":0,"2270":0,"2271":0,"2272":0,"2273":1,"2274":1,"2275":1,"2276":1,"2277":0,"2278":0,"2279":0,"2280":0,"2281":1,"2282":1,"2283":1,"2284":1,"2285":1,"2286":0,"2287":0,"2288":0,"2289":1,"2290":1,"2291":0,"2292":0,"2293":0,"2294":0,"2295":0,"2296":0,"2297":0,"2298":0,"2299":0,"2300":0,"2301":0,"2302":0,"2303":0,"2304":0,"2305":0,"2306":1,"2307":0,"2308":0,"2309":0,"2310":1,"2311":0,"2312":1,"2313":0,"2314":0,"2315":0,"2316":1,"2317":0,"2318":0,"2319":0,"2320":1,"2321":0,"2322":0,"2323":0,"2324":0,"2325":0,"2326":1,"2327":0,"2328":0,"2329":0,"2330":0,"2331":1,"2332":0,"2333":0,"2334":0,"2335":0,"2336":0,"2337":0,"2338":0,"2339":0,"2340":0,"2341":1,"2342":0,"2343":0,"2344":0,"2345":1,"2346":0,"2347":1,"2348":0,"2349":0,"2350":0,"2351":0,"2352":0,"2353":0,"2354":0,"2355":0,"2356":0,"2357":0,"2358":0,"2359":0,"2360":0,"2361":0,"2362":0,"2363":0,"2364":0,"2365":0,"2366":0,"2367":0,"2368":0,"2369":0,"2370":0,"2371":0,"2372":0,"2373":2,"2374":1,"2375":1,"2376":1,"2377":0,"2378":0,"2379":0,"2380":0,"2381":0,"2382":0,"2383":0,"2384":0,"2385":0,"2386":0,"2387":1,"2388":1,"2389":0,"2390":1,"2391":1,"2392":0,"2393":0,"2394":0,"2395":0,"2396":1,"2397":0,"2398":0,"2399":0,"2400":0,"2401":0,"2402":0,"2403":0,"2404":0,"2405":1,"2406":1,"2407":1,"2408":1,"2409":2,"2410":2,"2411":0,"2412":2,"2413":0,"2414":2,"2415":0,"2416":2,"2417":1,"2418":1,"2419":0,"2420":0,"2421":0,"2422":1,"2423":1,"2424":0,"2425":0,"2426":0,"2427":0,"2428":1,"2429":0,"2430":0,"2431":0,"2432":0,"2433":0,"2434":0,"2435":0,"2436":0,"2437":1,"2438":1,"2439":1,"2440":1,"2441":1,"2442":1,"2443":1,"2444":1,"2445":0,"2446":1,"2447":1,"2448":0,"2449":0,"2450":1},"b":{"1":[42,23],"2":[0,42],"3":[0,0],"4":[0,0],"5":[0,0],"6":[0,0],"7":[64,0],"8":[1,1],"9":[0,1],"10":[1,1,1],"11":[1,0],"12":[0,0],"13":[0,0],"14":[0,0],"15":[0,0],"16":[0,0],"17":[0,0],"18":[0,0],"19":[0,0],"20":[0,0],"21":[0,0],"22":[0,0],"23":[1,0],"24":[0,1],"25":[1,1,0],"26":[0,0],"27":[0,0],"28":[0,0],"29":[0,0],"30":[0,0],"31":[0,0],"32":[0,0],"33":[0,0],"34":[0,0],"35":[0,0],"36":[0,0],"37":[0,0],"38":[0,0],"39":[0,0],"40":[0,0],"41":[0,0],"42":[0,0],"43":[0,0],"44":[0,0],"45":[0,0],"46":[0,0],"47":[0,0,0],"48":[0,0],"49":[0,0],"50":[0,0],"51":[0,0],"52":[0,0],"53":[0,0],"54":[0,0],"55":[0,0],"56":[0,0],"57":[0,0],"58":[0,0],"59":[0,0],"60":[0,0],"61":[0,0,0,0,0,0,0,0,0,0,0,0],"62":[0,0],"63":[0,0],"64":[0,0],"65":[0,0],"66":[0,0],"67":[0,0],"68":[0,0,0,0],"69":[0,0],"70":[0,0],"71":[0,0,0,0,0,0,0,0,0,0,0,0,0,0],"72":[0,0],"73":[0,0],"74":[0,0],"75":[0,0],"76":[0,0],"77":[0,0],"78":[0,0],"79":[0,0],"80":[0,0],"81":[0,0,0,0,0,0,0,0,0,0,0],"82":[0,0],"83":[0,0],"84":[0,0],"85":[0,0],"86":[0,0],"87":[0,0],"88":[0,0],"89":[0,0],"90":[0,0],"91":[0,0],"92":[0,0],"93":[0,0],"94":[0,0],"95":[0,0],"96":[0,0],"97":[0,0],"98":[0,0,0,0],"99":[0,0],"100":[0,0],"101":[0,0],"102":[0,0],"103":[0,0],"104":[0,0],"105":[0,0],"106":[0,0],"107":[0,0],"108":[0,0],"109":[0,0,0,0],"110":[0,0],"111":[0,0],"112":[0,0],"113":[0,0],"114":[0,0],"115":[0,0],"116":[0,0],"117":[0,0],"118":[0,0],"119":[0,0],"120":[0,0],"121":[0,0],"122":[0,0],"123":[0,0],"124":[0,0],"125":[0,0],"126":[0,0],"127":[0,0],"128":[0,0],"129":[0,0],"130":[0,0],"131":[0,0],"132":[0,0],"133":[0,0],"134":[0,0],"135":[0,0],"136":[0,0],"137":[0,0],"138":[0,0],"139":[0,0],"140":[0,0],"141":[0,0],"142":[0,0],"143":[0,0],"144":[0,0],"145":[0,0,0,0],"146":[0,0],"147":[0,0,0,0,0,0,0,0,0,0,0],"148":[0,0],"149":[0,0],"150":[0,0],"151":[0,0],"152":[0,0],"153":[0,0],"154":[0,0],"155":[0,0],"156":[0,0,0,0],"157":[0,0],"158":[0,0],"159":[0,0],"160":[0,0],"161":[0,0],"162":[0,0],"163":[0,0,0],"164":[0,0],"165":[0,0,0],"166":[0,0],"167":[0,0],"168":[0,0],"169":[0,0],"170":[0,0],"171":[0,0],"172":[0,0],"173":[0,0],"174":[0,0,0],"175":[0,0],"176":[0,0],"177":[0,0],"178":[0,0],"179":[0,0],"180":[0,0],"181":[0,0],"182":[0,0],"183":[0,0],"184":[0,0],"185":[0,0],"186":[0,0],"187":[0,0],"188":[0,0],"189":[0,0],"190":[0,0],"191":[0,0],"192":[0,0],"193":[0,0],"194":[0,0],"195":[0,0],"196":[0,0],"197":[0,0],"198":[0,0],"199":[0,0],"200":[0,0],"201":[0,0],"202":[0,0],"203":[0,0],"204":[0,0],"205":[0,0],"206":[0,0],"207":[0,0],"208":[0,0],"209":[0,0],"210":[0,0],"211":[0,0],"212":[0,0],"213":[0,0],"214":[0,0],"215":[0,0],"216":[0,0],"217":[0,0],"218":[0,0],"219":[0,0],"220":[0,0],"221":[0,0],"222":[0,0],"223":[0,0],"224":[0,0],"225":[0,0],"226":[0,0],"227":[0,0],"228":[0,0],"229":[0,0],"230":[0,0],"231":[0,0],"232":[0,0],"233":[0,0],"234":[0,0],"235":[0,0],"236":[0,0],"237":[0,0],"238":[0,0],"239":[0,0],"240":[0,0,0],"241":[0,0],"242":[0,0],"243":[0,0],"244":[0,0,0],"245":[0,0],"246":[0,0],"247":[0,0],"248":[0,0],"249":[0,0],"250":[0,0],"251":[0,0],"252":[0,0],"253":[0,0],"254":[0,0],"255":[0,0],"256":[0,0],"257":[0,0],"258":[0,0],"259":[0,0],"260":[0,0],"261":[0,0],"262":[0,0],"263":[0,0],"264":[0,0],"265":[0,0],"266":[0,0],"267":[0,0],"268":[0,0],"269":[0,0],"270":[0,0],"271":[0,0],"272":[0,0],"273":[0,0],"274":[0,0],"275":[0,0],"276":[0,0],"277":[0,0],"278":[0,0,0],"279":[0,0],"280":[0,0],"281":[0,0],"282":[0,0],"283":[0,0],"284":[0,0],"285":[0,0],"286":[0,0],"287":[0,0],"288":[0,0],"289":[0,0],"290":[0,0],"291":[0,0],"292":[0,0,0],"293":[0,0],"294":[0,0],"295":[0,0],"296":[0,0],"297":[0,0],"298":[0,0],"299":[0,0],"300":[0,0],"301":[0,0],"302":[0,0],"303":[0,0],"304":[0,0],"305":[0,0],"306":[0,0],"307":[0,0],"308":[0,0],"309":[0,0],"310":[0,0],"311":[0,0],"312":[0,0],"313":[0,0],"314":[0,0],"315":[0,0],"316":[0,0],"317":[0,0],"318":[0,0],"319":[0,0],"320":[0,0],"321":[0,0],"322":[0,0],"323":[0,0],"324":[1,0],"325":[0,0],"326":[0,0],"327":[1,0],"328":[0,0],"329":[0,0],"330":[0,0],"331":[0,0],"332":[0,0],"333":[0,0],"334":[0,0],"335":[0,0],"336":[0,0],"337":[0,0],"338":[0,0],"339":[0,0],"340":[0,0],"341":[0,0],"342":[0,0],"343":[0,0],"344":[0,0],"345":[0,0],"346":[0,0],"347":[0,0],"348":[0,0,0],"349":[0,0],"350":[0,0],"351":[0,0],"352":[0,0],"353":[0,0],"354":[0,0],"355":[0,0],"356":[0,0],"357":[1,0],"358":[5,0],"359":[2,2],"360":[2,0],"361":[0,2],"362":[0,2],"363":[0,0],"364":[0,2],"365":[0,2],"366":[0,0],"367":[0,0],"368":[0,0],"369":[0,0],"370":[0,0],"371":[0,0],"372":[0,0],"373":[0,0],"374":[0,0],"375":[0,0],"376":[0,0],"377":[0,0],"378":[0,0],"379":[0,0],"380":[0,0],"381":[0,0],"382":[0,0],"383":[0,0],"384":[0,0],"385":[0,0],"386":[0,0],"387":[0,0],"388":[0,0],"389":[0,0],"390":[0,0],"391":[0,0],"392":[0,0],"393":[0,0],"394":[0,0],"395":[0,0],"396":[0,0],"397":[0,0],"398":[0,0],"399":[0,0],"400":[0,0],"401":[0,0],"402":[0,0],"403":[0,0],"404":[0,0],"405":[0,0],"406":[0,0],"407":[0,0],"408":[0,0],"409":[0,0],"410":[0,0],"411":[0,0],"412":[0,0,0],"413":[0,0],"414":[0,0],"415":[0,0],"416":[0,0],"417":[0,0],"418":[0,0],"419":[0,0],"420":[0,0],"421":[0,0],"422":[0,0],"423":[0,0],"424":[0,0],"425":[0,0],"426":[0,0],"427":[0,0],"428":[0,0],"429":[0,0],"430":[0,0],"431":[0,0,0],"432":[0,0],"433":[0,0],"434":[0,0],"435":[0,0],"436":[0,0,0],"437":[0,0],"438":[0,0],"439":[0,0],"440":[0,0],"441":[0,0],"442":[0,0],"443":[0,0],"444":[0,0],"445":[0,0],"446":[0,0],"447":[0,0,0],"448":[0,0],"449":[0,0,0],"450":[0,0],"451":[0,0],"452":[0,0],"453":[0,0],"454":[0,0],"455":[0,0],"456":[0,0],"457":[0,0],"458":[0,0],"459":[0,0],"460":[0,0],"461":[0,0],"462":[0,0],"463":[0,0],"464":[0,0],"465":[0,0],"466":[0,0],"467":[0,0],"468":[0,0],"469":[0,0],"470":[0,0],"471":[0,0],"472":[0,0],"473":[0,0],"474":[0,0],"475":[0,0],"476":[0,0],"477":[0,0],"478":[0,0],"479":[0,0,0,0,0,0,0,0,0],"480":[0,0],"481":[0,0],"482":[0,0],"483":[0,0,0],"484":[0,0],"485":[8,5],"486":[1,12],"487":[2,0],"488":[2,2],"489":[2,0],"490":[2,0],"491":[0,0],"492":[0,0],"493":[0,0],"494":[0,0],"495":[4,0],"496":[4,4],"497":[0,4],"498":[0,0],"499":[0,0],"500":[0,0],"501":[0,0],"502":[22,2],"503":[12,10],"504":[0,0],"505":[0,0],"506":[0,0],"507":[0,0],"508":[0,0],"509":[0,0],"510":[0,0],"511":[0,0],"512":[0,0],"513":[0,0],"514":[0,0],"515":[0,0],"516":[0,0],"517":[0,0],"518":[0,0],"519":[0,0],"520":[0,0],"521":[0,0],"522":[0,0],"523":[0,0],"524":[0,0],"525":[0,0],"526":[0,0],"527":[0,0,0,0],"528":[0,0],"529":[0,0,0,0],"530":[0,0],"531":[0,0],"532":[0,0],"533":[0,0],"534":[0,0],"535":[0,0],"536":[0,0],"537":[0,0],"538":[0,0,0,0,0,0,0],"539":[0,0],"540":[0,0],"541":[0,0],"542":[0,0],"543":[0,0],"544":[0,0],"545":[0,0],"546":[0,0],"547":[0,0],"548":[0,0],"549":[0,0],"550":[0,0],"551":[0,0,0],"552":[0,0],"553":[0,0],"554":[0,0],"555":[0,0,0,0],"556":[0,0],"557":[0,0],"558":[0,0],"559":[0,0],"560":[0,0],"561":[0,0],"562":[0,0],"563":[0,0],"564":[0,0],"565":[0,0],"566":[0,0],"567":[0,0],"568":[0,0],"569":[0,0],"570":[0,0],"571":[0,0],"572":[0,0],"573":[0,0],"574":[0,0],"575":[0,0],"576":[0,0],"577":[0,0],"578":[0,0,0],"579":[0,0],"580":[0,0],"581":[0,0],"582":[0,0],"583":[0,0],"584":[0,0],"585":[0,0],"586":[0,0],"587":[0,0],"588":[0,0],"589":[0,0],"590":[0,0],"591":[0,0],"592":[0,0],"593":[0,0],"594":[0,0],"595":[0,0],"596":[0,0],"597":[0,0],"598":[0,2],"599":[2,0],"600":[0,2],"601":[0,2],"602":[6,0],"603":[6,0,0,0],"604":[0,0],"605":[0,0],"606":[0,0],"607":[0,0],"608":[0,0],"609":[0,0],"610":[0,0],"611":[0,0],"612":[0,0],"613":[0,0],"614":[0,0],"615":[0,0],"616":[0,0],"617":[0,0],"618":[0,0],"619":[0,0,0,0],"620":[0,0],"621":[0,0],"622":[0,0],"623":[0,0],"624":[0,0],"625":[0,0],"626":[0,0],"627":[0,0],"628":[0,0],"629":[0,0],"630":[0,0],"631":[0,0],"632":[0,0],"633":[0,0],"634":[0,0],"635":[0,0,0,0],"636":[0,0],"637":[0,0],"638":[0,0],"639":[0,0],"640":[0,0],"641":[0,0],"642":[0,0],"643":[0,0],"644":[0,0],"645":[0,0],"646":[0,0],"647":[0,0],"648":[0,2],"649":[2,2],"650":[0,2],"651":[0,2],"652":[0,0],"653":[0,0],"654":[0,0],"655":[0,0],"656":[0,0],"657":[0,0],"658":[0,0]},"f":{"1":1,"2":65,"3":64,"4":1,"5":1,"6":1,"7":1,"8":1,"9":0,"10":0,"11":0,"12":0,"13":0,"14":0,"15":0,"16":0,"17":0,"18":0,"19":0,"20":0,"21":0,"22":0,"23":0,"24":0,"25":0,"26":0,"27":0,"28":0,"29":0,"30":0,"31":0,"32":0,"33":0,"34":0,"35":0,"36":0,"37":0,"38":0,"39":0,"40":0,"41":0,"42":0,"43":0,"44":0,"45":0,"46":0,"47":0,"48":0,"49":0,"50":0,"51":0,"52":0,"53":0,"54":0,"55":0,"56":0,"57":0,"58":0,"59":0,"60":0,"61":0,"62":0,"63":0,"64":0,"65":0,"66":0,"67":0,"68":0,"69":0,"70":0,"71":0,"72":0,"73":0,"74":0,"75":0,"76":0,"77":0,"78":0,"79":0,"80":0,"81":0,"82":0,"83":0,"84":0,"85":0,"86":0,"87":0,"88":0,"89":0,"90":0,"91":0,"92":0,"93":0,"94":0,"95":0,"96":0,"97":0,"98":0,"99":0,"100":0,"101":0,"102":0,"103":0,"104":0,"105":0,"106":0,"107":0,"108":0,"109":0,"110":0,"111":0,"112":0,"113":1,"114":1,"115":0,"116":0,"117":0,"118":0,"119":1,"120":0,"121":0,"122":1,"123":0,"124":1,"125":1,"126":5,"127":1,"128":1,"129":2,"130":0,"131":0,"132":0,"133":0,"134":31,"135":40,"136":13,"137":0,"138":0,"139":0,"140":2,"141":0,"142":0,"143":1,"144":1,"145":1,"146":13,"147":4,"148":0,"149":0,"150":0,"151":0,"152":2,"153":0,"154":0,"155":0,"156":0,"157":0,"158":0,"159":0,"160":0,"161":0,"162":0,"163":0,"164":0,"165":0,"166":0,"167":0,"168":0,"169":0,"170":0,"171":0,"172":0,"173":0,"174":0,"175":0,"176":0,"177":0,"178":0,"179":0,"180":0,"181":0,"182":0,"183":0,"184":0,"185":0,"186":0,"187":0,"188":0,"189":0,"190":0,"191":0,"192":0,"193":0,"194":0,"195":0,"196":0,"197":0,"198":0,"199":1,"200":1,"201":0,"202":0,"203":0,"204":0,"205":0,"206":0,"207":0,"208":0,"209":0,"210":0,"211":0,"212":0,"213":0,"214":0,"215":0,"216":0,"217":0,"218":0,"219":0,"220":0,"221":0,"222":0,"223":0,"224":0,"225":2,"226":0,"227":0,"228":0,"229":0,"230":0,"231":0,"232":0,"233":0,"234":0,"235":0,"236":0,"237":0,"238":0,"239":0,"240":0,"241":0,"242":0,"243":0,"244":0,"245":0,"246":0,"247":0,"248":0,"249":0,"250":0,"251":0,"252":0,"253":0,"254":0,"255":0,"256":0,"257":0,"258":0,"259":0,"260":0,"261":0,"262":0,"263":0,"264":0,"265":0,"266":0,"267":0,"268":0,"269":0,"270":0,"271":0,"272":0,"273":0,"274":0,"275":0,"276":0,"277":10,"278":1,"279":1,"280":0,"281":0,"282":1,"283":1,"284":0,"285":0,"286":0,"287":0,"288":0,"289":0,"290":0,"291":0,"292":0,"293":0,"294":1,"295":13,"296":2,"297":2,"298":2,"299":0,"300":1,"301":40,"302":0,"303":1,"304":31,"305":4,"306":1,"307":0,"308":0,"309":0,"310":0,"311":1,"312":22,"313":1,"314":0,"315":1,"316":0,"317":1,"318":0,"319":0,"320":0,"321":0,"322":1,"323":0,"324":1,"325":0,"326":0,"327":0,"328":0,"329":1,"330":0,"331":1,"332":0,"333":0,"334":1,"335":0,"336":1,"337":1,"338":0,"339":0,"340":0,"341":0,"342":0,"343":0,"344":0,"345":0,"346":0,"347":0,"348":0,"349":0,"350":0,"351":0,"352":0,"353":0,"354":0,"355":0,"356":0,"357":1,"358":0,"359":1,"360":0,"361":0,"362":0,"363":1,"364":0,"365":0,"366":0,"367":1,"368":0,"369":0,"370":0,"371":1,"372":2,"373":1,"374":2,"375":1,"376":0,"377":0,"378":0,"379":0,"380":0,"381":0,"382":1,"383":1,"384":0,"385":0,"386":0,"387":0,"388":0,"389":0,"390":0,"391":0,"392":0,"393":0,"394":0,"395":0,"396":2,"397":1,"398":0,"399":0,"400":0,"401":0,"402":1,"403":1,"404":2,"405":0,"406":0,"407":0,"408":1,"409":1,"410":1,"411":1,"412":0,"413":0},"fnMap":{"1":{"name":"e","line":1,"loc":{"start":{"line":1,"column":-15},"end":{"line":1,"column":-15}}},"2":{"name":"s","line":1,"loc":{"start":{"line":1,"column":-15},"end":{"line":1,"column":-15}}},"3":{"name":"(anonymous_3)","line":1,"loc":{"start":{"line":1,"column":-15},"end":{"line":1,"column":-15}}},"4":{"name":"(anonymous_4)","line":1,"loc":{"start":{"line":1,"column":-15},"end":{"line":1,"column":-15}}},"5":{"name":"(anonymous_5)","line":1,"loc":{"start":{"line":1,"column":-15},"end":{"line":1,"column":-15}}},"6":{"name":"typedArraySupport","line":31,"loc":{"start":{"line":52,"column":0},"end":{"line":53,"column":0}}},"7":{"name":"(anonymous_7)","line":31,"loc":{"start":{"line":55,"column":0},"end":{"line":55,"column":0}}},"8":{"name":"kMaxLength","line":34,"loc":{"start":{"line":64,"column":0},"end":{"line":65,"column":0}}},"9":{"name":"createBuffer","line":34,"loc":{"start":{"line":70,"column":0},"end":{"line":71,"column":0}}},"10":{"name":"Buffer","line":44,"loc":{"start":{"line":99,"column":0},"end":{"line":100,"column":0}}},"11":{"name":"(anonymous_11)","line":47,"loc":{"start":{"line":119,"column":0},"end":{"line":120,"column":0}}},"12":{"name":"from","line":47,"loc":{"start":{"line":124,"column":0},"end":{"line":125,"column":0}}},"13":{"name":"(anonymous_13)","line":54,"loc":{"start":{"line":148,"column":0},"end":{"line":149,"column":0}}},"14":{"name":"assertSize","line":55,"loc":{"start":{"line":165,"column":0},"end":{"line":166,"column":0}}},"15":{"name":"alloc","line":55,"loc":{"start":{"line":171,"column":0},"end":{"line":172,"column":0}}},"16":{"name":"(anonymous_16)","line":61,"loc":{"start":{"line":191,"column":0},"end":{"line":192,"column":0}}},"17":{"name":"allocUnsafe","line":61,"loc":{"start":{"line":195,"column":0},"end":{"line":196,"column":0}}},"18":{"name":"(anonymous_18)","line":63,"loc":{"start":{"line":209,"column":0},"end":{"line":210,"column":0}}},"19":{"name":"(anonymous_19)","line":65,"loc":{"start":{"line":215,"column":0},"end":{"line":216,"column":0}}},"20":{"name":"fromString","line":65,"loc":{"start":{"line":219,"column":0},"end":{"line":220,"column":0}}},"21":{"name":"fromArrayLike","line":65,"loc":{"start":{"line":235,"column":0},"end":{"line":236,"column":0}}},"22":{"name":"fromArrayBuffer","line":65,"loc":{"start":{"line":244,"column":0},"end":{"line":245,"column":0}}},"23":{"name":"fromObject","line":68,"loc":{"start":{"line":274,"column":0},"end":{"line":275,"column":0}}},"24":{"name":"checked","line":68,"loc":{"start":{"line":304,"column":0},"end":{"line":305,"column":0}}},"25":{"name":"SlowBuffer","line":70,"loc":{"start":{"line":314,"column":0},"end":{"line":315,"column":0}}},"26":{"name":"isBuffer","line":71,"loc":{"start":{"line":321,"column":0},"end":{"line":322,"column":0}}},"27":{"name":"compare","line":71,"loc":{"start":{"line":325,"column":0},"end":{"line":326,"column":0}}},"28":{"name":"isEncoding","line":71,"loc":{"start":{"line":348,"column":0},"end":{"line":349,"column":0}}},"29":{"name":"concat","line":71,"loc":{"start":{"line":367,"column":0},"end":{"line":368,"column":0}}},"30":{"name":"byteLength","line":71,"loc":{"start":{"line":397,"column":0},"end":{"line":398,"column":0}}},"31":{"name":"slowToString","line":73,"loc":{"start":{"line":443,"column":0},"end":{"line":444,"column":0}}},"32":{"name":"swap","line":84,"loc":{"start":{"line":516,"column":0},"end":{"line":517,"column":0}}},"33":{"name":"swap16","line":84,"loc":{"start":{"line":522,"column":0},"end":{"line":523,"column":0}}},"34":{"name":"swap32","line":84,"loc":{"start":{"line":533,"column":0},"end":{"line":534,"column":0}}},"35":{"name":"toString","line":84,"loc":{"start":{"line":545,"column":0},"end":{"line":546,"column":0}}},"36":{"name":"equals","line":84,"loc":{"start":{"line":552,"column":0},"end":{"line":553,"column":0}}},"37":{"name":"inspect","line":84,"loc":{"start":{"line":558,"column":0},"end":{"line":559,"column":0}}},"38":{"name":"compare","line":84,"loc":{"start":{"line":568,"column":0},"end":{"line":569,"column":0}}},"39":{"name":"arrayIndexOf","line":84,"loc":{"start":{"line":627,"column":0},"end":{"line":628,"column":0}}},"40":{"name":"read","line":84,"loc":{"start":{"line":645,"column":0},"end":{"line":647,"column":0}}},"41":{"name":"indexOf","line":84,"loc":{"start":{"line":667,"column":0},"end":{"line":669,"column":0}}},"42":{"name":"includes","line":86,"loc":{"start":{"line":706,"column":0},"end":{"line":707,"column":0}}},"43":{"name":"hexWrite","line":86,"loc":{"start":{"line":710,"column":0},"end":{"line":711,"column":0}}},"44":{"name":"utf8Write","line":87,"loc":{"start":{"line":737,"column":0},"end":{"line":738,"column":0}}},"45":{"name":"asciiWrite","line":87,"loc":{"start":{"line":741,"column":0},"end":{"line":742,"column":0}}},"46":{"name":"binaryWrite","line":87,"loc":{"start":{"line":745,"column":0},"end":{"line":746,"column":0}}},"47":{"name":"base64Write","line":87,"loc":{"start":{"line":749,"column":0},"end":{"line":750,"column":0}}},"48":{"name":"ucs2Write","line":87,"loc":{"start":{"line":753,"column":0},"end":{"line":754,"column":0}}},"49":{"name":"write","line":87,"loc":{"start":{"line":756,"column":0},"end":{"line":758,"column":0}}},"50":{"name":"toJSON","line":92,"loc":{"start":{"line":828,"column":0},"end":{"line":829,"column":0}}},"51":{"name":"base64Slice","line":92,"loc":{"start":{"line":835,"column":0},"end":{"line":836,"column":0}}},"52":{"name":"utf8Slice","line":92,"loc":{"start":{"line":843,"column":0},"end":{"line":844,"column":0}}},"53":{"name":"decodeCodePointsArray","line":98,"loc":{"start":{"line":921,"column":0},"end":{"line":922,"column":0}}},"54":{"name":"asciiSlice","line":100,"loc":{"start":{"line":939,"column":0},"end":{"line":940,"column":0}}},"55":{"name":"binarySlice","line":100,"loc":{"start":{"line":949,"column":0},"end":{"line":950,"column":0}}},"56":{"name":"hexSlice","line":100,"loc":{"start":{"line":959,"column":0},"end":{"line":960,"column":0}}},"57":{"name":"utf16leSlice","line":100,"loc":{"start":{"line":972,"column":0},"end":{"line":973,"column":0}}},"58":{"name":"slice","line":100,"loc":{"start":{"line":981,"column":0},"end":{"line":982,"column":0}}},"59":{"name":"checkOffset","line":102,"loc":{"start":{"line":1020,"column":0},"end":{"line":1021,"column":0}}},"60":{"name":"readUIntLE","line":102,"loc":{"start":{"line":1025,"column":0},"end":{"line":1026,"column":0}}},"61":{"name":"readUIntBE","line":102,"loc":{"start":{"line":1040,"column":0},"end":{"line":1041,"column":0}}},"62":{"name":"readUInt8","line":102,"loc":{"start":{"line":1056,"column":0},"end":{"line":1057,"column":0}}},"63":{"name":"readUInt16LE","line":102,"loc":{"start":{"line":1061,"column":0},"end":{"line":1062,"column":0}}},"64":{"name":"readUInt16BE","line":102,"loc":{"start":{"line":1066,"column":0},"end":{"line":1067,"column":0}}},"65":{"name":"readUInt32LE","line":102,"loc":{"start":{"line":1071,"column":0},"end":{"line":1072,"column":0}}},"66":{"name":"readUInt32BE","line":102,"loc":{"start":{"line":1080,"column":0},"end":{"line":1081,"column":0}}},"67":{"name":"readIntLE","line":102,"loc":{"start":{"line":1089,"column":0},"end":{"line":1090,"column":0}}},"68":{"name":"readIntBE","line":102,"loc":{"start":{"line":1107,"column":0},"end":{"line":1108,"column":0}}},"69":{"name":"readInt8","line":102,"loc":{"start":{"line":1125,"column":0},"end":{"line":1126,"column":0}}},"70":{"name":"readInt16LE","line":102,"loc":{"start":{"line":1131,"column":0},"end":{"line":1132,"column":0}}},"71":{"name":"readInt16BE","line":102,"loc":{"start":{"line":1137,"column":0},"end":{"line":1138,"column":0}}},"72":{"name":"readInt32LE","line":102,"loc":{"start":{"line":1143,"column":0},"end":{"line":1144,"column":0}}},"73":{"name":"readInt32BE","line":102,"loc":{"start":{"line":1152,"column":0},"end":{"line":1153,"column":0}}},"74":{"name":"readFloatLE","line":102,"loc":{"start":{"line":1161,"column":0},"end":{"line":1162,"column":0}}},"75":{"name":"readFloatBE","line":102,"loc":{"start":{"line":1166,"column":0},"end":{"line":1167,"column":0}}},"76":{"name":"readDoubleLE","line":102,"loc":{"start":{"line":1171,"column":0},"end":{"line":1172,"column":0}}},"77":{"name":"readDoubleBE","line":102,"loc":{"start":{"line":1176,"column":0},"end":{"line":1177,"column":0}}},"78":{"name":"checkInt","line":102,"loc":{"start":{"line":1181,"column":0},"end":{"line":1182,"column":0}}},"79":{"name":"writeUIntLE","line":102,"loc":{"start":{"line":1187,"column":0},"end":{"line":1188,"column":0}}},"80":{"name":"writeUIntBE","line":102,"loc":{"start":{"line":1206,"column":0},"end":{"line":1207,"column":0}}},"81":{"name":"writeUInt8","line":102,"loc":{"start":{"line":1225,"column":0},"end":{"line":1226,"column":0}}},"82":{"name":"objectWriteUInt16","line":102,"loc":{"start":{"line":1234,"column":0},"end":{"line":1235,"column":0}}},"83":{"name":"writeUInt16LE","line":102,"loc":{"start":{"line":1242,"column":0},"end":{"line":1243,"column":0}}},"84":{"name":"writeUInt16BE","line":102,"loc":{"start":{"line":1255,"column":0},"end":{"line":1256,"column":0}}},"85":{"name":"objectWriteUInt32","line":102,"loc":{"start":{"line":1268,"column":0},"end":{"line":1269,"column":0}}},"86":{"name":"writeUInt32LE","line":102,"loc":{"start":{"line":1275,"column":0},"end":{"line":1276,"column":0}}},"87":{"name":"writeUInt32BE","line":102,"loc":{"start":{"line":1290,"column":0},"end":{"line":1291,"column":0}}},"88":{"name":"writeIntLE","line":102,"loc":{"start":{"line":1305,"column":0},"end":{"line":1306,"column":0}}},"89":{"name":"writeIntBE","line":102,"loc":{"start":{"line":1328,"column":0},"end":{"line":1329,"column":0}}},"90":{"name":"writeInt8","line":102,"loc":{"start":{"line":1351,"column":0},"end":{"line":1352,"column":0}}},"91":{"name":"writeInt16LE","line":102,"loc":{"start":{"line":1361,"column":0},"end":{"line":1362,"column":0}}},"92":{"name":"writeInt16BE","line":102,"loc":{"start":{"line":1374,"column":0},"end":{"line":1375,"column":0}}},"93":{"name":"writeInt32LE","line":102,"loc":{"start":{"line":1387,"column":0},"end":{"line":1388,"column":0}}},"94":{"name":"writeInt32BE","line":102,"loc":{"start":{"line":1402,"column":0},"end":{"line":1403,"column":0}}},"95":{"name":"checkIEEE754","line":102,"loc":{"start":{"line":1418,"column":0},"end":{"line":1419,"column":0}}},"96":{"name":"writeFloat","line":102,"loc":{"start":{"line":1423,"column":0},"end":{"line":1424,"column":0}}},"97":{"name":"writeFloatLE","line":102,"loc":{"start":{"line":1431,"column":0},"end":{"line":1432,"column":0}}},"98":{"name":"writeFloatBE","line":102,"loc":{"start":{"line":1435,"column":0},"end":{"line":1436,"column":0}}},"99":{"name":"writeDouble","line":102,"loc":{"start":{"line":1439,"column":0},"end":{"line":1440,"column":0}}},"100":{"name":"writeDoubleLE","line":102,"loc":{"start":{"line":1447,"column":0},"end":{"line":1448,"column":0}}},"101":{"name":"writeDoubleBE","line":102,"loc":{"start":{"line":1451,"column":0},"end":{"line":1452,"column":0}}},"102":{"name":"copy","line":103,"loc":{"start":{"line":1456,"column":0},"end":{"line":1457,"column":0}}},"103":{"name":"fill","line":112,"loc":{"start":{"line":1508,"column":0},"end":{"line":1509,"column":0}}},"104":{"name":"base64clean","line":116,"loc":{"start":{"line":1572,"column":0},"end":{"line":1573,"column":0}}},"105":{"name":"stringtrim","line":119,"loc":{"start":{"line":1584,"column":0},"end":{"line":1585,"column":0}}},"106":{"name":"toHex","line":119,"loc":{"start":{"line":1589,"column":0},"end":{"line":1590,"column":0}}},"107":{"name":"utf8ToBytes","line":119,"loc":{"start":{"line":1594,"column":0},"end":{"line":1595,"column":0}}},"108":{"name":"asciiToBytes","line":129,"loc":{"start":{"line":1674,"column":0},"end":{"line":1675,"column":0}}},"109":{"name":"utf16leToBytes","line":130,"loc":{"start":{"line":1683,"column":0},"end":{"line":1684,"column":0}}},"110":{"name":"base64ToBytes","line":130,"loc":{"start":{"line":1699,"column":0},"end":{"line":1700,"column":0}}},"111":{"name":"blitBuffer","line":130,"loc":{"start":{"line":1703,"column":0},"end":{"line":1704,"column":0}}},"112":{"name":"isnan","line":130,"loc":{"start":{"line":1711,"column":0},"end":{"line":1712,"column":0}}},"113":{"name":"(anonymous_113)","line":131,"loc":{"start":{"line":1714,"column":0},"end":{"line":1714,"column":0}}},"114":{"name":"init","line":131,"loc":{"start":{"line":10,"column":0},"end":{"line":11,"column":0}}},"115":{"name":"toByteArray","line":131,"loc":{"start":{"line":23,"column":0},"end":{"line":24,"column":0}}},"116":{"name":"tripletToBase64","line":138,"loc":{"start":{"line":65,"column":0},"end":{"line":66,"column":0}}},"117":{"name":"encodeChunk","line":138,"loc":{"start":{"line":69,"column":0},"end":{"line":70,"column":0}}},"118":{"name":"fromByteArray","line":138,"loc":{"start":{"line":79,"column":0},"end":{"line":80,"column":0}}},"119":{"name":"(anonymous_119)","line":142,"loc":{"start":{"line":110,"column":0},"end":{"line":110,"column":0}}},"120":{"name":"(anonymous_120)","line":142,"loc":{"start":{"line":1,"column":-15},"end":{"line":2,"column":0}}},"121":{"name":"(anonymous_121)","line":142,"loc":{"start":{"line":34,"column":0},"end":{"line":35,"column":0}}},"122":{"name":"(anonymous_122)","line":142,"loc":{"start":{"line":85,"column":0},"end":{"line":85,"column":0}}},"123":{"name":"(anonymous_123)","line":142,"loc":{"start":{"line":3,"column":0},"end":{"line":4,"column":0}}},"124":{"name":"(anonymous_124)","line":142,"loc":{"start":{"line":6,"column":0},"end":{"line":6,"column":0}}},"125":{"name":"(anonymous_125)","line":142,"loc":{"start":{"line":2,"column":0},"end":{"line":2,"column":0}}},"126":{"name":"(anonymous_126)","line":160,"loc":{"start":{"line":38,"column":0},"end":{"line":39,"column":0}}},"127":{"name":"(anonymous_127)","line":174,"loc":{"start":{"line":94,"column":0},"end":{"line":94,"column":0}}},"128":{"name":"(anonymous_128)","line":179,"loc":{"start":{"line":10,"column":0},"end":{"line":11,"column":0}}},"129":{"name":"Assertion","line":189,"loc":{"start":{"line":0,"column":0},"end":{"line":0,"column":0},"skip":true},"skip":true},"130":{"name":"(anonymous_130)","line":189,"loc":{"start":{"line":39,"column":0},"end":{"line":40,"column":0}}},"131":{"name":"(anonymous_131)","line":189,"loc":{"start":{"line":43,"column":0},"end":{"line":44,"column":0}}},"132":{"name":"(anonymous_132)","line":189,"loc":{"start":{"line":50,"column":0},"end":{"line":51,"column":0}}},"133":{"name":"(anonymous_133)","line":189,"loc":{"start":{"line":54,"column":0},"end":{"line":55,"column":0}}},"134":{"name":"(anonymous_134)","line":189,"loc":{"start":{"line":58,"column":0},"end":{"line":61,"column":0}}},"135":{"name":"(anonymous_135)","line":189,"loc":{"start":{"line":63,"column":0},"end":{"line":65,"column":0}}},"136":{"name":"(anonymous_136)","line":189,"loc":{"start":{"line":67,"column":0},"end":{"line":69,"column":0}}},"137":{"name":"(anonymous_137)","line":189,"loc":{"start":{"line":71,"column":0},"end":{"line":73,"column":0}}},"138":{"name":"(anonymous_138)","line":189,"loc":{"start":{"line":75,"column":0},"end":{"line":77,"column":0}}},"139":{"name":"(anonymous_139)","line":189,"loc":{"start":{"line":79,"column":0},"end":{"line":81,"column":0}}},"140":{"name":"(anonymous_140)","line":202,"loc":{"start":{"line":0,"column":0},"end":{"line":0,"column":0},"skip":true},"skip":true},"141":{"name":"(anonymous_141)","line":208,"loc":{"start":{"line":124,"column":0},"end":{"line":125,"column":0}}},"142":{"name":"(anonymous_142)","line":208,"loc":{"start":{"line":127,"column":0},"end":{"line":128,"column":0}}},"143":{"name":"(anonymous_143)","line":208,"loc":{"start":{"line":132,"column":0},"end":{"line":132,"column":0}}},"144":{"name":"(anonymous_144)","line":248,"loc":{"start":{"line":1,"column":-15},"end":{"line":1,"column":-15}}},"145":{"name":"(anonymous_145)","line":253,"loc":{"start":{"line":8,"column":0},"end":{"line":9,"column":0}}},"146":{"name":"(anonymous_146)","line":280,"loc":{"start":{"line":45,"column":0},"end":{"line":46,"column":0}}},"147":{"name":"(anonymous_147)","line":280,"loc":{"start":{"line":46,"column":0},"end":{"line":47,"column":0}}},"148":{"name":"(anonymous_148)","line":293,"loc":{"start":{"line":0,"column":0},"end":{"line":0,"column":0},"skip":true},"skip":true},"149":{"name":"(anonymous_149)","line":312,"loc":{"start":{"line":0,"column":0},"end":{"line":0,"column":0},"skip":true},"skip":true},"150":{"name":"(anonymous_150)","line":323,"loc":{"start":{"line":0,"column":0},"end":{"line":0,"column":0},"skip":true},"skip":true},"151":{"name":"(anonymous_151)","line":334,"loc":{"start":{"line":0,"column":0},"end":{"line":0,"column":0},"skip":true},"skip":true},"152":{"name":"an","line":363,"loc":{"start":{"line":0,"column":0},"end":{"line":0,"column":0},"skip":true},"skip":true},"153":{"name":"includeChainingBehavior","line":383,"loc":{"start":{"line":0,"column":0},"end":{"line":0,"column":0},"skip":true},"skip":true},"154":{"name":"include","line":383,"loc":{"start":{"line":204,"column":0},"end":{"line":206,"column":0}}},"155":{"name":"(anonymous_155)","line":397,"loc":{"start":{"line":0,"column":0},"end":{"line":0,"column":0},"skip":true},"skip":true},"156":{"name":"(anonymous_156)","line":408,"loc":{"start":{"line":0,"column":0},"end":{"line":0,"column":0},"skip":true},"skip":true},"157":{"name":"(anonymous_157)","line":419,"loc":{"start":{"line":0,"column":0},"end":{"line":0,"column":0},"skip":true},"skip":true},"158":{"name":"(anonymous_158)","line":430,"loc":{"start":{"line":0,"column":0},"end":{"line":0,"column":0},"skip":true},"skip":true},"159":{"name":"(anonymous_159)","line":441,"loc":{"start":{"line":0,"column":0},"end":{"line":0,"column":0},"skip":true},"skip":true},"160":{"name":"(anonymous_160)","line":451,"loc":{"start":{"line":0,"column":0},"end":{"line":0,"column":0},"skip":true},"skip":true},"161":{"name":"(anonymous_161)","line":467,"loc":{"start":{"line":0,"column":0},"end":{"line":0,"column":0},"skip":true},"skip":true},"162":{"name":"(anonymous_162)","line":481,"loc":{"start":{"line":0,"column":0},"end":{"line":0,"column":0},"skip":true},"skip":true},"163":{"name":"checkArguments","line":494,"loc":{"start":{"line":0,"column":0},"end":{"line":0,"column":0},"skip":true},"skip":true},"164":{"name":"assertEqual","line":515,"loc":{"start":{"line":0,"column":0},"end":{"line":0,"column":0},"skip":true},"skip":true},"165":{"name":"assertEql","line":529,"loc":{"start":{"line":0,"column":0},"end":{"line":0,"column":0},"skip":true},"skip":true},"166":{"name":"assertAbove","line":551,"loc":{"start":{"line":0,"column":0},"end":{"line":0,"column":0},"skip":true},"skip":true},"167":{"name":"assertLeast","line":572,"loc":{"start":{"line":0,"column":0},"end":{"line":0,"column":0},"skip":true},"skip":true},"168":{"name":"assertBelow","line":594,"loc":{"start":{"line":0,"column":0},"end":{"line":0,"column":0},"skip":true},"skip":true},"169":{"name":"assertMost","line":615,"loc":{"start":{"line":0,"column":0},"end":{"line":0,"column":0},"skip":true},"skip":true},"170":{"name":"(anonymous_170)","line":636,"loc":{"start":{"line":0,"column":0},"end":{"line":0,"column":0},"skip":true},"skip":true},"171":{"name":"assertInstanceOf","line":653,"loc":{"start":{"line":0,"column":0},"end":{"line":0,"column":0},"skip":true},"skip":true},"172":{"name":"(anonymous_172)","line":723,"loc":{"start":{"line":0,"column":0},"end":{"line":0,"column":0},"skip":true},"skip":true},"173":{"name":"assertOwnProperty","line":736,"loc":{"start":{"line":0,"column":0},"end":{"line":0,"column":0},"skip":true},"skip":true},"174":{"name":"assertOwnPropertyDescriptor","line":754,"loc":{"start":{"line":0,"column":0},"end":{"line":0,"column":0},"skip":true},"skip":true},"175":{"name":"assertLengthChain","line":789,"loc":{"start":{"line":0,"column":0},"end":{"line":0,"column":0},"skip":true},"skip":true},"176":{"name":"assertLength","line":789,"loc":{"start":{"line":1038,"column":0},"end":{"line":1040,"column":0}}},"177":{"name":"assertMatch","line":802,"loc":{"start":{"line":0,"column":0},"end":{"line":0,"column":0},"skip":true},"skip":true},"178":{"name":"(anonymous_178)","line":814,"loc":{"start":{"line":0,"column":0},"end":{"line":0,"column":0},"skip":true},"skip":true},"179":{"name":"assertKeys","line":851,"loc":{"start":{"line":0,"column":0},"end":{"line":0,"column":0},"skip":true},"skip":true},"180":{"name":"(anonymous_180)","line":852,"loc":{"start":{"line":1182,"column":0},"end":{"line":1183,"column":0}}},"181":{"name":"(anonymous_181)","line":853,"loc":{"start":{"line":1190,"column":0},"end":{"line":1191,"column":0}}},"182":{"name":"(anonymous_182)","line":854,"loc":{"start":{"line":1200,"column":0},"end":{"line":1201,"column":0}}},"183":{"name":"assertThrows","line":891,"loc":{"start":{"line":0,"column":0},"end":{"line":0,"column":0},"skip":true},"skip":true},"184":{"name":"respondTo","line":916,"loc":{"start":{"line":0,"column":0},"end":{"line":0,"column":0},"skip":true},"skip":true},"185":{"name":"(anonymous_185)","line":931,"loc":{"start":{"line":0,"column":0},"end":{"line":0,"column":0},"skip":true},"skip":true},"186":{"name":"satisfy","line":944,"loc":{"start":{"line":0,"column":0},"end":{"line":0,"column":0},"skip":true},"skip":true},"187":{"name":"closeTo","line":958,"loc":{"start":{"line":0,"column":0},"end":{"line":0,"column":0},"skip":true},"skip":true},"188":{"name":"isSubsetOf","line":958,"loc":{"start":{"line":1518,"column":0},"end":{"line":1520,"column":0}}},"189":{"name":"(anonymous_189)","line":958,"loc":{"start":{"line":1520,"column":0},"end":{"line":1521,"column":0}}},"190":{"name":"(anonymous_190)","line":958,"loc":{"start":{"line":1522,"column":0},"end":{"line":1524,"column":0}}},"191":{"name":"(anonymous_191)","line":979,"loc":{"start":{"line":0,"column":0},"end":{"line":0,"column":0},"skip":true},"skip":true},"192":{"name":"oneOf","line":999,"loc":{"start":{"line":0,"column":0},"end":{"line":0,"column":0},"skip":true},"skip":true},"193":{"name":"assertChanges","line":1018,"loc":{"start":{"line":0,"column":0},"end":{"line":0,"column":0},"skip":true},"skip":true},"194":{"name":"assertIncreases","line":1035,"loc":{"start":{"line":0,"column":0},"end":{"line":0,"column":0},"skip":true},"skip":true},"195":{"name":"assertDecreases","line":1052,"loc":{"start":{"line":0,"column":0},"end":{"line":0,"column":0},"skip":true},"skip":true},"196":{"name":"(anonymous_196)","line":1070,"loc":{"start":{"line":0,"column":0},"end":{"line":0,"column":0},"skip":true},"skip":true},"197":{"name":"(anonymous_197)","line":1090,"loc":{"start":{"line":0,"column":0},"end":{"line":0,"column":0},"skip":true},"skip":true},"198":{"name":"(anonymous_198)","line":1108,"loc":{"start":{"line":0,"column":0},"end":{"line":0,"column":0},"skip":true},"skip":true},"199":{"name":"(anonymous_199)","line":1112,"loc":{"start":{"line":1861,"column":0},"end":{"line":1861,"column":0}}},"200":{"name":"(anonymous_200)","line":1116,"loc":{"start":{"line":8,"column":0},"end":{"line":9,"column":0}}},"201":{"name":"(anonymous_201)","line":1133,"loc":{"start":{"line":0,"column":0},"end":{"line":0,"column":0},"skip":true},"skip":true},"202":{"name":"(anonymous_202)","line":1145,"loc":{"start":{"line":0,"column":0},"end":{"line":0,"column":0},"skip":true},"skip":true},"203":{"name":"(anonymous_203)","line":1159,"loc":{"start":{"line":0,"column":0},"end":{"line":0,"column":0},"skip":true},"skip":true},"204":{"name":"(anonymous_204)","line":1173,"loc":{"start":{"line":0,"column":0},"end":{"line":0,"column":0},"skip":true},"skip":true},"205":{"name":"(anonymous_205)","line":1186,"loc":{"start":{"line":0,"column":0},"end":{"line":0,"column":0},"skip":true},"skip":true},"206":{"name":"(anonymous_206)","line":1199,"loc":{"start":{"line":0,"column":0},"end":{"line":0,"column":0},"skip":true},"skip":true},"207":{"name":"(anonymous_207)","line":1212,"loc":{"start":{"line":0,"column":0},"end":{"line":0,"column":0},"skip":true},"skip":true},"208":{"name":"(anonymous_208)","line":1225,"loc":{"start":{"line":0,"column":0},"end":{"line":0,"column":0},"skip":true},"skip":true},"209":{"name":"(anonymous_209)","line":1238,"loc":{"start":{"line":0,"column":0},"end":{"line":0,"column":0},"skip":true},"skip":true},"210":{"name":"(anonymous_210)","line":1251,"loc":{"start":{"line":0,"column":0},"end":{"line":0,"column":0},"skip":true},"skip":true},"211":{"name":"(anonymous_211)","line":1264,"loc":{"start":{"line":0,"column":0},"end":{"line":0,"column":0},"skip":true},"skip":true},"212":{"name":"(anonymous_212)","line":1278,"loc":{"start":{"line":0,"column":0},"end":{"line":0,"column":0},"skip":true},"skip":true},"213":{"name":"(anonymous_213)","line":1291,"loc":{"start":{"line":0,"column":0},"end":{"line":0,"column":0},"skip":true},"skip":true},"214":{"name":"(anonymous_214)","line":1305,"loc":{"start":{"line":0,"column":0},"end":{"line":0,"column":0},"skip":true},"skip":true},"215":{"name":"(anonymous_215)","line":1318,"loc":{"start":{"line":0,"column":0},"end":{"line":0,"column":0},"skip":true},"skip":true},"216":{"name":"(anonymous_216)","line":1331,"loc":{"start":{"line":0,"column":0},"end":{"line":0,"column":0},"skip":true},"skip":true},"217":{"name":"(anonymous_217)","line":1344,"loc":{"start":{"line":0,"column":0},"end":{"line":0,"column":0},"skip":true},"skip":true},"218":{"name":"(anonymous_218)","line":1357,"loc":{"start":{"line":0,"column":0},"end":{"line":0,"column":0},"skip":true},"skip":true},"219":{"name":"(anonymous_219)","line":1369,"loc":{"start":{"line":0,"column":0},"end":{"line":0,"column":0},"skip":true},"skip":true},"220":{"name":"(anonymous_220)","line":1382,"loc":{"start":{"line":0,"column":0},"end":{"line":0,"column":0},"skip":true},"skip":true},"221":{"name":"(anonymous_221)","line":1393,"loc":{"start":{"line":0,"column":0},"end":{"line":0,"column":0},"skip":true},"skip":true},"222":{"name":"(anonymous_222)","line":1404,"loc":{"start":{"line":0,"column":0},"end":{"line":0,"column":0},"skip":true},"skip":true},"223":{"name":"(anonymous_223)","line":1417,"loc":{"start":{"line":0,"column":0},"end":{"line":0,"column":0},"skip":true},"skip":true},"224":{"name":"(anonymous_224)","line":1430,"loc":{"start":{"line":0,"column":0},"end":{"line":0,"column":0},"skip":true},"skip":true},"225":{"name":"(anonymous_225)","line":1443,"loc":{"start":{"line":0,"column":0},"end":{"line":0,"column":0},"skip":true},"skip":true},"226":{"name":"(anonymous_226)","line":1456,"loc":{"start":{"line":0,"column":0},"end":{"line":0,"column":0},"skip":true},"skip":true},"227":{"name":"(anonymous_227)","line":1470,"loc":{"start":{"line":0,"column":0},"end":{"line":0,"column":0},"skip":true},"skip":true},"228":{"name":"(anonymous_228)","line":1484,"loc":{"start":{"line":0,"column":0},"end":{"line":0,"column":0},"skip":true},"skip":true},"229":{"name":"(anonymous_229)","line":1497,"loc":{"start":{"line":0,"column":0},"end":{"line":0,"column":0},"skip":true},"skip":true},"230":{"name":"(anonymous_230)","line":1510,"loc":{"start":{"line":0,"column":0},"end":{"line":0,"column":0},"skip":true},"skip":true},"231":{"name":"(anonymous_231)","line":1523,"loc":{"start":{"line":0,"column":0},"end":{"line":0,"column":0},"skip":true},"skip":true},"232":{"name":"(anonymous_232)","line":1536,"loc":{"start":{"line":0,"column":0},"end":{"line":0,"column":0},"skip":true},"skip":true},"233":{"name":"(anonymous_233)","line":1549,"loc":{"start":{"line":0,"column":0},"end":{"line":0,"column":0},"skip":true},"skip":true},"234":{"name":"(anonymous_234)","line":1562,"loc":{"start":{"line":0,"column":0},"end":{"line":0,"column":0},"skip":true},"skip":true},"235":{"name":"(anonymous_235)","line":1578,"loc":{"start":{"line":0,"column":0},"end":{"line":0,"column":0},"skip":true},"skip":true},"236":{"name":"(anonymous_236)","line":1594,"loc":{"start":{"line":0,"column":0},"end":{"line":0,"column":0},"skip":true},"skip":true},"237":{"name":"(anonymous_237)","line":1613,"loc":{"start":{"line":0,"column":0},"end":{"line":0,"column":0},"skip":true},"skip":true},"238":{"name":"(anonymous_238)","line":1627,"loc":{"start":{"line":0,"column":0},"end":{"line":0,"column":0},"skip":true},"skip":true},"239":{"name":"(anonymous_239)","line":1643,"loc":{"start":{"line":0,"column":0},"end":{"line":0,"column":0},"skip":true},"skip":true},"240":{"name":"(anonymous_240)","line":1659,"loc":{"start":{"line":0,"column":0},"end":{"line":0,"column":0},"skip":true},"skip":true},"241":{"name":"(anonymous_241)","line":1674,"loc":{"start":{"line":0,"column":0},"end":{"line":0,"column":0},"skip":true},"skip":true},"242":{"name":"(anonymous_242)","line":1689,"loc":{"start":{"line":0,"column":0},"end":{"line":0,"column":0},"skip":true},"skip":true},"243":{"name":"(anonymous_243)","line":1702,"loc":{"start":{"line":0,"column":0},"end":{"line":0,"column":0},"skip":true},"skip":true},"244":{"name":"(anonymous_244)","line":1715,"loc":{"start":{"line":0,"column":0},"end":{"line":0,"column":0},"skip":true},"skip":true},"245":{"name":"(anonymous_245)","line":1728,"loc":{"start":{"line":0,"column":0},"end":{"line":0,"column":0},"skip":true},"skip":true},"246":{"name":"(anonymous_246)","line":1741,"loc":{"start":{"line":0,"column":0},"end":{"line":0,"column":0},"skip":true},"skip":true},"247":{"name":"(anonymous_247)","line":1755,"loc":{"start":{"line":0,"column":0},"end":{"line":0,"column":0},"skip":true},"skip":true},"248":{"name":"(anonymous_248)","line":1769,"loc":{"start":{"line":0,"column":0},"end":{"line":0,"column":0},"skip":true},"skip":true},"249":{"name":"(anonymous_249)","line":1784,"loc":{"start":{"line":0,"column":0},"end":{"line":0,"column":0},"skip":true},"skip":true},"250":{"name":"(anonymous_250)","line":1799,"loc":{"start":{"line":0,"column":0},"end":{"line":0,"column":0},"skip":true},"skip":true},"251":{"name":"(anonymous_251)","line":1815,"loc":{"start":{"line":0,"column":0},"end":{"line":0,"column":0},"skip":true},"skip":true},"252":{"name":"(anonymous_252)","line":1831,"loc":{"start":{"line":0,"column":0},"end":{"line":0,"column":0},"skip":true},"skip":true},"253":{"name":"(anonymous_253)","line":1845,"loc":{"start":{"line":0,"column":0},"end":{"line":0,"column":0},"skip":true},"skip":true},"254":{"name":"(anonymous_254)","line":1868,"loc":{"start":{"line":0,"column":0},"end":{"line":0,"column":0},"skip":true},"skip":true},"255":{"name":"(anonymous_255)","line":1885,"loc":{"start":{"line":0,"column":0},"end":{"line":0,"column":0},"skip":true},"skip":true},"256":{"name":"(anonymous_256)","line":1900,"loc":{"start":{"line":0,"column":0},"end":{"line":0,"column":0},"skip":true},"skip":true},"257":{"name":"(anonymous_257)","line":1914,"loc":{"start":{"line":0,"column":0},"end":{"line":0,"column":0},"skip":true},"skip":true},"258":{"name":"(anonymous_258)","line":1928,"loc":{"start":{"line":0,"column":0},"end":{"line":0,"column":0},"skip":true},"skip":true},"259":{"name":"(anonymous_259)","line":1942,"loc":{"start":{"line":0,"column":0},"end":{"line":0,"column":0},"skip":true},"skip":true},"260":{"name":"(anonymous_260)","line":1956,"loc":{"start":{"line":0,"column":0},"end":{"line":0,"column":0},"skip":true},"skip":true},"261":{"name":"(anonymous_261)","line":1970,"loc":{"start":{"line":0,"column":0},"end":{"line":0,"column":0},"skip":true},"skip":true},"262":{"name":"(anonymous_262)","line":1985,"loc":{"start":{"line":0,"column":0},"end":{"line":0,"column":0},"skip":true},"skip":true},"263":{"name":"(anonymous_263)","line":1998,"loc":{"start":{"line":0,"column":0},"end":{"line":0,"column":0},"skip":true},"skip":true},"264":{"name":"(anonymous_264)","line":2014,"loc":{"start":{"line":0,"column":0},"end":{"line":0,"column":0},"skip":true},"skip":true},"265":{"name":"(anonymous_265)","line":2030,"loc":{"start":{"line":0,"column":0},"end":{"line":0,"column":0},"skip":true},"skip":true},"266":{"name":"(anonymous_266)","line":2046,"loc":{"start":{"line":0,"column":0},"end":{"line":0,"column":0},"skip":true},"skip":true},"267":{"name":"(anonymous_267)","line":2062,"loc":{"start":{"line":0,"column":0},"end":{"line":0,"column":0},"skip":true},"skip":true},"268":{"name":"(anonymous_268)","line":2078,"loc":{"start":{"line":0,"column":0},"end":{"line":0,"column":0},"skip":true},"skip":true},"269":{"name":"(anonymous_269)","line":2094,"loc":{"start":{"line":0,"column":0},"end":{"line":0,"column":0},"skip":true},"skip":true},"270":{"name":"(anonymous_270)","line":2108,"loc":{"start":{"line":0,"column":0},"end":{"line":0,"column":0},"skip":true},"skip":true},"271":{"name":"(anonymous_271)","line":2121,"loc":{"start":{"line":0,"column":0},"end":{"line":0,"column":0},"skip":true},"skip":true},"272":{"name":"(anonymous_272)","line":2140,"loc":{"start":{"line":0,"column":0},"end":{"line":0,"column":0},"skip":true},"skip":true},"273":{"name":"(anonymous_273)","line":2158,"loc":{"start":{"line":0,"column":0},"end":{"line":0,"column":0},"skip":true},"skip":true},"274":{"name":"(anonymous_274)","line":2171,"loc":{"start":{"line":0,"column":0},"end":{"line":0,"column":0},"skip":true},"skip":true},"275":{"name":"(anonymous_275)","line":2186,"loc":{"start":{"line":0,"column":0},"end":{"line":0,"column":0},"skip":true},"skip":true},"276":{"name":"(anonymous_276)","line":2199,"loc":{"start":{"line":0,"column":0},"end":{"line":0,"column":0},"skip":true},"skip":true},"277":{"name":"alias","line":2201,"loc":{"start":{"line":0,"column":0},"end":{"line":0,"column":0},"skip":true},"skip":true},"278":{"name":"(anonymous_278)","line":2201,"loc":{"start":{"line":1646,"column":0},"end":{"line":1646,"column":0}}},"279":{"name":"(anonymous_279)","line":2205,"loc":{"start":{"line":7,"column":0},"end":{"line":8,"column":0}}},"280":{"name":"(anonymous_280)","line":2205,"loc":{"start":{"line":8,"column":0},"end":{"line":9,"column":0}}},"281":{"name":"(anonymous_281)","line":2217,"loc":{"start":{"line":0,"column":0},"end":{"line":0,"column":0},"skip":true},"skip":true},"282":{"name":"(anonymous_282)","line":2217,"loc":{"start":{"line":35,"column":0},"end":{"line":35,"column":0}}},"283":{"name":"(anonymous_283)","line":2221,"loc":{"start":{"line":7,"column":0},"end":{"line":8,"column":0}}},"284":{"name":"loadShould","line":2221,"loc":{"start":{"line":9,"column":0},"end":{"line":11,"column":0}}},"285":{"name":"shouldGetter","line":2222,"loc":{"start":{"line":0,"column":0},"end":{"line":0,"column":0},"skip":true},"skip":true},"286":{"name":"shouldSetter","line":2222,"loc":{"start":{"line":18,"column":0},"end":{"line":19,"column":0}}},"287":{"name":"(anonymous_287)","line":2241,"loc":{"start":{"line":0,"column":0},"end":{"line":0,"column":0},"skip":true},"skip":true},"288":{"name":"(anonymous_288)","line":2254,"loc":{"start":{"line":0,"column":0},"end":{"line":0,"column":0},"skip":true},"skip":true},"289":{"name":"(anonymous_289)","line":2276,"loc":{"start":{"line":0,"column":0},"end":{"line":0,"column":0},"skip":true},"skip":true},"290":{"name":"(anonymous_290)","line":2288,"loc":{"start":{"line":0,"column":0},"end":{"line":0,"column":0},"skip":true},"skip":true},"291":{"name":"(anonymous_291)","line":2302,"loc":{"start":{"line":0,"column":0},"end":{"line":0,"column":0},"skip":true},"skip":true},"292":{"name":"(anonymous_292)","line":2320,"loc":{"start":{"line":0,"column":0},"end":{"line":0,"column":0},"skip":true},"skip":true},"293":{"name":"(anonymous_293)","line":2332,"loc":{"start":{"line":0,"column":0},"end":{"line":0,"column":0},"skip":true},"skip":true},"294":{"name":"(anonymous_294)","line":2332,"loc":{"start":{"line":202,"column":0},"end":{"line":202,"column":0}}},"295":{"name":"(anonymous_295)","line":2372,"loc":{"start":{"line":60,"column":0},"end":{"line":61,"column":0}}},"296":{"name":"(anonymous_296)","line":2372,"loc":{"start":{"line":62,"column":0},"end":{"line":62,"column":0}}},"297":{"name":"(anonymous_297)","line":2373,"loc":{"start":{"line":77,"column":0},"end":{"line":78,"column":0}}},"298":{"name":"assert","line":2373,"loc":{"start":{"line":79,"column":0},"end":{"line":81,"column":0}}},"299":{"name":"(anonymous_299)","line":2377,"loc":{"start":{"line":99,"column":0},"end":{"line":100,"column":0}}},"300":{"name":"(anonymous_300)","line":2377,"loc":{"start":{"line":113,"column":0},"end":{"line":113,"column":0}}},"301":{"name":"(anonymous_301)","line":2405,"loc":{"start":{"line":36,"column":0},"end":{"line":37,"column":0}}},"302":{"name":"(anonymous_302)","line":2405,"loc":{"start":{"line":37,"column":0},"end":{"line":38,"column":0}}},"303":{"name":"(anonymous_303)","line":2405,"loc":{"start":{"line":45,"column":0},"end":{"line":45,"column":0}}},"304":{"name":"(anonymous_304)","line":2433,"loc":{"start":{"line":36,"column":0},"end":{"line":37,"column":0}}},"305":{"name":"addProperty","line":2433,"loc":{"start":{"line":38,"column":0},"end":{"line":39,"column":0}}},"306":{"name":"(anonymous_306)","line":2433,"loc":{"start":{"line":49,"column":0},"end":{"line":49,"column":0}}},"307":{"name":"(anonymous_307)","line":2449,"loc":{"start":{"line":25,"column":0},"end":{"line":26,"column":0}}},"308":{"name":"(anonymous_308)","line":2449,"loc":{"start":{"line":27,"column":0},"end":{"line":27,"column":0}}},"309":{"name":"(anonymous_309)","line":2450,"loc":{"start":{"line":0,"column":0},"end":{"line":0,"column":0},"skip":true},"skip":true},"310":{"name":"(anonymous_310)","line":2450,"loc":{"start":{"line":36,"column":0},"end":{"line":36,"column":0}}},"311":{"name":"(anonymous_311)","line":2450,"loc":{"start":{"line":43,"column":0},"end":{"line":43,"column":0}}},"312":{"name":"(anonymous_312)","line":2471,"loc":{"start":{"line":26,"column":0},"end":{"line":27,"column":0}}},"313":{"name":"(anonymous_313)","line":2471,"loc":{"start":{"line":34,"column":0},"end":{"line":34,"column":0}}},"314":{"name":"(anonymous_314)","line":2484,"loc":{"start":{"line":18,"column":0},"end":{"line":19,"column":0}}},"315":{"name":"(anonymous_315)","line":2484,"loc":{"start":{"line":21,"column":0},"end":{"line":21,"column":0}}},"316":{"name":"getEnumerableProperties","line":2499,"loc":{"start":{"line":20,"column":0},"end":{"line":21,"column":0}}},"317":{"name":"(anonymous_317)","line":2499,"loc":{"start":{"line":27,"column":0},"end":{"line":27,"column":0}}},"318":{"name":"(anonymous_318)","line":2522,"loc":{"start":{"line":35,"column":0},"end":{"line":36,"column":0}}},"319":{"name":"(anonymous_319)","line":2522,"loc":{"start":{"line":46,"column":0},"end":{"line":46,"column":0}}},"320":{"name":"(anonymous_320)","line":2522,"loc":{"start":{"line":47,"column":0},"end":{"line":47,"column":0}}},"321":{"name":"(anonymous_321)","line":2522,"loc":{"start":{"line":48,"column":0},"end":{"line":48,"column":0}}},"322":{"name":"(anonymous_322)","line":2522,"loc":{"start":{"line":52,"column":0},"end":{"line":52,"column":0}}},"323":{"name":"(anonymous_323)","line":2534,"loc":{"start":{"line":17,"column":0},"end":{"line":18,"column":0}}},"324":{"name":"(anonymous_324)","line":2534,"loc":{"start":{"line":23,"column":0},"end":{"line":23,"column":0}}},"325":{"name":"getPathInfo","line":2558,"loc":{"start":{"line":31,"column":0},"end":{"line":32,"column":0}}},"326":{"name":"parsePath","line":2575,"loc":{"start":{"line":65,"column":0},"end":{"line":66,"column":0}}},"327":{"name":"(anonymous_327)","line":2575,"loc":{"start":{"line":68,"column":0},"end":{"line":69,"column":0}}},"328":{"name":"_getPathValue","line":2588,"loc":{"start":{"line":92,"column":0},"end":{"line":93,"column":0}}},"329":{"name":"(anonymous_329)","line":2588,"loc":{"start":{"line":112,"column":0},"end":{"line":112,"column":0}}},"330":{"name":"(anonymous_330)","line":2622,"loc":{"start":{"line":40,"column":0},"end":{"line":41,"column":0}}},"331":{"name":"(anonymous_331)","line":2622,"loc":{"start":{"line":44,"column":0},"end":{"line":44,"column":0}}},"332":{"name":"getProperties","line":2637,"loc":{"start":{"line":20,"column":0},"end":{"line":21,"column":0}}},"333":{"name":"addProperty","line":2637,"loc":{"start":{"line":22,"column":0},"end":{"line":24,"column":0}}},"334":{"name":"(anonymous_334)","line":2637,"loc":{"start":{"line":37,"column":0},"end":{"line":37,"column":0}}},"335":{"name":"hasProperty","line":2676,"loc":{"start":{"line":51,"column":0},"end":{"line":52,"column":0}}},"336":{"name":"(anonymous_336)","line":2679,"loc":{"start":{"line":65,"column":0},"end":{"line":65,"column":0}}},"337":{"name":"(anonymous_337)","line":2725,"loc":{"start":{"line":131,"column":0},"end":{"line":131,"column":0}}},"338":{"name":"inspect","line":2739,"loc":{"start":{"line":23,"column":0},"end":{"line":24,"column":0}}},"339":{"name":"(anonymous_339)","line":2739,"loc":{"start":{"line":27,"column":0},"end":{"line":27,"column":0}}},"340":{"name":"(anonymous_340)","line":2740,"loc":{"start":{"line":33,"column":0},"end":{"line":34,"column":0}}},"341":{"name":"formatValue","line":2740,"loc":{"start":{"line":44,"column":0},"end":{"line":45,"column":0}}},"342":{"name":"(anonymous_342)","line":2764,"loc":{"start":{"line":173,"column":0},"end":{"line":174,"column":0}}},"343":{"name":"formatPrimitive","line":2764,"loc":{"start":{"line":184,"column":0},"end":{"line":185,"column":0}}},"344":{"name":"formatError","line":2765,"loc":{"start":{"line":211,"column":0},"end":{"line":212,"column":0}}},"345":{"name":"formatArray","line":2765,"loc":{"start":{"line":216,"column":0},"end":{"line":217,"column":0}}},"346":{"name":"(anonymous_346)","line":2765,"loc":{"start":{"line":226,"column":0},"end":{"line":227,"column":0}}},"347":{"name":"formatProperty","line":2765,"loc":{"start":{"line":236,"column":0},"end":{"line":237,"column":0}}},"348":{"name":"(anonymous_348)","line":2765,"loc":{"start":{"line":263,"column":0},"end":{"line":264,"column":0}}},"349":{"name":"(anonymous_349)","line":2765,"loc":{"start":{"line":267,"column":0},"end":{"line":268,"column":0}}},"350":{"name":"reduceToSingleString","line":2765,"loc":{"start":{"line":296,"column":0},"end":{"line":297,"column":0}}},"351":{"name":"(anonymous_351)","line":2765,"loc":{"start":{"line":298,"column":0},"end":{"line":299,"column":0}}},"352":{"name":"isArray","line":2765,"loc":{"start":{"line":316,"column":0},"end":{"line":317,"column":0}}},"353":{"name":"isRegExp","line":2765,"loc":{"start":{"line":321,"column":0},"end":{"line":322,"column":0}}},"354":{"name":"isDate","line":2765,"loc":{"start":{"line":325,"column":0},"end":{"line":326,"column":0}}},"355":{"name":"isError","line":2765,"loc":{"start":{"line":329,"column":0},"end":{"line":330,"column":0}}},"356":{"name":"objectToString","line":2765,"loc":{"start":{"line":333,"column":0},"end":{"line":334,"column":0}}},"357":{"name":"(anonymous_357)","line":2765,"loc":{"start":{"line":336,"column":0},"end":{"line":336,"column":0}}},"358":{"name":"(anonymous_358)","line":2782,"loc":{"start":{"line":27,"column":0},"end":{"line":28,"column":0}}},"359":{"name":"(anonymous_359)","line":2782,"loc":{"start":{"line":51,"column":0},"end":{"line":51,"column":0}}},"360":{"name":"(anonymous_360)","line":2817,"loc":{"start":{"line":40,"column":0},"end":{"line":41,"column":0}}},"361":{"name":"(anonymous_361)","line":2817,"loc":{"start":{"line":44,"column":0},"end":{"line":45,"column":0}}},"362":{"name":"(anonymous_362)","line":2817,"loc":{"start":{"line":50,"column":0},"end":{"line":51,"column":0}}},"363":{"name":"(anonymous_363)","line":2817,"loc":{"start":{"line":55,"column":0},"end":{"line":55,"column":0}}},"364":{"name":"(anonymous_364)","line":2853,"loc":{"start":{"line":41,"column":0},"end":{"line":42,"column":0}}},"365":{"name":"(anonymous_365)","line":2853,"loc":{"start":{"line":43,"column":0},"end":{"line":43,"column":0}}},"366":{"name":"(anonymous_366)","line":2853,"loc":{"start":{"line":47,"column":0},"end":{"line":49,"column":0}}},"367":{"name":"(anonymous_367)","line":2853,"loc":{"start":{"line":53,"column":0},"end":{"line":53,"column":0}}},"368":{"name":"(anonymous_368)","line":2889,"loc":{"start":{"line":41,"column":0},"end":{"line":42,"column":0}}},"369":{"name":"(anonymous_369)","line":2889,"loc":{"start":{"line":43,"column":0},"end":{"line":43,"column":0}}},"370":{"name":"(anonymous_370)","line":2889,"loc":{"start":{"line":49,"column":0},"end":{"line":50,"column":0}}},"371":{"name":"(anonymous_371)","line":2889,"loc":{"start":{"line":56,"column":0},"end":{"line":56,"column":0}}},"372":{"name":"(anonymous_372)","line":2904,"loc":{"start":{"line":24,"column":0},"end":{"line":25,"column":0}}},"373":{"name":"(anonymous_373)","line":2904,"loc":{"start":{"line":29,"column":0},"end":{"line":29,"column":0}}},"374":{"name":"(anonymous_374)","line":2929,"loc":{"start":{"line":30,"column":0},"end":{"line":31,"column":0}}},"375":{"name":"(anonymous_375)","line":2929,"loc":{"start":{"line":46,"column":0},"end":{"line":46,"column":0}}},"376":{"name":"exclude","line":2940,"loc":{"start":{"line":16,"column":0},"end":{"line":17,"column":0}}},"377":{"name":"excludeProps","line":2940,"loc":{"start":{"line":18,"column":0},"end":{"line":20,"column":0}}},"378":{"name":"(anonymous_378)","line":2940,"loc":{"start":{"line":20,"column":0},"end":{"line":21,"column":0}}},"379":{"name":"extendExclude","line":2940,"loc":{"start":{"line":24,"column":0},"end":{"line":26,"column":0}}},"380":{"name":"AssertionError","line":2951,"loc":{"start":{"line":55,"column":0},"end":{"line":56,"column":0}}},"381":{"name":"(anonymous_381)","line":2965,"loc":{"start":{"line":106,"column":0},"end":{"line":107,"column":0}}},"382":{"name":"(anonymous_382)","line":2966,"loc":{"start":{"line":117,"column":0},"end":{"line":117,"column":0}}},"383":{"name":"(anonymous_383)","line":2966,"loc":{"start":{"line":2,"column":0},"end":{"line":2,"column":0}}},"384":{"name":"(anonymous_384)","line":2974,"loc":{"start":{"line":21,"column":0},"end":{"line":21,"column":0}}},"385":{"name":"deepEqual","line":2984,"loc":{"start":{"line":40,"column":0},"end":{"line":41,"column":0}}},"386":{"name":"sameValue","line":2991,"loc":{"start":{"line":70,"column":0},"end":{"line":71,"column":0}}},"387":{"name":"typeEqual","line":3000,"loc":{"start":{"line":86,"column":0},"end":{"line":87,"column":0}}},"388":{"name":"dateEqual","line":3007,"loc":{"start":{"line":99,"column":0},"end":{"line":100,"column":0}}},"389":{"name":"regexpEqual","line":3014,"loc":{"start":{"line":113,"column":0},"end":{"line":114,"column":0}}},"390":{"name":"argumentsEqual","line":3023,"loc":{"start":{"line":129,"column":0},"end":{"line":130,"column":0}}},"391":{"name":"enumerable","line":3028,"loc":{"start":{"line":143,"column":0},"end":{"line":144,"column":0}}},"392":{"name":"iterableEqual","line":3035,"loc":{"start":{"line":158,"column":0},"end":{"line":159,"column":0}}},"393":{"name":"bufferEqual","line":3042,"loc":{"start":{"line":183,"column":0},"end":{"line":184,"column":0}}},"394":{"name":"isValue","line":3048,"loc":{"start":{"line":196,"column":0},"end":{"line":197,"column":0}}},"395":{"name":"objectEqual","line":3057,"loc":{"start":{"line":211,"column":0},"end":{"line":212,"column":0}}},"396":{"name":"(anonymous_396)","line":3057,"loc":{"start":{"line":258,"column":0},"end":{"line":258,"column":0}}},"397":{"name":"(anonymous_397)","line":3057,"loc":{"start":{"line":2,"column":0},"end":{"line":2,"column":0}}},"398":{"name":"getType","line":3075,"loc":{"start":{"line":37,"column":0},"end":{"line":38,"column":0}}},"399":{"name":"Library","line":3084,"loc":{"start":{"line":59,"column":0},"end":{"line":60,"column":0}}},"400":{"name":"(anonymous_400)","line":3122,"loc":{"start":{"line":107,"column":0},"end":{"line":108,"column":0}}},"401":{"name":"(anonymous_401)","line":3138,"loc":{"start":{"line":131,"column":0},"end":{"line":132,"column":0}}},"402":{"name":"(anonymous_402)","line":3138,"loc":{"start":{"line":143,"column":0},"end":{"line":143,"column":0}}},"403":{"name":"(anonymous_403)","line":3138,"loc":{"start":{"line":143,"column":0},"end":{"line":143,"column":0}}},"404":{"name":"getTyp
[...]
"line":21,"column":0}}]},"605":{"line":2951,"type":"binary-expr","locations":[{"start":{"line":57,"column":0},"end":{"line":57,"column":0}},{"start":{"line":58,"column":0},"end":{"line":58,"column":0}}]},"606":{"line":2952,"type":"binary-expr","locations":[{"start":{"line":0,"column":0},"end":{"line":0,"column":0},"skip":true},{"start":{"line":61,"column":0},"end":{"line":61,"column":0}}]},"607":{"line":2954,"type":"binary-expr","locations":[{"start":{"line":0,"column":0},"end":{"line":0,"column":0},"skip":true},{"start":{"line":0,"column":0},"end":{"line":0,"column":0},"skip":true}]},"608":{"line":2954,"type":"if","locations":[{"start":{"line":70,"column":0},"end":{"line":70,"column":0}},{"start":{"line":70,"column":0},"end":{"line":70,"column":0}}]},"609":{"line":2954,"type":"binary-expr","locations":[{"start":{"line":70,"column":0},"end":{"line":70,"column":0}},{"start":{"line":70,"column":0},"end":{"line":70,"column":0}}]},"610":{"line":2966,"type":"if","locations":[{"start":{"line":0,"column":0},"end":{"line":0,"column":0},"skip":true},{"start":{"line":0,"column":0},"end":{"line":0,"column":0},"skip":true}]},"611":{"line":2966,"type":"binary-expr","locations":[{"start":{"line":0,"column":0},"end":{"line":0,"column":0},"skip":true},{"start":{"line":0,"column":0},"end":{"line":0,"column":0},"skip":true}]},"612":{"line":2984,"type":"if","locations":[{"start":{"line":41,"column":0},"end":{"line":41,"column":0}},{"start":{"line":41,"column":0},"end":{"line":41,"column":0}}]},"613":{"line":2984,"type":"if","locations":[{"start":{"line":43,"column":0},"end":{"line":43,"column":0}},{"start":{"line":43,"column":0},"end":{"line":43,"column":0}}]},"614":{"line":2984,"type":"if","locations":[{"start":{"line":45,"column":0},"end":{"line":45,"column":0}},{"start":{"line":45,"column":0},"end":{"line":45,"column":0}}]},"615":{"line":2984,"type":"if","locations":[{"start":{"line":47,"column":0},"end":{"line":47,"column":0}},{"start":{"line":47,"column":0},"end":{"line":47,"column":0}}]},"616":{"line":2984,"type":"if","locations":[{"start":{"line":49,"column":0},"end":{"line":49,"column":0}},{"start":{"line":49,"column":0},"end":{"line":49,"column":0}}]},"617":{"line":2984,"type":"if","locations":[{"start":{"line":51,"column":0},"end":{"line":51,"column":0}},{"start":{"line":51,"column":0},"end":{"line":51,"column":0}}]},"618":{"line":2984,"type":"if","locations":[{"start":{"line":53,"column":0},"end":{"line":53,"column":0}},{"start":{"line":53,"column":0},"end":{"line":53,"column":0}}]},"619":{"line":2984,"type":"binary-expr","locations":[{"start":{"line":53,"column":0},"end":{"line":53,"column":0}},{"start":{"line":53,"column":0},"end":{"line":54,"column":0}},{"start":{"line":54,"column":0},"end":{"line":54,"column":0}},{"start":{"line":54,"column":0},"end":{"line":54,"column":0}}]},"620":{"line":2991,"type":"if","locations":[{"start":{"line":71,"column":0},"end":{"line":71,"column":0}},{"start":{"line":71,"column":0},"end":{"line":71,"column":0}}]},"621":{"line":2991,"type":"binary-expr","locations":[{"start":{"line":71,"column":0},"end":{"line":71,"column":0}},{"start":{"line":71,"column":0},"end":{"line":72,"column":0}}]},"622":{"line":2991,"type":"binary-expr","locations":[{"start":{"line":72,"column":0},"end":{"line":72,"column":0}},{"start":{"line":72,"column":0},"end":{"line":73,"column":0}}]},"623":{"line":3007,"type":"if","locations":[{"start":{"line":100,"column":0},"end":{"line":100,"column":0}},{"start":{"line":100,"column":0},"end":{"line":100,"column":0}}]},"624":{"line":3014,"type":"if","locations":[{"start":{"line":114,"column":0},"end":{"line":114,"column":0}},{"start":{"line":114,"column":0},"end":{"line":114,"column":0}}]},"625":{"line":3023,"type":"if","locations":[{"start":{"line":130,"column":0},"end":{"line":130,"column":0}},{"start":{"line":130,"column":0},"end":{"line":130,"column":0}}]},"626":{"line":3035,"type":"if","locations":[{"start":{"line":159,"column":0},"end":{"line":159,"column":0}},{"start":{"line":159,"column":0},"end":{"line":159,"column":0}}]},"627":{"line":3035,"type":"if","locations":[{"start":{"line":165,"column":0},"end":{"line":165,"column":0}},{"start":{"line":165,"column":0},"end":{"line":165,"column":0}}]},"628":{"line":3042,"type":"if","locations":[{"start":{"line":184,"column":0},"end":{"line":184,"column":0}},{"start":{"line":184,"column":0},"end":{"line":184,"column":0}}]},"629":{"line":3048,"type":"binary-expr","locations":[{"start":{"line":197,"column":0},"end":{"line":197,"column":0}},{"start":{"line":197,"column":0},"end":{"line":198,"column":0}}]},"630":{"line":3057,"type":"if","locations":[{"start":{"line":212,"column":0},"end":{"line":212,"column":0}},{"start":{"line":212,"column":0},"end":{"line":212,"column":0}}]},"631":{"line":3057,"type":"binary-expr","locations":[{"start":{"line":212,"column":0},"end":{"line":212,"column":0}},{"start":{"line":212,"column":0},"end":{"line":212,"column":0}}]},"632":{"line":3057,"type":"if","locations":[{"start":{"line":215,"column":0},"end":{"line":215,"column":0}},{"start":{"line":215,"column":0},"end":{"line":215,"column":0}}]},"633":{"line":3057,"type":"if","locations":[{"start":{"line":221,"column":0},"end":{"line":221,"column":0}},{"start":{"line":221,"column":0},"end":{"line":221,"column":0}}]},"634":{"line":3057,"type":"if","locations":[{"start":{"line":223,"column":0},"end":{"line":223,"column":0}},{"start":{"line":223,"column":0},"end":{"line":223,"column":0}}]},"635":{"line":3057,"type":"binary-expr","locations":[{"start":{"line":223,"column":0},"end":{"line":223,"column":0}},{"start":{"line":223,"column":0},"end":{"line":224,"column":0}},{"start":{"line":224,"column":0},"end":{"line":224,"column":0}},{"start":{"line":224,"column":0},"end":{"line":224,"column":0}}]},"636":{"line":3057,"type":"if","locations":[{"start":{"line":241,"column":0},"end":{"line":241,"column":0}},{"start":{"line":241,"column":0},"end":{"line":241,"column":0}}]},"637":{"line":3057,"type":"if","locations":[{"start":{"line":251,"column":0},"end":{"line":251,"column":0}},{"start":{"line":251,"column":0},"end":{"line":251,"column":0}}]},"638":{"line":3075,"type":"if","locations":[{"start":{"line":39,"column":0},"end":{"line":39,"column":0}},{"start":{"line":39,"column":0},"end":{"line":39,"column":0}}]},"639":{"line":3075,"type":"if","locations":[{"start":{"line":40,"column":0},"end":{"line":40,"column":0}},{"start":{"line":40,"column":0},"end":{"line":40,"column":0}}]},"640":{"line":3075,"type":"if","locations":[{"start":{"line":41,"column":0},"end":{"line":41,"column":0}},{"start":{"line":41,"column":0},"end":{"line":41,"column":0}}]},"641":{"line":3075,"type":"if","locations":[{"start":{"line":42,"column":0},"end":{"line":42,"column":0}},{"start":{"line":42,"column":0},"end":{"line":42,"column":0}}]},"642":{"line":3122,"type":"if","locations":[{"start":{"line":108,"column":0},"end":{"line":108,"column":0}},{"start":{"line":108,"column":0},"end":{"line":108,"column":0}}]},"643":{"line":3138,"type":"if","locations":[{"start":{"line":132,"column":0},"end":{"line":132,"column":0}},{"start":{"line":132,"column":0},"end":{"line":132,"column":0}}]},"644":{"line":3138,"type":"if","locations":[{"start":{"line":134,"column":0},"end":{"line":134,"column":0}},{"start":{"line":134,"column":0},"end":{"line":134,"column":0}}]},"645":{"line":3138,"type":"binary-expr","locations":[{"start":{"line":134,"column":0},"end":{"line":134,"column":0}},{"start":{"line":134,"column":0},"end":{"line":134,"column":0}}]},"646":{"line":3138,"type":"if","locations":[{"start":{"line":137,"column":0},"end":{"line":137,"column":0}},{"start":{"line":137,"column":0},"end":{"line":137,"column":0}}]},"647":{"line":3138,"type":"binary-expr","locations":[{"start":{"line":137,"column":0},"end":{"line":137,"column":0}},{"start":{"line":137,"column":0},"end":{"line":137,"column":0}}]},"648":{"line":3155,"type":"if","locations":[{"start":{"line":0,"column":0},"end":{"line":0,"column":0},"skip":true},{"start":{"line":0,"column":0},"end":{"line":0,"column":0},"skip":true}]},"649":{"line":3155,"type":"binary-expr","locations":[{"start":{"line":0,"column":0},"end":{"line":0,"column":0},"skip":true},{"start":{"line":0,"column":0},"end":{"line":0,"column":0},"skip":true}]},"650":{"line":3156,"type":"if","locations":[{"start":{"line":0,"column":0},"end":{"line":0,"column":0},"skip":true},{"start":{"line":0,"column":0},"end":{"line":0,"column":0},"skip":true}]},"651":{"line":3157,"type":"if","locations":[{"start":{"line":0,"column":0},"end":{"line":0,"column":0},"skip":true},{"start":{"line":0,"column":0},"end":{"line":0,"column":0},"skip":true}]},"652":{"line":3166,"type":"if","locations":[{"start":{"line":51,"column":0},"end":{"line":51,"column":0}},{"start":{"line":51,"column":0},"end":{"line":51,"column":0}}]},"653":{"line":3204,"type":"if","locations":[{"start":{"line":100,"column":0},"end":{"line":100,"column":0}},{"start":{"line":100,"column":0},"end":{"line":100,"column":0}}]},"654":{"line":3220,"type":"if","locations":[{"start":{"line":124,"column":0},"end":{"line":124,"column":0}},{"start":{"line":124,"column":0},"end":{"line":124,"column":0}}]},"655":{"line":3220,"type":"if","locations":[{"start":{"line":126,"column":0},"end":{"line":126,"column":0}},{"start":{"line":126,"column":0},"end":{"line":126,"column":0}}]},"656":{"line":3220,"type":"binary-expr","locations":[{"start":{"line":126,"column":0},"end":{"line":126,"column":0}},{"start":{"line":126,"column":0},"end":{"line":126,"column":0}}]},"657":{"line":3220,"type":"if","locations":[{"start":{"line":129,"column":0},"end":{"line":129,"column":0}},{"start":{"line":129,"column":0},"end":{"line":129,"column":0}}]},"658":{"line":3220,"type":"binary-expr","locations":[{"start":{"line":129,"column":0},"end":{"line":129,"column":0}},{"start":{"line":129,"column":0},"end":{"line":129,"column":0}}]}},"l":{"0":13,"1":65,"2":0,"3":1,"4":1,"5":1,"6":1,"7":1,"8":1,"9":1,"10":1,"11":1,"12":1,"13":64,"14":64,"15":1,"16":1,"17":1,"18":1,"19":0,"20":1,"21":1,"22":1,"23":1,"24":1,"25":2,"26":1,"27":22,"28":22,"29":12,"30":1,"31":10,"32":2,"33":2,"34":2,"35":2,"36":2,"37":40,"38":2,"39":5,"40":6,"41":5,"42":6,"43":5,"44":4,"45":0,"46":13,"47":4,"48":0,"49":0,"50":1,"51":1,"52":1,"53":1,"54":1,"55":1,"56":1,"57":1,"58":1,"59":1,"60":1,"61":31,"62":8,"63":1,"64":13,"65":40,"66":0,"67":1,"68":0,"69":13,"70":1,"71":1,"72":1,"73":0,"74":13,"75":13,"76":1,"77":0,"78":2,"79":2,"80":0,"81":2,"82":2,"83":2,"84":2,"85":2,"86":1,"87":0,"88":1,"89":0,"91":1,"92":1,"93":1,"94":2,"95":0,"96":0,"97":1,"98":0,"99":1,"100":2,"101":2,"102":2,"103":2,"104":0,"105":0,"106":2,"107":1,"108":2,"109":0,"110":0,"111":0,"112":1,"113":1,"114":0,"115":0,"116":1,"117":0,"118":1,"119":1,"120":0,"121":0,"123":1,"124":1,"125":0,"126":0,"128":0,"129":1,"130":1,"131":1,"132":1,"133":0,"134":0,"135":0,"136":0,"137":0,"138":0,"140":0,"142":0,"143":1,"144":0,"145":0,"146":0,"147":0,"148":1,"149":0,"151":0,"152":1,"153":1,"154":1,"155":1,"156":0,"158":1,"159":0,"160":0,"161":0,"162":0,"163":0,"164":2,"165":2,"166":2,"167":0,"168":2,"170":0,"171":1,"172":0,"173":0,"174":0,"175":1,"176":0,"177":1,"178":0,"179":0,"183":1,"184":1,"185":0,"187":0,"190":0,"191":1,"192":0,"193":0,"194":0,"195":1,"196":1,"197":0,"198":1,"199":0,"200":1,"202":0,"203":0,"204":1,"206":0,"207":0,"209":1,"210":0,"211":1,"212":0,"213":0,"214":0,"215":1,"216":1,"217":0,"218":0,"219":1,"220":0,"221":0,"222":0,"223":0,"224":0,"225":0,"226":0,"227":0,"228":0,"229":0,"230":0,"231":0,"232":0,"233":0,"234":0,"235":1,"236":1,"237":1,"238":1,"239":1,"240":0,"241":0,"243":0,"244":1,"245":0,"246":0,"247":0,"248":0,"249":0,"250":0,"251":0,"252":0,"254":0,"255":0,"256":0,"257":0,"258":0,"259":0,"260":0,"261":0,"262":0,"263":0,"264":0,"266":0,"267":0,"268":0,"271":0,"273":0,"274":1,"275":0,"276":0,"277":0,"278":0,"280":0,"281":0,"282":0,"283":0,"284":0,"285":0,"286":0,"288":0,"290":0,"291":0,"293":0,"295":0,"296":1,"297":0,"298":0,"300":0,"301":0,"303":0,"304":1,"305":0,"308":0,"311":0,"312":0,"313":0,"314":1,"315":0,"316":1,"317":0,"318":0,"321":1,"322":0,"325":1,"326":0,"327":0,"329":1,"330":0,"331":0,"332":0,"333":1,"334":0,"336":0,"337":0,"338":0,"340":0,"342":0,"343":0,"344":0,"345":0,"348":1,"349":0,"351":0,"361":0,"363":0,"367":1,"368":0,"369":0,"370":0,"371":0,"373":0,"375":0,"377":0,"378":0,"379":0,"380":0,"383":0,"385":0,"386":0,"387":0,"388":0,"389":0,"391":0,"392":0,"394":0,"397":1,"398":0,"399":0,"401":0,"403":0,"405":0,"406":0,"407":0,"408":0,"410":0,"414":0,"415":0,"416":0,"418":0,"419":0,"420":0,"422":0,"424":0,"426":0,"429":0,"431":0,"433":0,"435":0,"437":0,"441":1,"443":1,"444":0,"446":0,"448":0,"454":1,"456":1,"459":0,"461":0,"463":0,"465":0,"467":0,"472":0,"473":0,"475":0,"477":0,"478":0,"479":0,"481":0,"482":0,"483":0,"484":0,"485":0,"487":0,"490":0,"493":0,"496":0,"497":1,"499":1,"500":1,"502":0,"505":0,"506":0,"507":0,"514":1,"516":2,"517":0,"518":0,"519":0,"520":0,"522":1,"523":0,"524":0,"525":0,"527":0,"528":0,"529":1,"530":0,"531":1,"533":1,"534":0,"535":0,"536":0,"538":0,"539":0,"540":0,"542":0,"545":1,"546":0,"547":0,"548":0,"549":0,"552":1,"553":0,"554":0,"555":0,"558":1,"559":0,"560":0,"561":0,"562":0,"563":0,"565":0,"568":1,"569":0,"570":0,"571":0,"572":0,"574":0,"575":0,"576":0,"577":0,"578":1,"579":0,"580":1,"581":1,"582":0,"583":0,"585":0,"587":0,"589":0,"591":0,"593":0,"594":0,"596":0,"597":0,"599":0,"601":0,"602":0,"603":0,"604":0,"606":0,"607":0,"608":0,"609":0,"610":0,"611":0,"612":0,"613":0,"615":0,"616":0,"617":0,"619":0,"620":0,"621":0,"623":0,"624":0,"627":1,"628":0,"629":1,"630":0,"631":0,"632":0,"633":0,"634":0,"636":0,"637":0,"639":0,"640":0,"641":0,"642":0,"645":1,"647":0,"648":0,"650":0,"651":0,"653":0,"655":0,"656":0,"657":0,"658":0,"659":0,"660":0,"661":0,"664":0,"667":1,"669":0,"670":0,"671":0,"672":0,"673":0,"674":0,"675":0,"676":1,"677":0,"678":1,"679":1,"680":0,"684":0,"686":0,"688":0,"689":0,"692":0,"694":0,"696":0,"697":0,"698":0,"700":0,"702":0,"705":0,"706":1,"707":0,"708":0,"709":0,"710":1,"711":0,"712":0,"713":0,"714":0,"716":0,"717":0,"718":0,"724":0,"725":1,"727":1,"729":0,"730":0,"731":0,"732":0,"733":0,"734":0,"737":1,"738":0,"741":1,"742":0,"745":1,"746":0,"749":1,"750":0,"753":1,"754":0,"756":1,"757":0,"758":0,"759":0,"760":0,"761":0,"762":0,"765":0,"766":0,"767":0,"770":0,"771":0,"772":0,"773":0,"775":0,"776":0,"778":0,"780":0,"784":0,"786":0,"787":0,"789":0,"791":0,"793":0,"794":0,"795":0,"796":0,"798":0,"800":0,"801":1,"802":0,"803":1,"805":0,"808":0,"818":0,"821":0,"822":0,"823":0,"828":1,"829":0,"835":1,"836":0,"837":0,"839":0,"843":1,"844":0,"845":0,"846":0,"848":0,"849":0,"850":0,"851":0,"855":0,"857":0,"858":0,"861":0,"862":0,"864":0,"865":0,"866":0,"867":0,"868":0,"869":0,"870":0,"874":0,"875":0,"876":0,"877":0,"878":0,"879":0,"880":0,"883":0,"884":0,"885":0,"886":0,"887":0,"888":0,"889":0,"890":0,"891":0,"893":0,"894":0,"895":0,"896":0,"898":0,"901":0,"902":0,"903":0,"905":0,"906":0,"908":0,"910":0,"912":0,"913":0,"919":1,"921":1,"922":0,"923":0,"924":0,"929":0,"930":0,"931":0,"934":0,"935":0,"936":0,"939":1,"940":0,"941":0,"942":1,"944":1,"946":0,"949":1,"950":0,"951":0,"952":0,"954":0,"956":0,"959":1,"960":0,"961":0,"963":0,"964":0,"966":0,"967":0,"968":0,"969":0,"971":0,"972":1,"973":0,"974":0,"975":0,"976":0,"978":0,"980":0,"981":1,"982":0,"983":0,"984":0,"985":0,"987":0,"988":0,"989":0,"990":0,"992":1,"994":1,"995":0,"996":0,"997":0,"999":0,"1001":0,"1003":0,"1004":0,"1005":0,"1007":0,"1008":0,"1009":0,"1010":0,"1013":0,"1020":1,"1021":0,"1022":0,"1025":1,"1026":0,"1027":0,"1028":0,"1029":0,"1031":0,"1032":0,"1033":0,"1034":0,"1036":0,"1038":1,"1040":1,"1041":0,"1042":0,"1043":0,"1044":0,"1046":0,"1048":0,"1049":0,"1050":0,"1052":0,"1053":1,"1055":1,"1056":1,"1057":0,"1058":0,"1061":1,"1062":0,"1063":0,"1066":1,"1067":0,"1068":0,"1071":1,"1072":0,"1073":0,"1074":0,"1080":1,"1081":0,"1082":1,"1086":0,"1089":1,"1090":0,"1091":0,"1092":0,"1093":0,"1095":0,"1096":0,"1097":0,"1098":0,"1099":0,"1100":0,"1101":0,"1102":0,"1103":0,"1107":1,"1108":0,"1109":0,"1110":0,"1111":0,"1113":0,"1114":0,"1115":0,"1116":0,"1117":0,"1118":0,"1119":0,"1121":0,"1125":1,"1126":0,"1127":0,"1128":0,"1131":1,"1132":0,"1133":0,"1134":0,"1137":1,"1138":0,"1139":0,"1140":0,"1143":1,"1144":0,"1145":0,"1146":0,"1148":0,"1151":0,"1152":1,"1153":0,"1154":0,"1155":0,"1158":0,"1160":0,"1161":1,"1162":0,"1163":0,"1164":0,"1165":0,"1166":1,"1167":0,"1168":0,"1169":0,"1170":0,"1171":1,"1172":0,"1173":0,"1175":0,"1176":1,"1177":0,"1178":0,"1179":0,"1181":1,"1182":0,"1183":0,"1184":0,"1185":0,"1187":1,"1188":0,"1189":0,"1190":0,"1191":0,"1192":0,"1193":0,"1194":0,"1195":0,"1196":0,"1197":0,"1198":0,"1199":0,"1200":0,"1201":0,"1202":0,"1203":0,"1204":0,"1205":0,"1206":1,"1207":0,"1208":0,"1209":0,"1210":0,"1211":0,"1212":0,"1214":0,"1216":0,"1217":0,"1218":0,"1219":0,"1221":0,"1223":0,"1225":1,"1226":0,"1227":0,"1228":0,"1229":0,"1230":1,"1231":0,"1232":1,"1234":1,"1235":0,"1236":0,"1237":0,"1242":1,"1243":0,"1244":0,"1245":0,"1246":0,"1247":0,"1248":0,"1250":0,"1252":0,"1255":1,"1256":0,"1257":0,"1258":0,"1259":0,"1260":0,"1261":0,"1263":0,"1265":0,"1268":1,"1269":0,"1270":0,"1271":0,"1272":0,"1273":0,"1274":0,"1275":1,"1276":0,"1277":0,"1278":0,"1279":0,"1280":0,"1281":0,"1282":0,"1283":0,"1284":0,"1285":0,"1286":0,"1287":0,"1288":0,"1289":0,"1290":1,"1291":0,"1292":0,"1293":0,"1294":0,"1295":0,"1296":0,"1297":0,"1298":0,"1300":0,"1301":0,"1302":0,"1303":0,"1304":0,"1305":1,"1306":0,"1307":0,"1308":0,"1309":0,"1310":0,"1313":0,"1315":0,"1316":0,"1317":0,"1318":0,"1319":0,"1320":0,"1322":0,"1324":0,"1327":0,"1328":1,"1329":0,"1330":0,"1331":0,"1332":0,"1333":0,"1336":0,"1338":0,"1339":0,"1340":0,"1341":0,"1342":0,"1343":0,"1344":0,"1345":0,"1347":0,"1348":0,"1349":0,"1351":1,"1352":0,"1353":0,"1354":0,"1355":0,"1356":0,"1357":0,"1358":0,"1360":0,"1361":1,"1362":0,"1363":0,"1364":0,"1365":0,"1366":0,"1367":0,"1369":0,"1371":0,"1373":0,"1374":1,"1375":0,"1376":0,"1377":0,"1378":0,"1379":0,"1380":0,"1382":0,"1384":0,"1386":1,"1387":1,"1388":1,"1389":1,"1390":0,"1391":0,"1392":0,"1393":0,"1394":0,"1395":0,"1397":0,"1399":0,"1402":1,"1403":0,"1404":0,"1405":0,"1406":0,"1407":0,"1408":0,"1409":0,"1410":0,"1411":0,"1413":0,"1415":0,"1416":0,"1418":1,"1419":0,"1420":0,"1421":0,"1423":1,"1424":0,"1425":0,"1427":0,"1428":1,"1430":1,"1431":1,"1432":0,"1435":1,"1436":0,"1439":1,"1440":0,"1441":0,"1443":0,"1444":0,"1447":1,"1448":0,"1450":0,"1451":1,"1452":0,"1453":0,"1456":1,"1457":0,"1458":0,"1459":0,"1460":0,"1461":0,"1465":0,"1469":0,"1470":0,"1471":0,"1472":0,"1475":0,"1476":0,"1477":0,"1479":0,"1480":1,"1481":0,"1482":1,"1486":0,"1488":0,"1491":0,"1494":0,"1495":0,"1496":0,"1500":0,"1501":0,"1502":0,"1503":0,"1505":0,"1506":0,"1508":1,"1511":0,"1512":0,"1513":0,"1514":0,"1515":1,"1516":0,"1517":1,"1518":1,"1519":0,"1520":0,"1521":0,"1522":0,"1524":0,"1525":0,"1526":0,"1528":0,"1529":0,"1531":0,"1532":0,"1537":0,"1539":0,"1541":0,"1543":0,"1545":0,"1546":0,"1548":0,"1550":0,"1551":0,"1552":0,"1553":0,"1554":0,"1555":0,"1557":0,"1558":0,"1559":0,"1560":0,"1562":0,"1563":0,"1565":0,"1570":1,"1572":1,"1579":0,"1581":0,"1584":1,"1585":0,"1586":0,"1589":1,"1590":0,"1591":0,"1594":1,"1595":0,"1596":0,"1597":0,"1598":0,"1599":0,"1600":0,"1602":0,"1603":0,"1604":0,"1605":0,"1606":0,"1613":0,"1615":1,"1617":0,"1623":0,"1624":0,"1627":0,"1628":0,"1630":0,"1632":10,"1633":10,"1634":0,"1638":0,"1641":0,"1642":0,"1643":0,"1644":0,"1645":0,"1646":0,"1647":0,"1648":0,"1650":0,"1652":0,"1653":0,"1655":1,"1657":1,"1659":0,"1660":0,"1667":0,"1670":0,"1674":1,"1675":0,"1676":0,"1679":0,"1680":0,"1681":0,"1682":0,"1683":1,"1684":0,"1685":0,"1686":0,"1687":0,"1688":0,"1690":0,"1691":0,"1692":0,"1693":1,"1695":1,"1699":1,"1700":0,"1703":1,"1704":0,"1705":0,"1706":0,"1708":0,"1711":1,"1712":0,"1717":0,"1718":0,"1719":0,"1720":0,"1721":0,"1724":0,"1731":1,"1733":1,"1756":0,"1764":0,"1766":0,"1768":0,"1769":0,"1771":0,"1798":0,"1806":0,"1808":0,"1810":0,"1811":0,"1813":0,"1838":0,"1846":0,"1848":0,"1850":0,"1851":0,"1853":0}}}
