TN:
SF:c:\git\widgets\utmocha\dist\tests\tests.js
FN:1,e
FN:1,s
FN:1,(anonymous_3)
FN:1,(anonymous_4)
FN:1,(anonymous_5)
FN:31,typedArraySupport
FN:31,(anonymous_7)
FN:34,kMaxLength
FN:34,createBuffer
FN:44,Buffer
FN:47,(anonymous_11)
FN:47,from
FN:54,(anonymous_13)
FN:55,assertSize
FN:55,alloc
FN:61,(anonymous_16)
FN:61,allocUnsafe
FN:63,(anonymous_18)
FN:65,(anonymous_19)
FN:65,fromString
FN:65,fromArrayLike
FN:65,fromArrayBuffer
FN:68,fromObject
FN:68,checked
FN:70,SlowBuffer
FN:71,isBuffer
FN:71,compare
FN:71,isEncoding
FN:71,concat
FN:71,byteLength
FN:73,slowToString
FN:84,swap
FN:84,swap16
FN:84,swap32
FN:84,toString
FN:84,equals
FN:84,inspect
FN:84,compare
FN:84,arrayIndexOf
FN:84,read
FN:84,indexOf
FN:86,includes
FN:86,hexWrite
FN:87,utf8Write
FN:87,asciiWrite
FN:87,binaryWrite
FN:87,base64Write
FN:87,ucs2Write
FN:87,write
FN:92,toJSON
FN:92,base64Slice
FN:92,utf8Slice
FN:98,decodeCodePointsArray
FN:100,asciiSlice
FN:100,binarySlice
FN:100,hexSlice
FN:100,utf16leSlice
FN:100,slice
FN:102,checkOffset
FN:102,readUIntLE
FN:102,readUIntBE
FN:102,readUInt8
FN:102,readUInt16LE
FN:102,readUInt16BE
FN:102,readUInt32LE
FN:102,readUInt32BE
FN:102,readIntLE
FN:102,readIntBE
FN:102,readInt8
FN:102,readInt16LE
FN:102,readInt16BE
FN:102,readInt32LE
FN:102,readInt32BE
FN:102,readFloatLE
FN:102,readFloatBE
FN:102,readDoubleLE
FN:102,readDoubleBE
FN:102,checkInt
FN:102,writeUIntLE
FN:102,writeUIntBE
FN:102,writeUInt8
FN:102,objectWriteUInt16
FN:102,writeUInt16LE
FN:102,writeUInt16BE
FN:102,objectWriteUInt32
FN:102,writeUInt32LE
FN:102,writeUInt32BE
FN:102,writeIntLE
FN:102,writeIntBE
FN:102,writeInt8
FN:102,writeInt16LE
FN:102,writeInt16BE
FN:102,writeInt32LE
FN:102,writeInt32BE
FN:102,checkIEEE754
FN:102,writeFloat
FN:102,writeFloatLE
FN:102,writeFloatBE
FN:102,writeDouble
FN:102,writeDoubleLE
FN:102,writeDoubleBE
FN:103,copy
FN:112,fill
FN:116,base64clean
FN:119,stringtrim
FN:119,toHex
FN:119,utf8ToBytes
FN:129,asciiToBytes
FN:130,utf16leToBytes
FN:130,base64ToBytes
FN:130,blitBuffer
FN:130,isnan
FN:131,(anonymous_113)
FN:131,init
FN:131,toByteArray
FN:138,tripletToBase64
FN:138,encodeChunk
FN:138,fromByteArray
FN:142,(anonymous_119)
FN:142,(anonymous_120)
FN:142,(anonymous_121)
FN:142,(anonymous_122)
FN:142,(anonymous_123)
FN:142,(anonymous_124)
FN:142,(anonymous_125)
FN:160,(anonymous_126)
FN:174,(anonymous_127)
FN:179,(anonymous_128)
FN:189,Assertion
FN:189,(anonymous_130)
FN:189,(anonymous_131)
FN:189,(anonymous_132)
FN:189,(anonymous_133)
FN:189,(anonymous_134)
FN:189,(anonymous_135)
FN:189,(anonymous_136)
FN:189,(anonymous_137)
FN:189,(anonymous_138)
FN:189,(anonymous_139)
FN:202,(anonymous_140)
FN:208,(anonymous_141)
FN:208,(anonymous_142)
FN:208,(anonymous_143)
FN:248,(anonymous_144)
FN:253,(anonymous_145)
FN:280,(anonymous_146)
FN:280,(anonymous_147)
FN:293,(anonymous_148)
FN:312,(anonymous_149)
FN:323,(anonymous_150)
FN:334,(anonymous_151)
FN:363,an
FN:383,includeChainingBehavior
FN:383,include
FN:397,(anonymous_155)
FN:408,(anonymous_156)
FN:419,(anonymous_157)
FN:430,(anonymous_158)
FN:441,(anonymous_159)
FN:451,(anonymous_160)
FN:467,(anonymous_161)
FN:481,(anonymous_162)
FN:494,checkArguments
FN:515,assertEqual
FN:529,assertEql
FN:551,assertAbove
FN:572,assertLeast
FN:594,assertBelow
FN:615,assertMost
FN:636,(anonymous_170)
FN:653,assertInstanceOf
FN:723,(anonymous_172)
FN:736,assertOwnProperty
FN:754,assertOwnPropertyDescriptor
FN:789,assertLengthChain
FN:789,assertLength
FN:802,assertMatch
FN:814,(anonymous_178)
FN:851,assertKeys
FN:852,(anonymous_180)
FN:853,(anonymous_181)
FN:854,(anonymous_182)
FN:891,assertThrows
FN:916,respondTo
FN:931,(anonymous_185)
FN:944,satisfy
FN:958,closeTo
FN:958,isSubsetOf
FN:958,(anonymous_189)
FN:958,(anonymous_190)
FN:979,(anonymous_191)
FN:999,oneOf
FN:1018,assertChanges
FN:1035,assertIncreases
FN:1052,assertDecreases
FN:1070,(anonymous_196)
FN:1090,(anonymous_197)
FN:1108,(anonymous_198)
FN:1112,(anonymous_199)
FN:1116,(anonymous_200)
FN:1133,(anonymous_201)
FN:1145,(anonymous_202)
FN:1159,(anonymous_203)
FN:1173,(anonymous_204)
FN:1186,(anonymous_205)
FN:1199,(anonymous_206)
FN:1212,(anonymous_207)
FN:1225,(anonymous_208)
FN:1238,(anonymous_209)
FN:1251,(anonymous_210)
FN:1264,(anonymous_211)
FN:1278,(anonymous_212)
FN:1291,(anonymous_213)
FN:1305,(anonymous_214)
FN:1318,(anonymous_215)
FN:1331,(anonymous_216)
FN:1344,(anonymous_217)
FN:1357,(anonymous_218)
FN:1369,(anonymous_219)
FN:1382,(anonymous_220)
FN:1393,(anonymous_221)
FN:1404,(anonymous_222)
FN:1417,(anonymous_223)
FN:1430,(anonymous_224)
FN:1443,(anonymous_225)
FN:1456,(anonymous_226)
FN:1470,(anonymous_227)
FN:1484,(anonymous_228)
FN:1497,(anonymous_229)
FN:1510,(anonymous_230)
FN:1523,(anonymous_231)
FN:1536,(anonymous_232)
FN:1549,(anonymous_233)
FN:1562,(anonymous_234)
FN:1578,(anonymous_235)
FN:1594,(anonymous_236)
FN:1613,(anonymous_237)
FN:1627,(anonymous_238)
FN:1643,(anonymous_239)
FN:1659,(anonymous_240)
FN:1674,(anonymous_241)
FN:1689,(anonymous_242)
FN:1702,(anonymous_243)
FN:1715,(anonymous_244)
FN:1728,(anonymous_245)
FN:1741,(anonymous_246)
FN:1755,(anonymous_247)
FN:1769,(anonymous_248)
FN:1784,(anonymous_249)
FN:1799,(anonymous_250)
FN:1815,(anonymous_251)
FN:1831,(anonymous_252)
FN:1845,(anonymous_253)
FN:1868,(anonymous_254)
FN:1885,(anonymous_255)
FN:1900,(anonymous_256)
FN:1914,(anonymous_257)
FN:1928,(anonymous_258)
FN:1942,(anonymous_259)
FN:1956,(anonymous_260)
FN:1970,(anonymous_261)
FN:1985,(anonymous_262)
FN:1998,(anonymous_263)
FN:2014,(anonymous_264)
FN:2030,(anonymous_265)
FN:2046,(anonymous_266)
FN:2062,(anonymous_267)
FN:2078,(anonymous_268)
FN:2094,(anonymous_269)
FN:2108,(anonymous_270)
FN:2121,(anonymous_271)
FN:2140,(anonymous_272)
FN:2158,(anonymous_273)
FN:2171,(anonymous_274)
FN:2186,(anonymous_275)
FN:2199,(anonymous_276)
FN:2201,alias
FN:2201,(anonymous_278)
FN:2205,(anonymous_279)
FN:2205,(anonymous_280)
FN:2217,(anonymous_281)
FN:2217,(anonymous_282)
FN:2221,(anonymous_283)
FN:2221,loadShould
FN:2222,shouldGetter
FN:2222,shouldSetter
FN:2241,(anonymous_287)
FN:2254,(anonymous_288)
FN:2276,(anonymous_289)
FN:2288,(anonymous_290)
FN:2302,(anonymous_291)
FN:2320,(anonymous_292)
FN:2332,(anonymous_293)
FN:2332,(anonymous_294)
FN:2372,(anonymous_295)
FN:2372,(anonymous_296)
FN:2373,(anonymous_297)
FN:2373,assert
FN:2377,(anonymous_299)
FN:2377,(anonymous_300)
FN:2405,(anonymous_301)
FN:2405,(anonymous_302)
FN:2405,(anonymous_303)
FN:2433,(anonymous_304)
FN:2433,addProperty
FN:2433,(anonymous_306)
FN:2449,(anonymous_307)
FN:2449,(anonymous_308)
FN:2450,(anonymous_309)
FN:2450,(anonymous_310)
FN:2450,(anonymous_311)
FN:2471,(anonymous_312)
FN:2471,(anonymous_313)
FN:2484,(anonymous_314)
FN:2484,(anonymous_315)
FN:2499,getEnumerableProperties
FN:2499,(anonymous_317)
FN:2522,(anonymous_318)
FN:2522,(anonymous_319)
FN:2522,(anonymous_320)
FN:2522,(anonymous_321)
FN:2522,(anonymous_322)
FN:2534,(anonymous_323)
FN:2534,(anonymous_324)
FN:2558,getPathInfo
FN:2575,parsePath
FN:2575,(anonymous_327)
FN:2588,_getPathValue
FN:2588,(anonymous_329)
FN:2622,(anonymous_330)
FN:2622,(anonymous_331)
FN:2637,getProperties
FN:2637,addProperty
FN:2637,(anonymous_334)
FN:2676,hasProperty
FN:2679,(anonymous_336)
FN:2725,(anonymous_337)
FN:2739,inspect
FN:2739,(anonymous_339)
FN:2740,(anonymous_340)
FN:2740,formatValue
FN:2764,(anonymous_342)
FN:2764,formatPrimitive
FN:2765,formatError
FN:2765,formatArray
FN:2765,(anonymous_346)
FN:2765,formatProperty
FN:2765,(anonymous_348)
FN:2765,(anonymous_349)
FN:2765,reduceToSingleString
FN:2765,(anonymous_351)
FN:2765,isArray
FN:2765,isRegExp
FN:2765,isDate
FN:2765,isError
FN:2765,objectToString
FN:2765,(anonymous_357)
FN:2782,(anonymous_358)
FN:2782,(anonymous_359)
FN:2817,(anonymous_360)
FN:2817,(anonymous_361)
FN:2817,(anonymous_362)
FN:2817,(anonymous_363)
FN:2853,(anonymous_364)
FN:2853,(anonymous_365)
FN:2853,(anonymous_366)
FN:2853,(anonymous_367)
FN:2889,(anonymous_368)
FN:2889,(anonymous_369)
FN:2889,(anonymous_370)
FN:2889,(anonymous_371)
FN:2904,(anonymous_372)
FN:2904,(anonymous_373)
FN:2929,(anonymous_374)
FN:2929,(anonymous_375)
FN:2940,exclude
FN:2940,excludeProps
FN:2940,(anonymous_378)
FN:2940,extendExclude
FN:2951,AssertionError
FN:2965,(anonymous_381)
FN:2966,(anonymous_382)
FN:2966,(anonymous_383)
FN:2974,(anonymous_384)
FN:2984,deepEqual
FN:2991,sameValue
FN:3000,typeEqual
FN:3007,dateEqual
FN:3014,regexpEqual
FN:3023,argumentsEqual
FN:3028,enumerable
FN:3035,iterableEqual
FN:3042,bufferEqual
FN:3048,isValue
FN:3057,objectEqual
FN:3057,(anonymous_396)
FN:3057,(anonymous_397)
FN:3075,getType
FN:3084,Library
FN:3122,(anonymous_400)
FN:3138,(anonymous_401)
FN:3138,(anonymous_402)
FN:3138,(anonymous_403)
FN:3154,getType
FN:3166,Library
FN:3204,(anonymous_406)
FN:3220,(anonymous_407)
FN:3220,(anonymous_408)
FN:3221,(anonymous_409)
FN:3221,(anonymous_410)
FN:3234,(anonymous_411)
FN:3234,sayHello
FN:3234,showHello
FNF:413
FNH:206
FNDA:1,e
FNDA:65,s
FNDA:64,(anonymous_3)
FNDA:1,(anonymous_4)
FNDA:1,(anonymous_5)
FNDA:1,typedArraySupport
FNDA:1,(anonymous_7)
FNDA:1,kMaxLength
FNDA:0,createBuffer
FNDA:0,Buffer
FNDA:0,(anonymous_11)
FNDA:0,from
FNDA:0,(anonymous_13)
FNDA:0,assertSize
FNDA:0,alloc
FNDA:0,(anonymous_16)
FNDA:0,allocUnsafe
FNDA:0,(anonymous_18)
FNDA:0,(anonymous_19)
FNDA:0,fromString
FNDA:0,fromArrayLike
FNDA:0,fromArrayBuffer
FNDA:0,fromObject
FNDA:0,checked
FNDA:0,SlowBuffer
FNDA:0,isBuffer
FNDA:0,compare
FNDA:0,isEncoding
FNDA:0,concat
FNDA:0,byteLength
FNDA:0,slowToString
FNDA:0,swap
FNDA:0,swap16
FNDA:0,swap32
FNDA:0,toString
FNDA:0,equals
FNDA:0,inspect
FNDA:0,compare
FNDA:0,arrayIndexOf
FNDA:0,read
FNDA:0,indexOf
FNDA:0,includes
FNDA:0,hexWrite
FNDA:0,utf8Write
FNDA:0,asciiWrite
FNDA:0,binaryWrite
FNDA:0,base64Write
FNDA:0,ucs2Write
FNDA:0,write
FNDA:0,toJSON
FNDA:0,base64Slice
FNDA:0,utf8Slice
FNDA:0,decodeCodePointsArray
FNDA:0,asciiSlice
FNDA:0,binarySlice
FNDA:0,hexSlice
FNDA:0,utf16leSlice
FNDA:0,slice
FNDA:0,checkOffset
FNDA:0,readUIntLE
FNDA:0,readUIntBE
FNDA:0,readUInt8
FNDA:0,readUInt16LE
FNDA:0,readUInt16BE
FNDA:0,readUInt32LE
FNDA:0,readUInt32BE
FNDA:0,readIntLE
FNDA:0,readIntBE
FNDA:0,readInt8
FNDA:0,readInt16LE
FNDA:0,readInt16BE
FNDA:0,readInt32LE
FNDA:0,readInt32BE
FNDA:0,readFloatLE
FNDA:0,readFloatBE
FNDA:0,readDoubleLE
FNDA:0,readDoubleBE
FNDA:0,checkInt
FNDA:0,writeUIntLE
FNDA:0,writeUIntBE
FNDA:0,writeUInt8
FNDA:0,objectWriteUInt16
FNDA:0,writeUInt16LE
FNDA:0,writeUInt16BE
FNDA:0,objectWriteUInt32
FNDA:0,writeUInt32LE
FNDA:0,writeUInt32BE
FNDA:0,writeIntLE
FNDA:0,writeIntBE
FNDA:0,writeInt8
FNDA:0,writeInt16LE
FNDA:0,writeInt16BE
FNDA:0,writeInt32LE
FNDA:0,writeInt32BE
FNDA:0,checkIEEE754
FNDA:0,writeFloat
FNDA:0,writeFloatLE
FNDA:0,writeFloatBE
FNDA:0,writeDouble
FNDA:0,writeDoubleLE
FNDA:0,writeDoubleBE
FNDA:0,copy
FNDA:0,fill
FNDA:0,base64clean
FNDA:0,stringtrim
FNDA:0,toHex
FNDA:0,utf8ToBytes
FNDA:0,asciiToBytes
FNDA:0,utf16leToBytes
FNDA:0,base64ToBytes
FNDA:0,blitBuffer
FNDA:0,isnan
FNDA:1,(anonymous_113)
FNDA:1,init
FNDA:0,toByteArray
FNDA:0,tripletToBase64
FNDA:0,encodeChunk
FNDA:0,fromByteArray
FNDA:1,(anonymous_119)
FNDA:0,(anonymous_120)
FNDA:0,(anonymous_121)
FNDA:1,(anonymous_122)
FNDA:0,(anonymous_123)
FNDA:1,(anonymous_124)
FNDA:1,(anonymous_125)
FNDA:5,(anonymous_126)
FNDA:1,(anonymous_127)
FNDA:1,(anonymous_128)
FNDA:2,Assertion
FNDA:0,(anonymous_130)
FNDA:0,(anonymous_131)
FNDA:0,(anonymous_132)
FNDA:0,(anonymous_133)
FNDA:31,(anonymous_134)
FNDA:40,(anonymous_135)
FNDA:13,(anonymous_136)
FNDA:0,(anonymous_137)
FNDA:0,(anonymous_138)
FNDA:0,(anonymous_139)
FNDA:2,(anonymous_140)
FNDA:0,(anonymous_141)
FNDA:0,(anonymous_142)
FNDA:1,(anonymous_143)
FNDA:1,(anonymous_144)
FNDA:1,(anonymous_145)
FNDA:13,(anonymous_146)
FNDA:4,(anonymous_147)
FNDA:0,(anonymous_148)
FNDA:0,(anonymous_149)
FNDA:0,(anonymous_150)
FNDA:0,(anonymous_151)
FNDA:2,an
FNDA:0,includeChainingBehavior
FNDA:0,include
FNDA:0,(anonymous_155)
FNDA:0,(anonymous_156)
FNDA:0,(anonymous_157)
FNDA:0,(anonymous_158)
FNDA:0,(anonymous_159)
FNDA:0,(anonymous_160)
FNDA:0,(anonymous_161)
FNDA:0,(anonymous_162)
FNDA:0,checkArguments
FNDA:0,assertEqual
FNDA:0,assertEql
FNDA:0,assertAbove
FNDA:0,assertLeast
FNDA:0,assertBelow
FNDA:0,assertMost
FNDA:0,(anonymous_170)
FNDA:0,assertInstanceOf
FNDA:0,(anonymous_172)
FNDA:0,assertOwnProperty
FNDA:0,assertOwnPropertyDescriptor
FNDA:0,assertLengthChain
FNDA:0,assertLength
FNDA:0,assertMatch
FNDA:0,(anonymous_178)
FNDA:0,assertKeys
FNDA:0,(anonymous_180)
FNDA:0,(anonymous_181)
FNDA:0,(anonymous_182)
FNDA:0,assertThrows
FNDA:0,respondTo
FNDA:0,(anonymous_185)
FNDA:0,satisfy
FNDA:0,closeTo
FNDA:0,isSubsetOf
FNDA:0,(anonymous_189)
FNDA:0,(anonymous_190)
FNDA:0,(anonymous_191)
FNDA:0,oneOf
FNDA:0,assertChanges
FNDA:0,assertIncreases
FNDA:0,assertDecreases
FNDA:0,(anonymous_196)
FNDA:0,(anonymous_197)
FNDA:0,(anonymous_198)
FNDA:1,(anonymous_199)
FNDA:1,(anonymous_200)
FNDA:0,(anonymous_201)
FNDA:0,(anonymous_202)
FNDA:0,(anonymous_203)
FNDA:0,(anonymous_204)
FNDA:0,(anonymous_205)
FNDA:0,(anonymous_206)
FNDA:0,(anonymous_207)
FNDA:0,(anonymous_208)
FNDA:0,(anonymous_209)
FNDA:0,(anonymous_210)
FNDA:0,(anonymous_211)
FNDA:0,(anonymous_212)
FNDA:0,(anonymous_213)
FNDA:0,(anonymous_214)
FNDA:0,(anonymous_215)
FNDA:0,(anonymous_216)
FNDA:0,(anonymous_217)
FNDA:0,(anonymous_218)
FNDA:0,(anonymous_219)
FNDA:0,(anonymous_220)
FNDA:0,(anonymous_221)
FNDA:0,(anonymous_222)
FNDA:0,(anonymous_223)
FNDA:0,(anonymous_224)
FNDA:2,(anonymous_225)
FNDA:0,(anonymous_226)
FNDA:0,(anonymous_227)
FNDA:0,(anonymous_228)
FNDA:0,(anonymous_229)
FNDA:0,(anonymous_230)
FNDA:0,(anonymous_231)
FNDA:0,(anonymous_232)
FNDA:0,(anonymous_233)
FNDA:0,(anonymous_234)
FNDA:0,(anonymous_235)
FNDA:0,(anonymous_236)
FNDA:0,(anonymous_237)
FNDA:0,(anonymous_238)
FNDA:0,(anonymous_239)
FNDA:0,(anonymous_240)
FNDA:0,(anonymous_241)
FNDA:0,(anonymous_242)
FNDA:0,(anonymous_243)
FNDA:0,(anonymous_244)
FNDA:0,(anonymous_245)
FNDA:0,(anonymous_246)
FNDA:0,(anonymous_247)
FNDA:0,(anonymous_248)
FNDA:0,(anonymous_249)
FNDA:0,(anonymous_250)
FNDA:0,(anonymous_251)
FNDA:0,(anonymous_252)
FNDA:0,(anonymous_253)
FNDA:0,(anonymous_254)
FNDA:0,(anonymous_255)
FNDA:0,(anonymous_256)
FNDA:0,(anonymous_257)
FNDA:0,(anonymous_258)
FNDA:0,(anonymous_259)
FNDA:0,(anonymous_260)
FNDA:0,(anonymous_261)
FNDA:0,(anonymous_262)
FNDA:0,(anonymous_263)
FNDA:0,(anonymous_264)
FNDA:0,(anonymous_265)
FNDA:0,(anonymous_266)
FNDA:0,(anonymous_267)
FNDA:0,(anonymous_268)
FNDA:0,(anonymous_269)
FNDA:0,(anonymous_270)
FNDA:0,(anonymous_271)
FNDA:0,(anonymous_272)
FNDA:0,(anonymous_273)
FNDA:0,(anonymous_274)
FNDA:0,(anonymous_275)
FNDA:0,(anonymous_276)
FNDA:10,alias
FNDA:1,(anonymous_278)
FNDA:1,(anonymous_279)
FNDA:0,(anonymous_280)
FNDA:0,(anonymous_281)
FNDA:1,(anonymous_282)
FNDA:1,(anonymous_283)
FNDA:0,loadShould
FNDA:0,shouldGetter
FNDA:0,shouldSetter
FNDA:0,(anonymous_287)
FNDA:0,(anonymous_288)
FNDA:0,(anonymous_289)
FNDA:0,(anonymous_290)
FNDA:0,(anonymous_291)
FNDA:0,(anonymous_292)
FNDA:0,(anonymous_293)
FNDA:1,(anonymous_294)
FNDA:13,(anonymous_295)
FNDA:2,(anonymous_296)
FNDA:2,(anonymous_297)
FNDA:2,assert
FNDA:0,(anonymous_299)
FNDA:1,(anonymous_300)
FNDA:40,(anonymous_301)
FNDA:0,(anonymous_302)
FNDA:1,(anonymous_303)
FNDA:31,(anonymous_304)
FNDA:4,addProperty
FNDA:1,(anonymous_306)
FNDA:0,(anonymous_307)
FNDA:0,(anonymous_308)
FNDA:0,(anonymous_309)
FNDA:0,(anonymous_310)
FNDA:1,(anonymous_311)
FNDA:22,(anonymous_312)
FNDA:1,(anonymous_313)
FNDA:0,(anonymous_314)
FNDA:1,(anonymous_315)
FNDA:0,getEnumerableProperties
FNDA:1,(anonymous_317)
FNDA:0,(anonymous_318)
FNDA:0,(anonymous_319)
FNDA:0,(anonymous_320)
FNDA:0,(anonymous_321)
FNDA:1,(anonymous_322)
FNDA:0,(anonymous_323)
FNDA:1,(anonymous_324)
FNDA:0,getPathInfo
FNDA:0,parsePath
FNDA:0,(anonymous_327)
FNDA:0,_getPathValue
FNDA:1,(anonymous_329)
FNDA:0,(anonymous_330)
FNDA:1,(anonymous_331)
FNDA:0,getProperties
FNDA:0,addProperty
FNDA:1,(anonymous_334)
FNDA:0,hasProperty
FNDA:1,(anonymous_336)
FNDA:1,(anonymous_337)
FNDA:0,inspect
FNDA:0,(anonymous_339)
FNDA:0,(anonymous_340)
FNDA:0,formatValue
FNDA:0,(anonymous_342)
FNDA:0,formatPrimitive
FNDA:0,formatError
FNDA:0,formatArray
FNDA:0,(anonymous_346)
FNDA:0,formatProperty
FNDA:0,(anonymous_348)
FNDA:0,(anonymous_349)
FNDA:0,reduceToSingleString
FNDA:0,(anonymous_351)
FNDA:0,isArray
FNDA:0,isRegExp
FNDA:0,isDate
FNDA:0,isError
FNDA:0,objectToString
FNDA:1,(anonymous_357)
FNDA:0,(anonymous_358)
FNDA:1,(anonymous_359)
FNDA:0,(anonymous_360)
FNDA:0,(anonymous_361)
FNDA:0,(anonymous_362)
FNDA:1,(anonymous_363)
FNDA:0,(anonymous_364)
FNDA:0,(anonymous_365)
FNDA:0,(anonymous_366)
FNDA:1,(anonymous_367)
FNDA:0,(anonymous_368)
FNDA:0,(anonymous_369)
FNDA:0,(anonymous_370)
FNDA:1,(anonymous_371)
FNDA:2,(anonymous_372)
FNDA:1,(anonymous_373)
FNDA:2,(anonymous_374)
FNDA:1,(anonymous_375)
FNDA:0,exclude
FNDA:0,excludeProps
FNDA:0,(anonymous_378)
FNDA:0,extendExclude
FNDA:0,AssertionError
FNDA:0,(anonymous_381)
FNDA:1,(anonymous_382)
FNDA:1,(anonymous_383)
FNDA:0,(anonymous_384)
FNDA:0,deepEqual
FNDA:0,sameValue
FNDA:0,typeEqual
FNDA:0,dateEqual
FNDA:0,regexpEqual
FNDA:0,argumentsEqual
FNDA:0,enumerable
FNDA:0,iterableEqual
FNDA:0,bufferEqual
FNDA:0,isValue
FNDA:0,objectEqual
FNDA:2,(anonymous_396)
FNDA:1,(anonymous_397)
FNDA:0,getType
FNDA:0,Library
FNDA:0,(anonymous_400)
FNDA:0,(anonymous_401)
FNDA:1,(anonymous_402)
FNDA:1,(anonymous_403)
FNDA:2,getType
FNDA:0,Library
FNDA:0,(anonymous_406)
FNDA:0,(anonymous_407)
FNDA:1,(anonymous_408)
FNDA:1,(anonymous_409)
FNDA:1,(anonymous_410)
FNDA:1,(anonymous_411)
FNDA:0,sayHello
FNDA:0,showHello
DA:0,13
DA:1,65
DA:2,0
DA:3,1
DA:4,1
DA:5,1
DA:6,1
DA:7,1
DA:8,1
DA:9,1
DA:10,1
DA:11,1
DA:12,1
DA:13,64
DA:14,64
DA:15,1
DA:16,1
DA:17,1
DA:18,1
DA:19,0
DA:20,1
DA:21,1
DA:22,1
DA:23,1
DA:24,1
DA:25,2
DA:26,1
DA:27,22
DA:28,22
DA:29,12
DA:30,1
DA:31,10
DA:32,2
DA:33,2
DA:34,2
DA:35,2
DA:36,2
DA:37,40
DA:38,2
DA:39,5
DA:40,6
DA:41,5
DA:42,6
DA:43,5
DA:44,4
DA:45,0
DA:46,13
DA:47,4
DA:48,0
DA:49,0
DA:50,1
DA:51,1
DA:52,1
DA:53,1
DA:54,1
DA:55,1
DA:56,1
DA:57,1
DA:58,1
DA:59,1
DA:60,1
DA:61,31
DA:62,8
DA:63,1
DA:64,13
DA:65,40
DA:66,0
DA:67,1
DA:68,0
DA:69,13
DA:70,1
DA:71,1
DA:72,1
DA:73,0
DA:74,13
DA:75,13
DA:76,1
DA:77,0
DA:78,2
DA:79,2
DA:80,0
DA:81,2
DA:82,2
DA:83,2
DA:84,2
DA:85,2
DA:86,1
DA:87,0
DA:88,1
DA:89,0
DA:91,1
DA:92,1
DA:93,1
DA:94,2
DA:95,0
DA:96,0
DA:97,1
DA:98,0
DA:99,1
DA:100,2
DA:101,2
DA:102,2
DA:103,2
DA:104,0
DA:105,0
DA:106,2
DA:107,1
DA:108,2
DA:109,0
DA:110,0
DA:111,0
DA:112,1
DA:113,1
DA:114,0
DA:115,0
DA:116,1
DA:117,0
DA:118,1
DA:119,1
DA:120,0
DA:121,0
DA:123,1
DA:124,1
DA:125,0
DA:126,0
DA:128,0
DA:129,1
DA:130,1
DA:131,1
DA:132,1
DA:133,0
DA:134,0
DA:135,0
DA:136,0
DA:137,0
DA:138,0
DA:140,0
DA:142,0
DA:143,1
DA:144,0
DA:145,0
DA:146,0
DA:147,0
DA:148,1
DA:149,0
DA:151,0
DA:152,1
DA:153,1
DA:154,1
DA:155,1
DA:156,0
DA:158,1
DA:159,0
DA:160,0
DA:161,0
DA:162,0
DA:163,0
DA:164,2
DA:165,2
DA:166,2
DA:167,0
DA:168,2
DA:170,0
DA:171,1
DA:172,0
DA:173,0
DA:174,0
DA:175,1
DA:176,0
DA:177,1
DA:178,0
DA:179,0
DA:183,1
DA:184,1
DA:185,0
DA:187,0
DA:190,0
DA:191,1
DA:192,0
DA:193,0
DA:194,0
DA:195,1
DA:196,1
DA:197,0
DA:198,1
DA:199,0
DA:200,1
DA:202,0
DA:203,0
DA:204,1
DA:206,0
DA:207,0
DA:209,1
DA:210,0
DA:211,1
DA:212,0
DA:213,0
DA:214,0
DA:215,1
DA:216,1
DA:217,0
DA:218,0
DA:219,1
DA:220,0
DA:221,0
DA:222,0
DA:223,0
DA:224,0
DA:225,0
DA:226,0
DA:227,0
DA:228,0
DA:229,0
DA:230,0
DA:231,0
DA:232,0
DA:233,0
DA:234,0
DA:235,1
DA:236,1
DA:237,1
DA:238,1
DA:239,1
DA:240,0
DA:241,0
DA:243,0
DA:244,1
DA:245,0
DA:246,0
DA:247,0
DA:248,0
DA:249,0
DA:250,0
DA:251,0
DA:252,0
DA:254,0
DA:255,0
DA:256,0
DA:257,0
DA:258,0
DA:259,0
DA:260,0
DA:261,0
DA:262,0
DA:263,0
DA:264,0
DA:266,0
DA:267,0
DA:268,0
DA:271,0
DA:273,0
DA:274,1
DA:275,0
DA:276,0
DA:277,0
DA:278,0
DA:280,0
DA:281,0
DA:282,0
DA:283,0
DA:284,0
DA:285,0
DA:286,0
DA:288,0
DA:290,0
DA:291,0
DA:293,0
DA:295,0
DA:296,1
DA:297,0
DA:298,0
DA:300,0
DA:301,0
DA:303,0
DA:304,1
DA:305,0
DA:308,0
DA:311,0
DA:312,0
DA:313,0
DA:314,1
DA:315,0
DA:316,1
DA:317,0
DA:318,0
DA:321,1
DA:322,0
DA:325,1
DA:326,0
DA:327,0
DA:329,1
DA:330,0
DA:331,0
DA:332,0
DA:333,1
DA:334,0
DA:336,0
DA:337,0
DA:338,0
DA:340,0
DA:342,0
DA:343,0
DA:344,0
DA:345,0
DA:348,1
DA:349,0
DA:351,0
DA:361,0
DA:363,0
DA:367,1
DA:368,0
DA:369,0
DA:370,0
DA:371,0
DA:373,0
DA:375,0
DA:377,0
DA:378,0
DA:379,0
DA:380,0
DA:383,0
DA:385,0
DA:386,0
DA:387,0
DA:388,0
DA:389,0
DA:391,0
DA:392,0
DA:394,0
DA:397,1
DA:398,0
DA:399,0
DA:401,0
DA:403,0
DA:405,0
DA:406,0
DA:407,0
DA:408,0
DA:410,0
DA:414,0
DA:415,0
DA:416,0
DA:418,0
DA:419,0
DA:420,0
DA:422,0
DA:424,0
DA:426,0
DA:429,0
DA:431,0
DA:433,0
DA:435,0
DA:437,0
DA:441,1
DA:443,1
DA:444,0
DA:446,0
DA:448,0
DA:454,1
DA:456,1
DA:459,0
DA:461,0
DA:463,0
DA:465,0
DA:467,0
DA:472,0
DA:473,0
DA:475,0
DA:477,0
DA:478,0
DA:479,0
DA:481,0
DA:482,0
DA:483,0
DA:484,0
DA:485,0
DA:487,0
DA:490,0
DA:493,0
DA:496,0
DA:497,1
DA:499,1
DA:500,1
DA:502,0
DA:505,0
DA:506,0
DA:507,0
DA:514,1
DA:516,2
DA:517,0
DA:518,0
DA:519,0
DA:520,0
DA:522,1
DA:523,0
DA:524,0
DA:525,0
DA:527,0
DA:528,0
DA:529,1
DA:530,0
DA:531,1
DA:533,1
DA:534,0
DA:535,0
DA:536,0
DA:538,0
DA:539,0
DA:540,0
DA:542,0
DA:545,1
DA:546,0
DA:547,0
DA:548,0
DA:549,0
DA:552,1
DA:553,0
DA:554,0
DA:555,0
DA:558,1
DA:559,0
DA:560,0
DA:561,0
DA:562,0
DA:563,0
DA:565,0
DA:568,1
DA:569,0
DA:570,0
DA:571,0
DA:572,0
DA:574,0
DA:575,0
DA:576,0
DA:577,0
DA:578,1
DA:579,0
DA:580,1
DA:581,1
DA:582,0
DA:583,0
DA:585,0
DA:587,0
DA:589,0
DA:591,0
DA:593,0
DA:594,0
DA:596,0
DA:597,0
DA:599,0
DA:601,0
DA:602,0
DA:603,0
DA:604,0
DA:606,0
DA:607,0
DA:608,0
DA:609,0
DA:610,0
DA:611,0
DA:612,0
DA:613,0
DA:615,0
DA:616,0
DA:617,0
DA:619,0
DA:620,0
DA:621,0
DA:623,0
DA:624,0
DA:627,1
DA:628,0
DA:629,1
DA:630,0
DA:631,0
DA:632,0
DA:633,0
DA:634,0
DA:636,0
DA:637,0
DA:639,0
DA:640,0
DA:641,0
DA:642,0
DA:645,1
DA:647,0
DA:648,0
DA:650,0
DA:651,0
DA:653,0
DA:655,0
DA:656,0
DA:657,0
DA:658,0
DA:659,0
DA:660,0
DA:661,0
DA:664,0
DA:667,1
DA:669,0
DA:670,0
DA:671,0
DA:672,0
DA:673,0
DA:674,0
DA:675,0
DA:676,1
DA:677,0
DA:678,1
DA:679,1
DA:680,0
DA:684,0
DA:686,0
DA:688,0
DA:689,0
DA:692,0
DA:694,0
DA:696,0
DA:697,0
DA:698,0
DA:700,0
DA:702,0
DA:705,0
DA:706,1
DA:707,0
DA:708,0
DA:709,0
DA:710,1
DA:711,0
DA:712,0
DA:713,0
DA:714,0
DA:716,0
DA:717,0
DA:718,0
DA:724,0
DA:725,1
DA:727,1
DA:729,0
DA:730,0
DA:731,0
DA:732,0
DA:733,0
DA:734,0
DA:737,1
DA:738,0
DA:741,1
DA:742,0
DA:745,1
DA:746,0
DA:749,1
DA:750,0
DA:753,1
DA:754,0
DA:756,1
DA:757,0
DA:758,0
DA:759,0
DA:760,0
DA:761,0
DA:762,0
DA:765,0
DA:766,0
DA:767,0
DA:770,0
DA:771,0
DA:772,0
DA:773,0
DA:775,0
DA:776,0
DA:778,0
DA:780,0
DA:784,0
DA:786,0
DA:787,0
DA:789,0
DA:791,0
DA:793,0
DA:794,0
DA:795,0
DA:796,0
DA:798,0
DA:800,0
DA:801,1
DA:802,0
DA:803,1
DA:805,0
DA:808,0
DA:818,0
DA:821,0
DA:822,0
DA:823,0
DA:828,1
DA:829,0
DA:835,1
DA:836,0
DA:837,0
DA:839,0
DA:843,1
DA:844,0
DA:845,0
DA:846,0
DA:848,0
DA:849,0
DA:850,0
DA:851,0
DA:855,0
DA:857,0
DA:858,0
DA:861,0
DA:862,0
DA:864,0
DA:865,0
DA:866,0
DA:867,0
DA:868,0
DA:869,0
DA:870,0
DA:874,0
DA:875,0
DA:876,0
DA:877,0
DA:878,0
DA:879,0
DA:880,0
DA:883,0
DA:884,0
DA:885,0
DA:886,0
DA:887,0
DA:888,0
DA:889,0
DA:890,0
DA:891,0
DA:893,0
DA:894,0
DA:895,0
DA:896,0
DA:898,0
DA:901,0
DA:902,0
DA:903,0
DA:905,0
DA:906,0
DA:908,0
DA:910,0
DA:912,0
DA:913,0
DA:919,1
DA:921,1
DA:922,0
DA:923,0
DA:924,0
DA:929,0
DA:930,0
DA:931,0
DA:934,0
DA:935,0
DA:936,0
DA:939,1
DA:940,0
DA:941,0
DA:942,1
DA:944,1
DA:946,0
DA:949,1
DA:950,0
DA:951,0
DA:952,0
DA:954,0
DA:956,0
DA:959,1
DA:960,0
DA:961,0
DA:963,0
DA:964,0
DA:966,0
DA:967,0
DA:968,0
DA:969,0
DA:971,0
DA:972,1
DA:973,0
DA:974,0
DA:975,0
DA:976,0
DA:978,0
DA:980,0
DA:981,1
DA:982,0
DA:983,0
DA:984,0
DA:985,0
DA:987,0
DA:988,0
DA:989,0
DA:990,0
DA:992,1
DA:994,1
DA:995,0
DA:996,0
DA:997,0
DA:999,0
DA:1001,0
DA:1003,0
DA:1004,0
DA:1005,0
DA:1007,0
DA:1008,0
DA:1009,0
DA:1010,0
DA:1013,0
DA:1020,1
DA:1021,0
DA:1022,0
DA:1025,1
DA:1026,0
DA:1027,0
DA:1028,0
DA:1029,0
DA:1031,0
DA:1032,0
DA:1033,0
DA:1034,0
DA:1036,0
DA:1038,1
DA:1040,1
DA:1041,0
DA:1042,0
DA:1043,0
DA:1044,0
DA:1046,0
DA:1048,0
DA:1049,0
DA:1050,0
DA:1052,0
DA:1053,1
DA:1055,1
DA:1056,1
DA:1057,0
DA:1058,0
DA:1061,1
DA:1062,0
DA:1063,0
DA:1066,1
DA:1067,0
DA:1068,0
DA:1071,1
DA:1072,0
DA:1073,0
DA:1074,0
DA:1080,1
DA:1081,0
DA:1082,1
DA:1086,0
DA:1089,1
DA:1090,0
DA:1091,0
DA:1092,0
DA:1093,0
DA:1095,0
DA:1096,0
DA:1097,0
DA:1098,0
DA:1099,0
DA:1100,0
DA:1101,0
DA:1102,0
DA:1103,0
DA:1107,1
DA:1108,0
DA:1109,0
DA:1110,0
DA:1111,0
DA:1113,0
DA:1114,0
DA:1115,0
DA:1116,0
DA:1117,0
DA:1118,0
DA:1119,0
DA:1121,0
DA:1125,1
DA:1126,0
DA:1127,0
DA:1128,0
DA:1131,1
DA:1132,0
DA:1133,0
DA:1134,0
DA:1137,1
DA:1138,0
DA:1139,0
DA:1140,0
DA:1143,1
DA:1144,0
DA:1145,0
DA:1146,0
DA:1148,0
DA:1151,0
DA:1152,1
DA:1153,0
DA:1154,0
DA:1155,0
DA:1158,0
DA:1160,0
DA:1161,1
DA:1162,0
DA:1163,0
DA:1164,0
DA:1165,0
DA:1166,1
DA:1167,0
DA:1168,0
DA:1169,0
DA:1170,0
DA:1171,1
DA:1172,0
DA:1173,0
DA:1175,0
DA:1176,1
DA:1177,0
DA:1178,0
DA:1179,0
DA:1181,1
DA:1182,0
DA:1183,0
DA:1184,0
DA:1185,0
DA:1187,1
DA:1188,0
DA:1189,0
DA:1190,0
DA:1191,0
DA:1192,0
DA:1193,0
DA:1194,0
DA:1195,0
DA:1196,0
DA:1197,0
DA:1198,0
DA:1199,0
DA:1200,0
DA:1201,0
DA:1202,0
DA:1203,0
DA:1204,0
DA:1205,0
DA:1206,1
DA:1207,0
DA:1208,0
DA:1209,0
DA:1210,0
DA:1211,0
DA:1212,0
DA:1214,0
DA:1216,0
DA:1217,0
DA:1218,0
DA:1219,0
DA:1221,0
DA:1223,0
DA:1225,1
DA:1226,0
DA:1227,0
DA:1228,0
DA:1229,0
DA:1230,1
DA:1231,0
DA:1232,1
DA:1234,1
DA:1235,0
DA:1236,0
DA:1237,0
DA:1242,1
DA:1243,0
DA:1244,0
DA:1245,0
DA:1246,0
DA:1247,0
DA:1248,0
DA:1250,0
DA:1252,0
DA:1255,1
DA:1256,0
DA:1257,0
DA:1258,0
DA:1259,0
DA:1260,0
DA:1261,0
DA:1263,0
DA:1265,0
DA:1268,1
DA:1269,0
DA:1270,0
DA:1271,0
DA:1272,0
DA:1273,0
DA:1274,0
DA:1275,1
DA:1276,0
DA:1277,0
DA:1278,0
DA:1279,0
DA:1280,0
DA:1281,0
DA:1282,0
DA:1283,0
DA:1284,0
DA:1285,0
DA:1286,0
DA:1287,0
DA:1288,0
DA:1289,0
DA:1290,1
DA:1291,0
DA:1292,0
DA:1293,0
DA:1294,0
DA:1295,0
DA:1296,0
DA:1297,0
DA:1298,0
DA:1300,0
DA:1301,0
DA:1302,0
DA:1303,0
DA:1304,0
DA:1305,1
DA:1306,0
DA:1307,0
DA:1308,0
DA:1309,0
DA:1310,0
DA:1313,0
DA:1315,0
DA:1316,0
DA:1317,0
DA:1318,0
DA:1319,0
DA:1320,0
DA:1322,0
DA:1324,0
DA:1327,0
DA:1328,1
DA:1329,0
DA:1330,0
DA:1331,0
DA:1332,0
DA:1333,0
DA:1336,0
DA:1338,0
DA:1339,0
DA:1340,0
DA:1341,0
DA:1342,0
DA:1343,0
DA:1344,0
DA:1345,0
DA:1347,0
DA:1348,0
DA:1349,0
DA:1351,1
DA:1352,0
DA:1353,0
DA:1354,0
DA:1355,0
DA:1356,0
DA:1357,0
DA:1358,0
DA:1360,0
DA:1361,1
DA:1362,0
DA:1363,0
DA:1364,0
DA:1365,0
DA:1366,0
DA:1367,0
DA:1369,0
DA:1371,0
DA:1373,0
DA:1374,1
DA:1375,0
DA:1376,0
DA:1377,0
DA:1378,0
DA:1379,0
DA:1380,0
DA:1382,0
DA:1384,0
DA:1386,1
DA:1387,1
DA:1388,1
DA:1389,1
DA:1390,0
DA:1391,0
DA:1392,0
DA:1393,0
DA:1394,0
DA:1395,0
DA:1397,0
DA:1399,0
DA:1402,1
DA:1403,0
DA:1404,0
DA:1405,0
DA:1406,0
DA:1407,0
DA:1408,0
DA:1409,0
DA:1410,0
DA:1411,0
DA:1413,0
DA:1415,0
DA:1416,0
DA:1418,1
DA:1419,0
DA:1420,0
DA:1421,0
DA:1423,1
DA:1424,0
DA:1425,0
DA:1427,0
DA:1428,1
DA:1430,1
DA:1431,1
DA:1432,0
DA:1435,1
DA:1436,0
DA:1439,1
DA:1440,0
DA:1441,0
DA:1443,0
DA:1444,0
DA:1447,1
DA:1448,0
DA:1450,0
DA:1451,1
DA:1452,0
DA:1453,0
DA:1456,1
DA:1457,0
DA:1458,0
DA:1459,0
DA:1460,0
DA:1461,0
DA:1465,0
DA:1469,0
DA:1470,0
DA:1471,0
DA:1472,0
DA:1475,0
DA:1476,0
DA:1477,0
DA:1479,0
DA:1480,1
DA:1481,0
DA:1482,1
DA:1486,0
DA:1488,0
DA:1491,0
DA:1494,0
DA:1495,0
DA:1496,0
DA:1500,0
DA:1501,0
DA:1502,0
DA:1503,0
DA:1505,0
DA:1506,0
DA:1508,1
DA:1511,0
DA:1512,0
DA:1513,0
DA:1514,0
DA:1515,1
DA:1516,0
DA:1517,1
DA:1518,1
DA:1519,0
DA:1520,0
DA:1521,0
DA:1522,0
DA:1524,0
DA:1525,0
DA:1526,0
DA:1528,0
DA:1529,0
DA:1531,0
DA:1532,0
DA:1537,0
DA:1539,0
DA:1541,0
DA:1543,0
DA:1545,0
DA:1546,0
DA:1548,0
DA:1550,0
DA:1551,0
DA:1552,0
DA:1553,0
DA:1554,0
DA:1555,0
DA:1557,0
DA:1558,0
DA:1559,0
DA:1560,0
DA:1562,0
DA:1563,0
DA:1565,0
DA:1570,1
DA:1572,1
DA:1579,0
DA:1581,0
DA:1584,1
DA:1585,0
DA:1586,0
DA:1589,1
DA:1590,0
DA:1591,0
DA:1594,1
DA:1595,0
DA:1596,0
DA:1597,0
DA:1598,0
DA:1599,0
DA:1600,0
DA:1602,0
DA:1603,0
DA:1604,0
DA:1605,0
DA:1606,0
DA:1613,0
DA:1615,1
DA:1617,0
DA:1623,0
DA:1624,0
DA:1627,0
DA:1628,0
DA:1630,0
DA:1632,10
DA:1633,10
DA:1634,0
DA:1638,0
DA:1641,0
DA:1642,0
DA:1643,0
DA:1644,0
DA:1645,0
DA:1646,0
DA:1647,0
DA:1648,0
DA:1650,0
DA:1652,0
DA:1653,0
DA:1655,1
DA:1657,1
DA:1659,0
DA:1660,0
DA:1667,0
DA:1670,0
DA:1674,1
DA:1675,0
DA:1676,0
DA:1679,0
DA:1680,0
DA:1681,0
DA:1682,0
DA:1683,1
DA:1684,0
DA:1685,0
DA:1686,0
DA:1687,0
DA:1688,0
DA:1690,0
DA:1691,0
DA:1692,0
DA:1693,1
DA:1695,1
DA:1699,1
DA:1700,0
DA:1703,1
DA:1704,0
DA:1705,0
DA:1706,0
DA:1708,0
DA:1711,1
DA:1712,0
DA:1717,0
DA:1718,0
DA:1719,0
DA:1720,0
DA:1721,0
DA:1724,0
DA:1731,1
DA:1733,1
DA:1756,0
DA:1764,0
DA:1766,0
DA:1768,0
DA:1769,0
DA:1771,0
DA:1798,0
DA:1806,0
DA:1808,0
DA:1810,0
DA:1811,0
DA:1813,0
DA:1838,0
DA:1846,0
DA:1848,0
DA:1850,0
DA:1851,0
DA:1853,0
LF:1214
LH:280
BRDA:1,1,0,42
BRDA:1,1,1,23
BRDA:1,2,0,0
BRDA:1,2,1,42
BRDA:1,3,0,0
BRDA:1,3,1,0
BRDA:1,4,0,0
BRDA:1,4,1,0
BRDA:1,5,0,0
BRDA:1,5,1,0
BRDA:1,6,0,0
BRDA:1,6,1,0
BRDA:1,7,0,64
BRDA:1,7,1,0
BRDA:1,8,0,1
BRDA:1,8,1,1
BRDA:29,9,0,0
BRDA:29,9,1,1
BRDA:31,10,0,1
BRDA:31,10,1,1
BRDA:31,10,2,1
BRDA:34,11,0,1
BRDA:34,11,1,0
BRDA:34,12,0,0
BRDA:34,12,1,0
BRDA:34,13,0,0
BRDA:34,13,1,0
BRDA:36,14,0,0
BRDA:36,14,1,0
BRDA:44,15,0,0
BRDA:44,15,1,0
BRDA:44,16,0,0
BRDA:44,16,1,0
BRDA:45,17,0,0
BRDA:45,17,1,0
BRDA:45,18,0,0
BRDA:45,18,1,0
BRDA:47,19,0,0
BRDA:47,19,1,0
BRDA:47,20,0,0
BRDA:47,20,1,0
BRDA:47,21,0,0
BRDA:47,21,1,0
BRDA:47,22,0,0
BRDA:47,22,1,0
BRDA:54,23,0,1
BRDA:54,23,1,0
BRDA:54,24,0,0
BRDA:54,24,1,1
BRDA:54,25,0,1
BRDA:54,25,1,1
BRDA:54,25,2,0
BRDA:55,26,0,0
BRDA:55,26,1,0
BRDA:55,27,0,0
BRDA:55,27,1,0
BRDA:55,28,0,0
BRDA:55,28,1,0
BRDA:58,29,0,0
BRDA:58,29,1,0
BRDA:61,30,0,0
BRDA:61,30,1,0
BRDA:61,31,0,0
BRDA:61,31,1,0
BRDA:65,32,0,0
BRDA:65,32,1,0
BRDA:65,33,0,0
BRDA:65,33,1,0
BRDA:65,34,0,0
BRDA:65,34,1,0
BRDA:66,35,0,0
BRDA:66,35,1,0
BRDA:66,36,0,0
BRDA:66,36,1,0
BRDA:66,37,0,0
BRDA:66,37,1,0
BRDA:66,38,0,0
BRDA:66,38,1,0
BRDA:66,39,0,0
BRDA:66,39,1,0
BRDA:66,40,0,0
BRDA:66,40,1,0
BRDA:66,41,0,0
BRDA:66,41,1,0
BRDA:66,42,0,0
BRDA:66,42,1,0
BRDA:68,43,0,0
BRDA:68,43,1,0
BRDA:68,44,0,0
BRDA:68,44,1,0
BRDA:68,45,0,0
BRDA:68,45,1,0
BRDA:68,46,0,0
BRDA:68,46,1,0
BRDA:68,47,0,0
BRDA:68,47,1,0
BRDA:68,47,2,0
BRDA:68,48,0,0
BRDA:68,48,1,0
BRDA:68,49,0,0
BRDA:68,49,1,0
BRDA:68,50,0,0
BRDA:68,50,1,0
BRDA:68,51,0,0
BRDA:68,51,1,0
BRDA:70,52,0,0
BRDA:70,52,1,0
BRDA:70,53,0,0
BRDA:70,53,1,0
BRDA:71,54,0,0
BRDA:71,54,1,0
BRDA:71,55,0,0
BRDA:71,55,1,0
BRDA:71,56,0,0
BRDA:71,56,1,0
BRDA:71,57,0,0
BRDA:71,57,1,0
BRDA:71,58,0,0
BRDA:71,58,1,0
BRDA:71,59,0,0
BRDA:71,59,1,0
BRDA:71,60,0,0
BRDA:71,60,1,0
BRDA:71,61,0,0
BRDA:71,61,1,0
BRDA:71,61,2,0
BRDA:71,61,3,0
BRDA:71,61,4,0
BRDA:71,61,5,0
BRDA:71,61,6,0
BRDA:71,61,7,0
BRDA:71,61,8,0
BRDA:71,61,9,0
BRDA:71,61,10,0
BRDA:71,61,11,0
BRDA:71,62,0,0
BRDA:71,62,1,0
BRDA:71,63,0,0
BRDA:71,63,1,0
BRDA:71,64,0,0
BRDA:71,64,1,0
BRDA:71,65,0,0
BRDA:71,65,1,0
BRDA:71,66,0,0
BRDA:71,66,1,0
BRDA:71,67,0,0
BRDA:71,67,1,0
BRDA:71,68,0,0
BRDA:71,68,1,0
BRDA:71,68,2,0
BRDA:71,68,3,0
BRDA:71,69,0,0
BRDA:71,69,1,0
BRDA:71,70,0,0
BRDA:71,70,1,0
BRDA:72,71,0,0
BRDA:72,71,1,0
BRDA:72,71,2,0
BRDA:72,71,3,0
BRDA:72,71,4,0
BRDA:72,71,5,0
BRDA:72,71,6,0
BRDA:72,71,7,0
BRDA:72,71,8,0
BRDA:72,71,9,0
BRDA:72,71,10,0
BRDA:72,71,11,0
BRDA:72,71,12,0
BRDA:72,71,13,0
BRDA:72,72,0,0
BRDA:72,72,1,0
BRDA:79,73,0,0
BRDA:79,73,1,0
BRDA:79,74,0,0
BRDA:79,74,1,0
BRDA:81,75,0,0
BRDA:81,75,1,0
BRDA:81,76,0,0
BRDA:81,76,1,0
BRDA:81,77,0,0
BRDA:81,77,1,0
BRDA:81,78,0,0
BRDA:81,78,1,0
BRDA:82,79,0,0
BRDA:82,79,1,0
BRDA:82,80,0,0
BRDA:82,80,1,0
BRDA:82,81,0,0
BRDA:82,81,1,0
BRDA:82,81,2,0
BRDA:82,81,3,0
BRDA:82,81,4,0
BRDA:82,81,5,0
BRDA:82,81,6,0
BRDA:82,81,7,0
BRDA:82,81,8,0
BRDA:82,81,9,0
BRDA:82,81,10,0
BRDA:82,82,0,0
BRDA:82,82,1,0
BRDA:84,83,0,0
BRDA:84,83,1,0
BRDA:84,84,0,0
BRDA:84,84,1,0
BRDA:84,85,0,0
BRDA:84,85,1,0
BRDA:84,86,0,0
BRDA:84,86,1,0
BRDA:84,87,0,0
BRDA:84,87,1,0
BRDA:84,88,0,0
BRDA:84,88,1,0
BRDA:84,89,0,0
BRDA:84,89,1,0
BRDA:84,90,0,0
BRDA:84,90,1,0
BRDA:84,91,0,0
BRDA:84,91,1,0
BRDA:84,92,0,0
BRDA:84,92,1,0
BRDA:84,93,0,0
BRDA:84,93,1,0
BRDA:84,94,0,0
BRDA:84,94,1,0
BRDA:84,95,0,0
BRDA:84,95,1,0
BRDA:84,96,0,0
BRDA:84,96,1,0
BRDA:84,97,0,0
BRDA:84,97,1,0
BRDA:84,98,0,0
BRDA:84,98,1,0
BRDA:84,98,2,0
BRDA:84,98,3,0
BRDA:84,99,0,0
BRDA:84,99,1,0
BRDA:84,100,0,0
BRDA:84,100,1,0
BRDA:84,101,0,0
BRDA:84,101,1,0
BRDA:84,102,0,0
BRDA:84,102,1,0
BRDA:84,103,0,0
BRDA:84,103,1,0
BRDA:84,104,0,0
BRDA:84,104,1,0
BRDA:84,105,0,0
BRDA:84,105,1,0
BRDA:84,106,0,0
BRDA:84,106,1,0
BRDA:84,107,0,0
BRDA:84,107,1,0
BRDA:84,108,0,0
BRDA:84,108,1,0
BRDA:84,109,0,0
BRDA:84,109,1,0
BRDA:84,109,2,0
BRDA:84,109,3,0
BRDA:84,110,0,0
BRDA:84,110,1,0
BRDA:84,111,0,0
BRDA:84,111,1,0
BRDA:84,112,0,0
BRDA:84,112,1,0
BRDA:84,113,0,0
BRDA:84,113,1,0
BRDA:84,114,0,0
BRDA:84,114,1,0
BRDA:84,115,0,0
BRDA:84,115,1,0
BRDA:84,116,0,0
BRDA:84,116,1,0
BRDA:84,117,0,0
BRDA:84,117,1,0
BRDA:84,118,0,0
BRDA:84,118,1,0
BRDA:84,119,0,0
BRDA:84,119,1,0
BRDA:84,120,0,0
BRDA:84,120,1,0
BRDA:84,121,0,0
BRDA:84,121,1,0
BRDA:84,122,0,0
BRDA:84,122,1,0
BRDA:85,123,0,0
BRDA:85,123,1,0
BRDA:85,124,0,0
BRDA:85,124,1,0
BRDA:85,125,0,0
BRDA:85,125,1,0
BRDA:86,126,0,0
BRDA:86,126,1,0
BRDA:86,127,0,0
BRDA:86,127,1,0
BRDA:86,128,0,0
BRDA:86,128,1,0
BRDA:86,129,0,0
BRDA:86,129,1,0
BRDA:86,130,0,0
BRDA:86,130,1,0
BRDA:86,131,0,0
BRDA:86,131,1,0
BRDA:86,132,0,0
BRDA:86,132,1,0
BRDA:87,133,0,0
BRDA:87,133,1,0
BRDA:87,134,0,0
BRDA:87,134,1,0
BRDA:87,135,0,0
BRDA:87,135,1,0
BRDA:88,136,0,0
BRDA:88,136,1,0
BRDA:89,137,0,0
BRDA:89,137,1,0
BRDA:89,138,0,0
BRDA:89,138,1,0
BRDA:90,139,0,0
BRDA:90,139,1,0
BRDA:90,140,0,0
BRDA:90,140,1,0
BRDA:90,141,0,0
BRDA:90,141,1,0
BRDA:91,142,0,0
BRDA:91,142,1,0
BRDA:91,143,0,0
BRDA:91,143,1,0
BRDA:91,144,0,0
BRDA:91,144,1,0
BRDA:91,145,0,0
BRDA:91,145,1,0
BRDA:91,145,2,0
BRDA:91,145,3,0
BRDA:91,146,0,0
BRDA:91,146,1,0
BRDA:91,147,0,0
BRDA:91,147,1,0
BRDA:91,147,2,0
BRDA:91,147,3,0
BRDA:91,147,4,0
BRDA:91,147,5,0
BRDA:91,147,6,0
BRDA:91,147,7,0
BRDA:91,147,8,0
BRDA:91,147,9,0
BRDA:91,147,10,0
BRDA:92,148,0,0
BRDA:92,148,1,0
BRDA:92,149,0,0
BRDA:92,149,1,0
BRDA:92,150,0,0
BRDA:92,150,1,0
BRDA:92,151,0,0
BRDA:92,151,1,0
BRDA:92,152,0,0
BRDA:92,152,1,0
BRDA:92,153,0,0
BRDA:92,153,1,0
BRDA:92,154,0,0
BRDA:92,154,1,0
BRDA:92,155,0,0
BRDA:92,155,1,0
BRDA:92,156,0,0
BRDA:92,156,1,0
BRDA:92,156,2,0
BRDA:92,156,3,0
BRDA:92,157,0,0
BRDA:92,157,1,0
BRDA:92,158,0,0
BRDA:92,158,1,0
BRDA:92,159,0,0
BRDA:92,159,1,0
BRDA:92,160,0,0
BRDA:92,160,1,0
BRDA:92,161,0,0
BRDA:92,161,1,0
BRDA:92,162,0,0
BRDA:92,162,1,0
BRDA:92,163,0,0
BRDA:92,163,1,0
BRDA:92,163,2,0
BRDA:92,164,0,0
BRDA:92,164,1,0
BRDA:92,165,0,0
BRDA:92,165,1,0
BRDA:92,165,2,0
BRDA:92,166,0,0
BRDA:92,166,1,0
BRDA:92,167,0,0
BRDA:92,167,1,0
BRDA:92,168,0,0
BRDA:92,168,1,0
BRDA:94,169,0,0
BRDA:94,169,1,0
BRDA:98,170,0,0
BRDA:98,170,1,0
BRDA:100,171,0,0
BRDA:100,171,1,0
BRDA:100,172,0,0
BRDA:100,172,1,0
BRDA:100,173,0,0
BRDA:100,173,1,0
BRDA:100,174,0,0
BRDA:100,174,1,0
BRDA:100,174,2,0
BRDA:100,175,0,0
BRDA:100,175,1,0
BRDA:100,176,0,0
BRDA:100,176,1,0
BRDA:100,177,0,0
BRDA:100,177,1,0
BRDA:100,178,0,0
BRDA:100,178,1,0
BRDA:100,179,0,0
BRDA:100,179,1,0
BRDA:100,180,0,0
BRDA:100,180,1,0
BRDA:100,181,0,0
BRDA:100,181,1,0
BRDA:100,182,0,0
BRDA:100,182,1,0
BRDA:100,183,0,0
BRDA:100,183,1,0
BRDA:102,184,0,0
BRDA:102,184,1,0
BRDA:102,185,0,0
BRDA:102,185,1,0
BRDA:102,186,0,0
BRDA:102,186,1,0
BRDA:102,187,0,0
BRDA:102,187,1,0
BRDA:102,188,0,0
BRDA:102,188,1,0
BRDA:102,189,0,0
BRDA:102,189,1,0
BRDA:102,190,0,0
BRDA:102,190,1,0
BRDA:102,191,0,0
BRDA:102,191,1,0
BRDA:102,192,0,0
BRDA:102,192,1,0
BRDA:102,193,0,0
BRDA:102,193,1,0
BRDA:102,194,0,0
BRDA:102,194,1,0
BRDA:102,195,0,0
BRDA:102,195,1,0
BRDA:102,196,0,0
BRDA:102,196,1,0
BRDA:102,197,0,0
BRDA:102,197,1,0
BRDA:102,198,0,0
BRDA:102,198,1,0
BRDA:102,199,0,0
BRDA:102,199,1,0
BRDA:102,200,0,0
BRDA:102,200,1,0
BRDA:102,201,0,0
BRDA:102,201,1,0
BRDA:102,202,0,0
BRDA:102,202,1,0
BRDA:102,203,0,0
BRDA:102,203,1,0
BRDA:102,204,0,0
BRDA:102,204,1,0
BRDA:102,205,0,0
BRDA:102,205,1,0
BRDA:102,206,0,0
BRDA:102,206,1,0
BRDA:102,207,0,0
BRDA:102,207,1,0
BRDA:102,208,0,0
BRDA:102,208,1,0
BRDA:102,209,0,0
BRDA:102,209,1,0
BRDA:102,210,0,0
BRDA:102,210,1,0
BRDA:102,211,0,0
BRDA:102,211,1,0
BRDA:102,212,0,0
BRDA:102,212,1,0
BRDA:102,213,0,0
BRDA:102,213,1,0
BRDA:102,214,0,0
BRDA:102,214,1,0
BRDA:102,215,0,0
BRDA:102,215,1,0
BRDA:102,216,0,0
BRDA:102,216,1,0
BRDA:102,217,0,0
BRDA:102,217,1,0
BRDA:102,218,0,0
BRDA:102,218,1,0
BRDA:102,219,0,0
BRDA:102,219,1,0
BRDA:102,220,0,0
BRDA:102,220,1,0
BRDA:102,221,0,0
BRDA:102,221,1,0
BRDA:102,222,0,0
BRDA:102,222,1,0
BRDA:102,223,0,0
BRDA:102,223,1,0
BRDA:102,224,0,0
BRDA:102,224,1,0
BRDA:102,225,0,0
BRDA:102,225,1,0
BRDA:102,226,0,0
BRDA:102,226,1,0
BRDA:102,227,0,0
BRDA:102,227,1,0
BRDA:102,228,0,0
BRDA:102,228,1,0
BRDA:102,229,0,0
BRDA:102,229,1,0
BRDA:102,230,0,0
BRDA:102,230,1,0
BRDA:102,231,0,0
BRDA:102,231,1,0
BRDA:102,232,0,0
BRDA:102,232,1,0
BRDA:102,233,0,0
BRDA:102,233,1,0
BRDA:102,234,0,0
BRDA:102,234,1,0
BRDA:102,235,0,0
BRDA:102,235,1,0
BRDA:102,236,0,0
BRDA:102,236,1,0
BRDA:102,237,0,0
BRDA:102,237,1,0
BRDA:102,238,0,0
BRDA:102,238,1,0
BRDA:102,239,0,0
BRDA:102,239,1,0
BRDA:102,240,0,0
BRDA:102,240,1,0
BRDA:102,240,2,0
BRDA:102,241,0,0
BRDA:102,241,1,0
BRDA:102,242,0,0
BRDA:102,242,1,0
BRDA:102,243,0,0
BRDA:102,243,1,0
BRDA:102,244,0,0
BRDA:102,244,1,0
BRDA:102,244,2,0
BRDA:102,245,0,0
BRDA:102,245,1,0
BRDA:102,246,0,0
BRDA:102,246,1,0
BRDA:102,247,0,0
BRDA:102,247,1,0
BRDA:102,248,0,0
BRDA:102,248,1,0
BRDA:102,249,0,0
BRDA:102,249,1,0
BRDA:102,250,0,0
BRDA:102,250,1,0
BRDA:102,251,0,0
BRDA:102,251,1,0
BRDA:102,252,0,0
BRDA:102,252,1,0
BRDA:102,253,0,0
BRDA:102,253,1,0
BRDA:102,254,0,0
BRDA:102,254,1,0
BRDA:102,255,0,0
BRDA:102,255,1,0
BRDA:102,256,0,0
BRDA:102,256,1,0
BRDA:102,257,0,0
BRDA:102,257,1,0
BRDA:102,258,0,0
BRDA:102,258,1,0
BRDA:102,259,0,0
BRDA:102,259,1,0
BRDA:102,260,0,0
BRDA:102,260,1,0
BRDA:103,261,0,0
BRDA:103,261,1,0
BRDA:103,262,0,0
BRDA:103,262,1,0
BRDA:103,263,0,0
BRDA:103,263,1,0
BRDA:103,264,0,0
BRDA:103,264,1,0
BRDA:103,265,0,0
BRDA:103,265,1,0
BRDA:103,266,0,0
BRDA:103,266,1,0
BRDA:103,267,0,0
BRDA:103,267,1,0
BRDA:104,268,0,0
BRDA:104,268,1,0
BRDA:104,269,0,0
BRDA:104,269,1,0
BRDA:104,270,0,0
BRDA:104,270,1,0
BRDA:105,271,0,0
BRDA:105,271,1,0
BRDA:105,272,0,0
BRDA:105,272,1,0
BRDA:105,273,0,0
BRDA:105,273,1,0
BRDA:105,274,0,0
BRDA:105,274,1,0
BRDA:106,275,0,0
BRDA:106,275,1,0
BRDA:106,276,0,0
BRDA:106,276,1,0
BRDA:106,277,0,0
BRDA:106,277,1,0
BRDA:106,278,0,0
BRDA:106,278,1,0
BRDA:106,278,2,0
BRDA:107,279,0,0
BRDA:107,279,1,0
BRDA:107,280,0,0
BRDA:107,280,1,0
BRDA:113,281,0,0
BRDA:113,281,1,0
BRDA:113,282,0,0
BRDA:113,282,1,0
BRDA:113,283,0,0
BRDA:113,283,1,0
BRDA:113,284,0,0
BRDA:113,284,1,0
BRDA:113,285,0,0
BRDA:113,285,1,0
BRDA:113,286,0,0
BRDA:113,286,1,0
BRDA:113,287,0,0
BRDA:113,287,1,0
BRDA:113,288,0,0
BRDA:113,288,1,0
BRDA:113,289,0,0
BRDA:113,289,1,0
BRDA:113,290,0,0
BRDA:113,290,1,0
BRDA:114,291,0,0
BRDA:114,291,1,0
BRDA:114,292,0,0
BRDA:114,292,1,0
BRDA:114,292,2,0
BRDA:114,293,0,0
BRDA:114,293,1,0
BRDA:114,294,0,0
BRDA:114,294,1,0
BRDA:114,295,0,0
BRDA:114,295,1,0
BRDA:114,296,0,0
BRDA:114,296,1,0
BRDA:114,297,0,0
BRDA:114,297,1,0
BRDA:118,298,0,0
BRDA:118,298,1,0
BRDA:119,299,0,0
BRDA:119,299,1,0
BRDA:119,300,0,0
BRDA:119,300,1,0
BRDA:119,301,0,0
BRDA:119,301,1,0
BRDA:120,302,0,0
BRDA:120,302,1,0
BRDA:120,303,0,0
BRDA:120,303,1,0
BRDA:121,304,0,0
BRDA:121,304,1,0
BRDA:122,305,0,0
BRDA:122,305,1,0
BRDA:123,306,0,0
BRDA:123,306,1,0
BRDA:123,307,0,0
BRDA:123,307,1,0
BRDA:124,308,0,0
BRDA:124,308,1,0
BRDA:126,309,0,0
BRDA:126,309,1,0
BRDA:126,310,0,0
BRDA:126,310,1,0
BRDA:127,311,0,0
BRDA:127,311,1,0
BRDA:128,312,0,0
BRDA:128,312,1,0
BRDA:129,313,0,0
BRDA:129,313,1,0
BRDA:129,314,0,0
BRDA:129,314,1,0
BRDA:129,315,0,0
BRDA:129,315,1,0
BRDA:129,316,0,0
BRDA:129,316,1,0
BRDA:129,317,0,0
BRDA:129,317,1,0
BRDA:129,318,0,0
BRDA:129,318,1,0
BRDA:129,319,0,0
BRDA:129,319,1,0
BRDA:129,320,0,0
BRDA:129,320,1,0
BRDA:130,321,0,0
BRDA:130,321,1,0
BRDA:130,322,0,0
BRDA:130,322,1,0
BRDA:130,323,0,0
BRDA:130,323,1,0
BRDA:131,324,0,1
BRDA:131,324,1,0
BRDA:131,325,0,0
BRDA:131,325,1,0
BRDA:131,326,0,0
BRDA:131,326,1,0
BRDA:131,327,0,1
BRDA:131,327,1,0
BRDA:131,328,0,0
BRDA:131,328,1,0
BRDA:136,329,0,0
BRDA:136,329,1,0
BRDA:136,330,0,0
BRDA:136,330,1,0
BRDA:138,331,0,0
BRDA:138,331,1,0
BRDA:138,332,0,0
BRDA:138,332,1,0
BRDA:138,333,0,0
BRDA:138,333,1,0
BRDA:141,334,0,0
BRDA:141,334,1,0
BRDA:142,335,0,0
BRDA:142,335,1,0
BRDA:142,336,0,0
BRDA:142,336,1,0
BRDA:142,337,0,0
BRDA:142,337,1,0
BRDA:142,338,0,0
BRDA:142,338,1,0
BRDA:142,339,0,0
BRDA:142,339,1,0
BRDA:142,340,0,0
BRDA:142,340,1,0
BRDA:142,341,0,0
BRDA:142,341,1,0
BRDA:142,342,0,0
BRDA:142,342,1,0
BRDA:142,343,0,0
BRDA:142,343,1,0
BRDA:142,344,0,0
BRDA:142,344,1,0
BRDA:142,345,0,0
BRDA:142,345,1,0
BRDA:142,346,0,0
BRDA:142,346,1,0
BRDA:142,347,0,0
BRDA:142,347,1,0
BRDA:142,348,0,0
BRDA:142,348,1,0
BRDA:142,348,2,0
BRDA:142,349,0,0
BRDA:142,349,1,0
BRDA:142,350,0,0
BRDA:142,350,1,0
BRDA:142,351,0,0
BRDA:142,351,1,0
BRDA:142,352,0,0
BRDA:142,352,1,0
BRDA:142,353,0,0
BRDA:142,353,1,0
BRDA:142,354,0,0
BRDA:142,354,1,0
BRDA:142,355,0,0
BRDA:142,355,1,0
BRDA:142,356,0,0
BRDA:142,356,1,0
BRDA:142,357,0,1
BRDA:142,357,1,0
BRDA:160,358,0,5
BRDA:160,358,1,0
BRDA:189,359,0,2
BRDA:189,359,1,2
BRDA:202,360,0,2
BRDA:202,360,1,0
BRDA:202,361,0,0
BRDA:202,361,1,2
BRDA:202,362,0,0
BRDA:202,362,1,2
BRDA:202,363,0,0
BRDA:202,363,1,0
BRDA:363,364,0,0
BRDA:363,364,1,2
BRDA:363,365,0,0
BRDA:363,365,1,2
BRDA:383,366,0,0
BRDA:383,366,1,0
BRDA:383,367,0,0
BRDA:383,367,1,0
BRDA:383,368,0,0
BRDA:383,368,1,0
BRDA:383,369,0,0
BRDA:383,369,1,0
BRDA:383,370,0,0
BRDA:383,370,1,0
BRDA:383,371,0,0
BRDA:383,371,1,0
BRDA:383,372,0,0
BRDA:383,372,1,0
BRDA:408,373,0,0
BRDA:408,373,1,0
BRDA:419,374,0,0
BRDA:419,374,1,0
BRDA:481,375,0,0
BRDA:481,375,1,0
BRDA:481,376,0,0
BRDA:481,376,1,0
BRDA:481,377,0,0
BRDA:481,377,1,0
BRDA:515,378,0,0
BRDA:515,378,1,0
BRDA:515,379,0,0
BRDA:515,379,1,0
BRDA:529,380,0,0
BRDA:529,380,1,0
BRDA:551,381,0,0
BRDA:551,381,1,0
BRDA:551,382,0,0
BRDA:551,382,1,0
BRDA:572,383,0,0
BRDA:572,383,1,0
BRDA:572,384,0,0
BRDA:572,384,1,0
BRDA:594,385,0,0
BRDA:594,385,1,0
BRDA:594,386,0,0
BRDA:594,386,1,0
BRDA:615,387,0,0
BRDA:615,387,1,0
BRDA:615,388,0,0
BRDA:615,388,1,0
BRDA:636,389,0,0
BRDA:636,389,1,0
BRDA:636,390,0,0
BRDA:636,390,1,0
BRDA:636,391,0,0
BRDA:636,391,1,0
BRDA:636,392,0,0
BRDA:636,392,1,0
BRDA:653,393,0,0
BRDA:653,393,1,0
BRDA:723,394,0,0
BRDA:723,394,1,0
BRDA:723,395,0,0
BRDA:723,395,1,0
BRDA:723,396,0,0
BRDA:723,396,1,0
BRDA:723,397,0,0
BRDA:723,397,1,0
BRDA:723,398,0,0
BRDA:723,398,1,0
BRDA:723,399,0,0
BRDA:723,399,1,0
BRDA:723,400,0,0
BRDA:723,400,1,0
BRDA:723,401,0,0
BRDA:723,401,1,0
BRDA:723,402,0,0
BRDA:723,402,1,0
BRDA:723,403,0,0
BRDA:723,403,1,0
BRDA:736,404,0,0
BRDA:736,404,1,0
BRDA:754,405,0,0
BRDA:754,405,1,0
BRDA:754,406,0,0
BRDA:754,406,1,0
BRDA:754,407,0,0
BRDA:754,407,1,0
BRDA:754,408,0,0
BRDA:754,408,1,0
BRDA:789,409,0,0
BRDA:789,409,1,0
BRDA:802,410,0,0
BRDA:802,410,1,0
BRDA:814,411,0,0
BRDA:814,411,1,0
BRDA:851,412,0,0
BRDA:851,412,1,0
BRDA:851,412,2,0
BRDA:851,413,0,0
BRDA:851,413,1,0
BRDA:851,414,0,0
BRDA:851,414,1,0
BRDA:851,415,0,0
BRDA:851,415,1,0
BRDA:851,416,0,0
BRDA:851,416,1,0
BRDA:851,417,0,0
BRDA:851,417,1,0
BRDA:852,418,0,0
BRDA:852,418,1,0
BRDA:853,419,0,0
BRDA:853,419,1,0
BRDA:853,420,0,0
BRDA:853,420,1,0
BRDA:853,421,0,0
BRDA:853,421,1,0
BRDA:853,422,0,0
BRDA:853,422,1,0
BRDA:854,423,0,0
BRDA:854,423,1,0
BRDA:854,424,0,0
BRDA:854,424,1,0
BRDA:854,425,0,0
BRDA:854,425,1,0
BRDA:855,426,0,0
BRDA:855,426,1,0
BRDA:856,427,0,0
BRDA:856,427,1,0
BRDA:891,428,0,0
BRDA:891,428,1,0
BRDA:891,429,0,0
BRDA:891,429,1,0
BRDA:891,430,0,0
BRDA:891,430,1,0
BRDA:891,431,0,0
BRDA:891,431,1,0
BRDA:891,431,2,0
BRDA:891,432,0,0
BRDA:891,432,1,0
BRDA:891,433,0,0
BRDA:891,433,1,0
BRDA:891,434,0,0
BRDA:891,434,1,0
BRDA:891,435,0,0
BRDA:891,435,1,0
BRDA:891,436,0,0
BRDA:891,436,1,0
BRDA:891,436,2,0
BRDA:891,437,0,0
BRDA:891,437,1,0
BRDA:892,438,0,0
BRDA:892,438,1,0
BRDA:892,439,0,0
BRDA:892,439,1,0
BRDA:892,440,0,0
BRDA:892,440,1,0
BRDA:893,441,0,0
BRDA:893,441,1,0
BRDA:893,442,0,0
BRDA:893,442,1,0
BRDA:893,443,0,0
BRDA:893,443,1,0
BRDA:894,444,0,0
BRDA:894,444,1,0
BRDA:894,445,0,0
BRDA:894,445,1,0
BRDA:894,446,0,0
BRDA:894,446,1,0
BRDA:894,447,0,0
BRDA:894,447,1,0
BRDA:894,447,2,0
BRDA:894,448,0,0
BRDA:894,448,1,0
BRDA:894,449,0,0
BRDA:894,449,1,0
BRDA:894,449,2,0
BRDA:894,450,0,0
BRDA:894,450,1,0
BRDA:894,451,0,0
BRDA:894,451,1,0
BRDA:895,452,0,0
BRDA:895,452,1,0
BRDA:895,453,0,0
BRDA:895,453,1,0
BRDA:895,454,0,0
BRDA:895,454,1,0
BRDA:916,455,0,0
BRDA:916,455,1,0
BRDA:916,456,0,0
BRDA:916,456,1,0
BRDA:916,457,0,0
BRDA:916,457,1,0
BRDA:944,458,0,0
BRDA:944,458,1,0
BRDA:944,459,0,0
BRDA:944,459,1,0
BRDA:958,460,0,0
BRDA:958,460,1,0
BRDA:958,461,0,0
BRDA:958,461,1,0
BRDA:958,462,0,0
BRDA:958,462,1,0
BRDA:958,463,0,0
BRDA:958,463,1,0
BRDA:979,464,0,0
BRDA:979,464,1,0
BRDA:979,465,0,0
BRDA:979,465,1,0
BRDA:979,466,0,0
BRDA:979,466,1,0
BRDA:979,467,0,0
BRDA:979,467,1,0
BRDA:999,468,0,0
BRDA:999,468,1,0
BRDA:1018,469,0,0
BRDA:1018,469,1,0
BRDA:1035,470,0,0
BRDA:1035,470,1,0
BRDA:1052,471,0,0
BRDA:1052,471,1,0
BRDA:1074,472,0,0
BRDA:1074,472,1,0
BRDA:1094,473,0,0
BRDA:1094,473,1,0
BRDA:1112,474,0,0
BRDA:1112,474,1,0
BRDA:1145,475,0,0
BRDA:1145,475,1,0
BRDA:1868,476,0,0
BRDA:1868,476,1,0
BRDA:1868,477,0,0
BRDA:1868,477,1,0
BRDA:1885,478,0,0
BRDA:1885,478,1,0
BRDA:1900,479,0,0
BRDA:1900,479,1,0
BRDA:1900,479,2,0
BRDA:1900,479,3,0
BRDA:1900,479,4,0
BRDA:1900,479,5,0
BRDA:1900,479,6,0
BRDA:1900,479,7,0
BRDA:1900,479,8,0
BRDA:2108,480,0,0
BRDA:2108,480,1,0
BRDA:2217,481,0,0
BRDA:2217,481,1,0
BRDA:2222,482,0,0
BRDA:2222,482,1,0
BRDA:2222,483,0,0
BRDA:2222,483,1,0
BRDA:2222,483,2,0
BRDA:2241,484,0,0
BRDA:2241,484,1,0
BRDA:2372,485,0,8
BRDA:2372,485,1,5
BRDA:2373,486,0,1
BRDA:2373,486,1,12
BRDA:2373,487,0,2
BRDA:2373,487,1,0
BRDA:2373,488,0,2
BRDA:2373,488,1,2
BRDA:2373,489,0,2
BRDA:2373,489,1,0
BRDA:2374,490,0,2
BRDA:2374,490,1,0
BRDA:2377,491,0,0
BRDA:2377,491,1,0
BRDA:2405,492,0,0
BRDA:2405,492,1,0
BRDA:2405,493,0,0
BRDA:2405,493,1,0
BRDA:2405,494,0,0
BRDA:2405,494,1,0
BRDA:2433,495,0,4
BRDA:2433,495,1,0
BRDA:2433,496,0,4
BRDA:2433,496,1,4
BRDA:2433,497,0,0
BRDA:2433,497,1,4
BRDA:2450,498,0,0
BRDA:2450,498,1,0
BRDA:2450,499,0,0
BRDA:2450,499,1,0
BRDA:2450,500,0,0
BRDA:2450,500,1,0
BRDA:2450,501,0,0
BRDA:2450,501,1,0
BRDA:2471,502,0,22
BRDA:2471,502,1,2
BRDA:2471,503,0,12
BRDA:2471,503,1,10
BRDA:2484,504,0,0
BRDA:2484,504,1,0
BRDA:2522,505,0,0
BRDA:2522,505,1,0
BRDA:2522,506,0,0
BRDA:2522,506,1,0
BRDA:2522,507,0,0
BRDA:2522,507,1,0
BRDA:2522,508,0,0
BRDA:2522,508,1,0
BRDA:2534,509,0,0
BRDA:2534,509,1,0
BRDA:2534,510,0,0
BRDA:2534,510,1,0
BRDA:2534,511,0,0
BRDA:2534,511,1,0
BRDA:2558,512,0,0
BRDA:2558,512,1,0
BRDA:2558,513,0,0
BRDA:2558,513,1,0
BRDA:2575,514,0,0
BRDA:2575,514,1,0
BRDA:2588,515,0,0
BRDA:2588,515,1,0
BRDA:2588,516,0,0
BRDA:2588,516,1,0
BRDA:2588,517,0,0
BRDA:2588,517,1,0
BRDA:2588,518,0,0
BRDA:2588,518,1,0
BRDA:2588,519,0,0
BRDA:2588,519,1,0
BRDA:2637,520,0,0
BRDA:2637,520,1,0
BRDA:2677,521,0,0
BRDA:2677,521,1,0
BRDA:2677,522,0,0
BRDA:2677,522,1,0
BRDA:2679,523,0,0
BRDA:2679,523,1,0
BRDA:2679,524,0,0
BRDA:2679,524,1,0
BRDA:2739,525,0,0
BRDA:2739,525,1,0
BRDA:2740,526,0,0
BRDA:2740,526,1,0
BRDA:2740,527,0,0
BRDA:2740,527,1,0
BRDA:2740,527,2,0
BRDA:2740,527,3,0
BRDA:2742,528,0,0
BRDA:2742,528,1,0
BRDA:2742,529,0,0
BRDA:2742,529,1,0
BRDA:2742,529,2,0
BRDA:2742,529,3,0
BRDA:2744,530,0,0
BRDA:2744,530,1,0
BRDA:2744,531,0,0
BRDA:2744,531,1,0
BRDA:2745,532,0,0
BRDA:2745,532,1,0
BRDA:2746,533,0,0
BRDA:2746,533,1,0
BRDA:2746,534,0,0
BRDA:2746,534,1,0
BRDA:2749,535,0,0
BRDA:2749,535,1,0
BRDA:2756,536,0,0
BRDA:2756,536,1,0
BRDA:2759,537,0,0
BRDA:2759,537,1,0
BRDA:2759,538,0,0
BRDA:2759,538,1,0
BRDA:2759,538,2,0
BRDA:2759,538,3,0
BRDA:2759,538,4,0
BRDA:2759,538,5,0
BRDA:2759,538,6,0
BRDA:2759,539,0,0
BRDA:2759,539,1,0
BRDA:2759,540,0,0
BRDA:2759,540,1,0
BRDA:2759,541,0,0
BRDA:2759,541,1,0
BRDA:2759,542,0,0
BRDA:2759,542,1,0
BRDA:2759,543,0,0
BRDA:2759,543,1,0
BRDA:2760,544,0,0
BRDA:2760,544,1,0
BRDA:2761,545,0,0
BRDA:2761,545,1,0
BRDA:2761,546,0,0
BRDA:2761,546,1,0
BRDA:2762,547,0,0
BRDA:2762,547,1,0
BRDA:2763,548,0,0
BRDA:2763,548,1,0
BRDA:2764,549,0,0
BRDA:2764,549,1,0
BRDA:2764,550,0,0
BRDA:2764,550,1,0
BRDA:2764,551,0,0
BRDA:2764,551,1,0
BRDA:2764,551,2,0
BRDA:2764,552,0,0
BRDA:2764,552,1,0
BRDA:2764,553,0,0
BRDA:2764,553,1,0
BRDA:2764,554,0,0
BRDA:2764,554,1,0
BRDA:2764,555,0,0
BRDA:2764,555,1,0
BRDA:2764,555,2,0
BRDA:2764,555,3,0
BRDA:2764,556,0,0
BRDA:2764,556,1,0
BRDA:2764,557,0,0
BRDA:2764,557,1,0
BRDA:2765,558,0,0
BRDA:2765,558,1,0
BRDA:2765,559,0,0
BRDA:2765,559,1,0
BRDA:2765,560,0,0
BRDA:2765,560,1,0
BRDA:2765,561,0,0
BRDA:2765,561,1,0
BRDA:2765,562,0,0
BRDA:2765,562,1,0
BRDA:2765,563,0,0
BRDA:2765,563,1,0
BRDA:2765,564,0,0
BRDA:2765,564,1,0
BRDA:2765,565,0,0
BRDA:2765,565,1,0
BRDA:2765,566,0,0
BRDA:2765,566,1,0
BRDA:2765,567,0,0
BRDA:2765,567,1,0
BRDA:2765,568,0,0
BRDA:2765,568,1,0
BRDA:2765,569,0,0
BRDA:2765,569,1,0
BRDA:2765,570,0,0
BRDA:2765,570,1,0
BRDA:2765,571,0,0
BRDA:2765,571,1,0
BRDA:2765,572,0,0
BRDA:2765,572,1,0
BRDA:2765,573,0,0
BRDA:2765,573,1,0
BRDA:2765,574,0,0
BRDA:2765,574,1,0
BRDA:2765,575,0,0
BRDA:2765,575,1,0
BRDA:2765,576,0,0
BRDA:2765,576,1,0
BRDA:2765,577,0,0
BRDA:2765,577,1,0
BRDA:2765,578,0,0
BRDA:2765,578,1,0
BRDA:2765,578,2,0
BRDA:2765,579,0,0
BRDA:2765,579,1,0
BRDA:2765,580,0,0
BRDA:2765,580,1,0
BRDA:2765,581,0,0
BRDA:2765,581,1,0
BRDA:2782,582,0,0
BRDA:2782,582,1,0
BRDA:2782,583,0,0
BRDA:2782,583,1,0
BRDA:2782,584,0,0
BRDA:2782,584,1,0
BRDA:2782,585,0,0
BRDA:2782,585,1,0
BRDA:2782,586,0,0
BRDA:2782,586,1,0
BRDA:2782,587,0,0
BRDA:2782,587,1,0
BRDA:2782,588,0,0
BRDA:2782,588,1,0
BRDA:2782,589,0,0
BRDA:2782,589,1,0
BRDA:2817,590,0,0
BRDA:2817,590,1,0
BRDA:2817,591,0,0
BRDA:2817,591,1,0
BRDA:2853,592,0,0
BRDA:2853,592,1,0
BRDA:2853,593,0,0
BRDA:2853,593,1,0
BRDA:2853,594,0,0
BRDA:2853,594,1,0
BRDA:2889,595,0,0
BRDA:2889,595,1,0
BRDA:2889,596,0,0
BRDA:2889,596,1,0
BRDA:2889,597,0,0
BRDA:2889,597,1,0
BRDA:2904,598,0,0
BRDA:2904,598,1,2
BRDA:2929,599,0,2
BRDA:2929,599,1,0
BRDA:2929,600,0,0
BRDA:2929,600,1,2
BRDA:2929,601,0,0
BRDA:2929,601,1,2
BRDA:2929,602,0,6
BRDA:2929,602,1,0
BRDA:2929,603,0,6
BRDA:2929,603,1,0
BRDA:2929,603,2,0
BRDA:2929,603,3,0
BRDA:2940,604,0,0
BRDA:2940,604,1,0
BRDA:2951,605,0,0
BRDA:2951,605,1,0
BRDA:2952,606,0,0
BRDA:2952,606,1,0
BRDA:2954,607,0,0
BRDA:2954,607,1,0
BRDA:2954,608,0,0
BRDA:2954,608,1,0
BRDA:2954,609,0,0
BRDA:2954,609,1,0
BRDA:2966,610,0,0
BRDA:2966,610,1,0
BRDA:2966,611,0,0
BRDA:2966,611,1,0
BRDA:2984,612,0,0
BRDA:2984,612,1,0
BRDA:2984,613,0,0
BRDA:2984,613,1,0
BRDA:2984,614,0,0
BRDA:2984,614,1,0
BRDA:2984,615,0,0
BRDA:2984,615,1,0
BRDA:2984,616,0,0
BRDA:2984,616,1,0
BRDA:2984,617,0,0
BRDA:2984,617,1,0
BRDA:2984,618,0,0
BRDA:2984,618,1,0
BRDA:2984,619,0,0
BRDA:2984,619,1,0
BRDA:2984,619,2,0
BRDA:2984,619,3,0
BRDA:2991,620,0,0
BRDA:2991,620,1,0
BRDA:2991,621,0,0
BRDA:2991,621,1,0
BRDA:2991,622,0,0
BRDA:2991,622,1,0
BRDA:3007,623,0,0
BRDA:3007,623,1,0
BRDA:3014,624,0,0
BRDA:3014,624,1,0
BRDA:3023,625,0,0
BRDA:3023,625,1,0
BRDA:3035,626,0,0
BRDA:3035,626,1,0
BRDA:3035,627,0,0
BRDA:3035,627,1,0
BRDA:3042,628,0,0
BRDA:3042,628,1,0
BRDA:3048,629,0,0
BRDA:3048,629,1,0
BRDA:3057,630,0,0
BRDA:3057,630,1,0
BRDA:3057,631,0,0
BRDA:3057,631,1,0
BRDA:3057,632,0,0
BRDA:3057,632,1,0
BRDA:3057,633,0,0
BRDA:3057,633,1,0
BRDA:3057,634,0,0
BRDA:3057,634,1,0
BRDA:3057,635,0,0
BRDA:3057,635,1,0
BRDA:3057,635,2,0
BRDA:3057,635,3,0
BRDA:3057,636,0,0
BRDA:3057,636,1,0
BRDA:3057,637,0,0
BRDA:3057,637,1,0
BRDA:3075,638,0,0
BRDA:3075,638,1,0
BRDA:3075,639,0,0
BRDA:3075,639,1,0
BRDA:3075,640,0,0
BRDA:3075,640,1,0
BRDA:3075,641,0,0
BRDA:3075,641,1,0
BRDA:3122,642,0,0
BRDA:3122,642,1,0
BRDA:3138,643,0,0
BRDA:3138,643,1,0
BRDA:3138,644,0,0
BRDA:3138,644,1,0
BRDA:3138,645,0,0
BRDA:3138,645,1,0
BRDA:3138,646,0,0
BRDA:3138,646,1,0
BRDA:3138,647,0,0
BRDA:3138,647,1,0
BRDA:3155,648,0,0
BRDA:3155,648,1,2
BRDA:3155,649,0,2
BRDA:3155,649,1,2
BRDA:3156,650,0,0
BRDA:3156,650,1,2
BRDA:3157,651,0,0
BRDA:3157,651,1,2
BRDA:3166,652,0,0
BRDA:3166,652,1,0
BRDA:3204,653,0,0
BRDA:3204,653,1,0
BRDA:3220,654,0,0
BRDA:3220,654,1,0
BRDA:3220,655,0,0
BRDA:3220,655,1,0
BRDA:3220,656,0,0
BRDA:3220,656,1,0
BRDA:3220,657,0,0
BRDA:3220,657,1,0
BRDA:3220,658,0,0
BRDA:3220,658,1,0
BRF:1409
BRH:182
end_of_record
